Log file open, 09/20/16 14:46:20
LogInit:Display: Running engine for game: HideVSeekSC
LogPlatformFile: Not using cached read wrapper
LogInit:Display: RandInit(-1520341329) SRandInit(-1520341328).
LogTaskGraph: Started task graph with 4 named threads and 7 total threads with 1 sets of task threads.
LogStats: Stats thread started at 0.069449
LogInit: Version: 4.12.5-3039270+++UE4+Release-4.12
LogInit: API Version: 2992821
LogInit: Net Version: 3039270
LogDevObjectVersion: Number of dev versions registered: 13
LogDevObjectVersion:   Dev-Blueprints (B0D832E4-1F89-4F0D-ACCF-7EB736FD4AA2): 3
LogDevObjectVersion:   Dev-Build (E1C64328-A22C-4D53-A36C-8E866417BD8C): 0
LogDevObjectVersion:   Dev-Core (375EC13C-06E4-48FB-B500-84F0262A717E): 1
LogDevObjectVersion:   Dev-Editor (E4B068ED-F494-42E9-A231-DA0B2E46BB41): 2
LogDevObjectVersion:   Dev-Framework (CFFC743F-43B0-4480-9391-14DF171D2073): 6
LogDevObjectVersion:   Dev-Mobile (B02B49B5-BB20-44E9-A304-32B752E40360): 0
LogDevObjectVersion:   Dev-Networking (A4E4105C-59A1-49B5-A7C5-40C4547EDFEE): 0
LogDevObjectVersion:   Dev-Online (39C831C9-5AE6-47DC-9A44-9C173E1C8E7C): 0
LogDevObjectVersion:   Dev-Physics (78F01B33-EBEA-4F98-B9B4-84EACCB95AA2): 0
LogDevObjectVersion:   Dev-Platform (6631380F-2D4D-43E0-8009-CF276956A95A): 0
LogDevObjectVersion:   Dev-Rendering (12F88B9F-8875-4AFC-A67C-D90C383ABD29): 2
LogDevObjectVersion:   Dev-Sequencer (7B5AE74C-D270-4C10-A958-57980B212A5A): 0
LogDevObjectVersion:   Dev-VR (D7296918-1DD6-4BDD-9DE2-64A83CC13884): 0
LogInit: Compiled (64-bit): Jul  6 2016 09:09:46
LogInit: Compiled with Visual C++: 19.00.23026.00
LogInit: Build Configuration: Development
LogInit: Branch Name: ++UE4+Release-4.12
LogInit: Command line:  
LogInit: Base directory: C:/Program Files/Epic Games/4.12/Engine/Binaries/Win64/
LogInit: Installed Engine Build: 1
LogInit: Using libcurl 7.41.0
LogInit:  - built for x86_64-pc-win32
LogInit:  - supports SSL with WinSSL
LogInit:  - other features:
LogInit:      CURL_VERSION_SSL
LogInit:      CURL_VERSION_IPV6
LogInit:      CURL_VERSION_ASYNCHDNS
LogInit:      CURL_VERSION_LARGEFILE
LogInit:      CURL_VERSION_IDN
LogInit:  CurlRequestOptions (configurable via config and command line):
LogInit:  - bVerifyPeer = true  - Libcurl will verify peer certificate
LogInit:  - bUseHttpProxy = false  - Libcurl will NOT use HTTP proxy
LogInit:  - bDontReuseConnections = false  - Libcurl will reuse connections
LogInit:  - CertBundlePath = nullptr  - Libcurl will use whatever was configured at build time.
LogInit: Presizing for max 8388607 objects, including 0 objects not considered by GC, pre-allocating 0 bytes for permanent pool.
LogInit: Object subsystem initialized
[2016.09.20-20.46.20:915][  0]LogInit: Selected Device Profile: [Windows]
[2016.09.20-20.46.20:915][  0]LogInit: Applying CVar settings loaded from the selected device profile: [Windows]
[2016.09.20-20.46.20:931][  0]LogInit: Computer: eae-d-041
[2016.09.20-20.46.20:931][  0]LogInit: User: u1002582
[2016.09.20-20.46.20:931][  0]LogInit: CPU Page size=65536, Cores=4
[2016.09.20-20.46.20:931][  0]LogInit: High frequency timer resolution =3.513589 MHz
[2016.09.20-20.46.20:932][  0]LogMemory: Memory total: Physical=31.9GB (32GB approx)
[2016.09.20-20.46.20:932][  0]LogMemory: Platform Memory Stats for Windows
[2016.09.20-20.46.20:932][  0]LogMemory: Process Physical Memory: 190.55 MB used, 190.55 MB peak
[2016.09.20-20.46.20:932][  0]LogMemory: Process Virtual Memory: 195.30 MB used, 195.30 MB peak
[2016.09.20-20.46.20:932][  0]LogMemory: Physical Memory: 9394.50 MB used, 32644.64 MB total
[2016.09.20-20.46.20:932][  0]LogMemory: Virtual Memory: 553.55 MB used, 134217728.00 MB total
[2016.09.20-20.46.21:045][  0]LogTextLocalizationManager: No specific translations for ('en-US') exist, so ('en') translations will be used.
[2016.09.20-20.46.21:404][  0]LogD3D11RHI: D3D11 adapters:
[2016.09.20-20.46.21:437][  0]LogD3D11RHI:    0. 'NVIDIA GeForce GTX 1070' (Feature Level 11_0)
[2016.09.20-20.46.21:437][  0]LogD3D11RHI:       8145/0/16322 MB DedicatedVideo/DedicatedSystem/SharedSystem, Outputs:2, VendorId:0x10de
[2016.09.20-20.46.21:442][  0]LogD3D11RHI:    1. 'Intel(R) HD Graphics 4600' (Feature Level 11_0)
[2016.09.20-20.46.21:442][  0]LogD3D11RHI:       112/0/2048 MB DedicatedVideo/DedicatedSystem/SharedSystem, Outputs:0, VendorId:0x8086
[2016.09.20-20.46.21:443][  0]LogD3D11RHI:    2. 'Microsoft Basic Render Driver' (Feature Level 11_0)
[2016.09.20-20.46.21:443][  0]LogD3D11RHI:       0/0/16322 MB DedicatedVideo/DedicatedSystem/SharedSystem, Outputs:0, VendorId:0x1414
[2016.09.20-20.46.21:443][  0]LogD3D11RHI: Chosen D3D11 Adapter: 0
[2016.09.20-20.46.21:449][  0]LogD3D11RHI: Creating new Direct3DDevice
[2016.09.20-20.46.21:449][  0]LogD3D11RHI:     GPU DeviceId: 0x1b81 (for the marketing name, search the web for "GPU Device Id")
[2016.09.20-20.46.21:449][  0]LogWindows: EnumDisplayDevices:
[2016.09.20-20.46.21:449][  0]LogWindows:    0. 'NVIDIA GeForce GTX 1070' (P:0 D:1)
[2016.09.20-20.46.21:449][  0]LogWindows:    1. 'NVIDIA GeForce GTX 1070' (P:1 D:1)
[2016.09.20-20.46.21:450][  0]LogWindows:    2. 'NVIDIA GeForce GTX 1070' (P:0 D:0)
[2016.09.20-20.46.21:450][  0]LogWindows:    3. 'NVIDIA GeForce GTX 1070' (P:0 D:0)
[2016.09.20-20.46.21:450][  0]LogWindows:    4. 'Intel(R) HD Graphics 4600' (P:0 D:0)
[2016.09.20-20.46.21:450][  0]LogWindows:    5. 'Intel(R) HD Graphics 4600' (P:0 D:0)
[2016.09.20-20.46.21:450][  0]LogWindows:    6. 'Intel(R) HD Graphics 4600' (P:0 D:0)
[2016.09.20-20.46.21:451][  0]LogWindows: DebugString: PrimaryIsNotTheChoosenAdapter PrimaryIsNotTheChoosenAdapter PrimaryIsNotTheChoosenAdapter FoundDriverCount:4 
[2016.09.20-20.46.21:451][  0]LogD3D11RHI:     Adapter Name: NVIDIA GeForce GTX 1070
[2016.09.20-20.46.21:451][  0]LogD3D11RHI:   Driver Version: 368.81 (internal:10.18.13.6881, unified:368.81)
[2016.09.20-20.46.21:451][  0]LogD3D11RHI:      Driver Date: 7-10-2016
[2016.09.20-20.46.21:451][  0]LogRHI: Texture pool is 1361 MB (70% of 1945 MB)
[2016.09.20-20.46.21:464][  0]LogD3D11RHI: Async texture creation enabled
[2016.09.20-20.46.21:474][  0]LogD3D11RHI: GPU Timing Frequency: 1000.000000 (Debug: 2 1)
[2016.09.20-20.46.21:474][  0]LogShaderCompilers: Guid format shader working directory is -6 characters bigger than the processId version (../../../../../../Users/u1002582/Documents/HideVSeekSC/Intermediate/Shaders/WorkingDirectory/16640/).
[2016.09.20-20.46.21:474][  0]LogShaderCompilers: Cleaned the shader compiler working directory 'C:/Users/u1002582/AppData/Local/Temp/UnrealShaderWorkingDir/C6144A704D24340769CC8D989EFB7CD7/'.
[2016.09.20-20.46.21:474][  0]LogShaderCompilers:Display: Using Local Shader Compiler.
[2016.09.20-20.46.22:255][  0]LogTemp:Display: Loaded TP AllDesktopTargetPlatform
[2016.09.20-20.46.22:262][  0]LogTemp:Display: Loaded TP WindowsClientTargetPlatform
[2016.09.20-20.46.22:269][  0]LogTemp:Display: Loaded TP WindowsNoEditorTargetPlatform
[2016.09.20-20.46.22:277][  0]LogTemp:Display: Loaded TP WindowsServerTargetPlatform
[2016.09.20-20.46.22:284][  0]LogTemp:Display: Loaded TP WindowsTargetPlatform
[2016.09.20-20.46.22:292][  0]LogTemp:Display: Loaded TP AndroidTargetPlatform
[2016.09.20-20.46.22:299][  0]LogTemp:Display: Loaded TP Android_ASTCTargetPlatform
[2016.09.20-20.46.22:305][  0]LogTemp:Display: Loaded TP Android_ATCTargetPlatform
[2016.09.20-20.46.22:310][  0]LogTemp:Display: Loaded TP Android_DXTTargetPlatform
[2016.09.20-20.46.22:316][  0]LogTemp:Display: Loaded TP Android_ETC1TargetPlatform
[2016.09.20-20.46.22:322][  0]LogTemp:Display: Loaded TP Android_ETC2TargetPlatform
[2016.09.20-20.46.22:334][  0]LogTemp:Display: Loaded TP Android_MultiTargetPlatform
[2016.09.20-20.46.22:334][  0]LogTemp:Display: Loaded TP Android_PVRTCTargetPlatform
[2016.09.20-20.46.22:335][  0]LogTemp:Display: Loaded TP HTML5TargetPlatform
[2016.09.20-20.46.22:356][  0]LogTemp:Display: Loaded TP IOSTargetPlatform
[2016.09.20-20.46.22:362][  0]LogTemp:Display: Loaded TP TVOSTargetPlatform
[2016.09.20-20.46.22:367][  0]LogTemp:Display: Loaded TP LinuxNoEditorTargetPlatform
[2016.09.20-20.46.22:373][  0]LogTemp:Display: Loaded TP LinuxServerTargetPlatform
[2016.09.20-20.46.22:382][  0]LogTemp:Display: Loaded TP LinuxTargetPlatform
[2016.09.20-20.46.22:382][  0]LogTargetPlatformManager:Display: Building Assets For Windows
[2016.09.20-20.46.22:461][  0]LogDerivedDataCache:Display: Max Cache Size: 512 MB
[2016.09.20-20.46.22:504][  0]LogDerivedDataCache: Loaded boot cache 0.04s 48MB C:/Users/u1002582/AppData/Local/UnrealEngine/4.12/DerivedDataCache/Boot.ddc.
[2016.09.20-20.46.22:504][  0]LogDerivedDataCache:Display: Loaded Boot cache: C:/Users/u1002582/AppData/Local/UnrealEngine/4.12/DerivedDataCache/Boot.ddc
[2016.09.20-20.46.22:504][  0]LogDerivedDataCache: FDerivedDataBackendGraph:  Pak pak cache file ../../../../../../Users/u1002582/Documents/HideVSeekSC/DerivedDataCache/DDC.ddp not found, will not use a pak cache.
[2016.09.20-20.46.22:504][  0]LogDerivedDataCache: Unable to find inner node Pak for hierarchical cache Hierarchy.
[2016.09.20-20.46.22:505][  0]LogDerivedDataCache: FDerivedDataBackendGraph:  CompressedPak pak cache file ../../../../../../Users/u1002582/Documents/HideVSeekSC/DerivedDataCache/Compressed.ddp not found, will not use a pak cache.
[2016.09.20-20.46.22:505][  0]LogDerivedDataCache: Unable to find inner node CompressedPak for hierarchical cache Hierarchy.
[2016.09.20-20.46.22:521][  0]LogDerivedDataCache:Display: Pak cache opened for reading ../../../Engine/DerivedDataCache/Compressed.ddp.
[2016.09.20-20.46.22:533][  0]LogDerivedDataCache: Using Local data cache path C:/Users/u1002582/AppData/Local/UnrealEngine/Common/DerivedDataCache: Writable
[2016.09.20-20.46.22:670][  0]LogInit: Selected Device Profile: [Windows]
[2016.09.20-20.46.22:670][  0]LogContentStreaming: Texture pool size is 0.00 MB
[2016.09.20-20.46.22:793][  0]LogMeshUtilities: No automatic mesh reduction module available
[2016.09.20-20.46.22:793][  0]LogMeshUtilities: No automatic mesh merging module available
[2016.09.20-20.46.22:793][  0]LogMeshUtilities: No distributed automatic mesh merging module available
[2016.09.20-20.46.22:999][  0]LogAssetRegistry: FAssetRegistry took 0.0221 seconds to start up
[2016.09.20-20.46.23:025][  0]LogPackageLocalizationCache: Processed 3 localized package path(s) for 2 prioritized culture(s) in 0.024202 seconds
[2016.09.20-20.46.23:030][  0]LogUObjectArray: 28739 objects as part of root set at end of initial load.
[2016.09.20-20.46.23:030][  0]LogUObjectAllocator: 5855624 out of 0 bytes used by permanent object pool.
[2016.09.20-20.46.23:030][  0]LogUObjectArray: CloseDisregardForGC: 0/0 objects in disregard for GC pool
[2016.09.20-20.46.23:035][  0]LogInit: WinSock: version 1.1 (2.2), MaxSocks=32767, MaxUdp=65467
[2016.09.20-20.46.23:199][  0]LogSlate: SlateFontCache - WITH_FREETYPE: 1, WITH_HARFBUZZ: 1
[2016.09.20-20.46.23:199][  0]LogSlate: SlateFontCache - WITH_FREETYPE: 1, WITH_HARFBUZZ: 1
[2016.09.20-20.46.24:346][  0]LogSubstanceCoreModule: Substance CPU Engine Loaded, Max Texture Size 2048
[2016.09.20-20.46.24:357][  0]LogUdpMessaging: Initializing bridge on interface 0.0.0.0:0 to multicast group 230.0.0.1:6666.
[2016.09.20-20.46.24:551][  0]SourceControl: Info Source control is disabled
[2016.09.20-20.46.24:582][  0]SourceControl: Info Source control is disabled
[2016.09.20-20.46.24:589][  0]SourceControl: Info Source control is disabled
[2016.09.20-20.46.24:597][  0]SourceControl: Info Source control is disabled
[2016.09.20-20.46.24:784][  0]LogEngine: Initializing Engine...
[2016.09.20-20.46.24:802][  0]LogHMD: SteamVR failed to initialize.  Err: 110
[2016.09.20-20.46.24:802][  0]LogHMD: SteamVR failed to initialize.  Err: 110
[2016.09.20-20.46.24:909][  0]LogAIModule: Creating AISystem for world NewWorld
[2016.09.20-20.46.24:923][  0]LogInit: XAudio2 using 'DELL UZ2315H-C (3- NVIDIA High Definition Audio)' : 2 channels at 48 kHz using 16 bits per sample (channel mask 0x3)
[2016.09.20-20.46.24:932][  0]LogInit: FAudioDevice initialized.
[2016.09.20-20.46.24:953][  0]LogDerivedDataCache: Saved boot cache 0.02s 48MB C:/Users/u1002582/AppData/Local/UnrealEngine/4.12/DerivedDataCache/Boot.ddc.
[2016.09.20-20.46.24:959][  0]LogInit: Texture streaming: Enabled
[2016.09.20-20.46.24:978][  0]LogInit: Transaction tracking system initialized
[2016.09.20-20.46.24:994][  0]BlueprintLog: New page: Editor Load
[2016.09.20-20.46.25:049][  0]LocalizationService: Info Localization service is disabled
[2016.09.20-20.46.25:102][  0]LogConsoleResponse:Display: 
[2016.09.20-20.46.25:265][  0]LogCook:Display: Max memory allowance for cook 8192mb
[2016.09.20-20.46.25:265][  0]LogCook:Display: Mobile HDR setting 1
[2016.09.20-20.46.25:356][  0]LogFileCache: Scanning file cache for directory 'C:/Users/u1002582/Documents/HideVSeekSC/Content/' took 0.02s
[2016.09.20-20.46.25:356][  0]SourceControl: Info Source control is disabled
[2016.09.20-20.46.25:356][  0]Cmd: MAP LOAD FILE="../../../../../../Users/u1002582/Documents/HideVSeekSC/Content/StarterContent/Maps/Minimal_Default.umap" TEMPLATE=0 SHOWPROGRESS=1 FEATURELEVEL=3
[2016.09.20-20.46.25:358][  0]LightingResults: New page: Lighting Build
[2016.09.20-20.46.25:361][  0]MapCheck: New page: Map Check
[2016.09.20-20.46.25:361][  0]LightingResults: New page: Lighting Build
[2016.09.20-20.46.25:628][  0]LogAIModule: Creating AISystem for world Minimal_Default
[2016.09.20-20.46.25:734][  0]LogEditorServer: Finished looking for orphan Actors (0.000 secs)
[2016.09.20-20.46.25:734][  0]Cmd: MAP CHECKDEP NOCLEARLOG
[2016.09.20-20.46.25:768][  0]MapCheck: Info Map check complete: 0 Error(s), 0 Warning(s), took 33.794ms to complete.
[2016.09.20-20.46.25:768][  0]LogFileHelpers: Loading map 'Minimal_Default' took 0.413
[2016.09.20-20.46.25:903][  0]LogCollectionManager: Loaded 0 collections in 0.001587 seconds
[2016.09.20-20.46.25:944][  0]LogFileCache: Scanning file cache for directory 'C:/Users/u1002582/Documents/HideVSeekSC/Saved/Collections/' took 0.01s
[2016.09.20-20.46.25:944][  0]LogFileCache: Scanning file cache for directory 'C:/Users/u1002582/Documents/HideVSeekSC/Content/Developers/u1002582/Collections/' took 0.01s
[2016.09.20-20.46.25:944][  0]LogFileCache: Scanning file cache for directory 'C:/Users/u1002582/Documents/HideVSeekSC/Content/Collections/' took 0.01s
[2016.09.20-20.46.25:944][  0]LogCollectionManager: Rebuilt the GUID cache for 0 collections in 0.000002 seconds
[2016.09.20-20.46.25:951][  0]LogContentBrowser: Native class hierarchy populated in 0.0070 seconds. Added 2062 classes and 375 folders.
[2016.09.20-20.46.25:954][  0]LogStats: UGameplayTagsManager::ConstructGameplayTagTree: Construct from data asset -  0.000 s
[2016.09.20-20.46.25:954][  0]LogStats: UGameplayTagsManager::ConstructGameplayTagTree: GameplayTagTreeChangedEvent.Broadcast -  0.000 s
[2016.09.20-20.46.25:955][  0]LogContentBrowser: Native class hierarchy updated for 'GameplayTags' in 0.0003 seconds. Added 12 classes and 0 folders.
[2016.09.20-20.46.25:958][  0]LogContentBrowser: Native class hierarchy updated for 'WidgetCarousel' in 0.0004 seconds. Added 0 classes and 0 folders.
[2016.09.20-20.46.26:132][  0]LogContentBrowser: Native class hierarchy updated for 'AddContentDialog' in 0.0006 seconds. Added 0 classes and 0 folders.
[2016.09.20-20.46.26:139][  0]LogContentBrowser: Native class hierarchy updated for 'SceneOutliner' in 0.0004 seconds. Added 1 classes and 2 folders.
[2016.09.20-20.46.26:151][  0]LogCrashTracker: Crashtracker disabled due to settings.
[2016.09.20-20.46.26:157][  0]LogUObjectGlobals:Warning: Failed to find object 'Class None.'
[2016.09.20-20.46.26:184][  0]LogContentBrowser: Native class hierarchy updated for 'HierarchicalLODOutliner' in 0.0006 seconds. Added 1 classes and 2 folders.
[2016.09.20-20.46.26:184][  0]LogLoad: Full Startup: 6.44 seconds (BP compile: 0.04 seconds)
[2016.09.20-20.46.26:184][  0]LogExternalProfiler: Found external profiler: VSPerf
[2016.09.20-20.46.26:184][  0]LogExternalProfiler: Using external profiler: VSPerf
[2016.09.20-20.46.26:194][  0]LogOcInput: OculusInput pre-init called
[2016.09.20-20.46.26:212][  0]LogContentStreaming: Texture pool size now 1000 MB
[2016.09.20-20.46.26:440][  0]LogRenderer: Reallocating scene render targets to support 1208x576 (Frame:2).
[2016.09.20-20.46.26:556][  2]LogAssetRegistry: Asset discovery search completed in 3.5791 seconds
[2016.09.20-20.46.26:556][  2]LogCollectionManager: Rebuilt the object cache for 0 collections in 0.000001 seconds (found 0 objects)
[2016.09.20-20.46.26:556][  2]LogCollectionManager: Fixed up redirectors for 0 collections in 0.000028 seconds (updated 0 objects)
[2016.09.20-20.46.43:373][911]LogBlueprint:Warning: Compiler Warning  Cast to Player Controller  is deprecated; Use standard Cast To node instead.
[2016.09.20-20.46.43:373][911]LogBlueprint:Warning: Compiler Warning  Cast to Player Controller  is deprecated; Use standard Cast To node instead.
[2016.09.20-20.46.43:375][911]LogBlueprint:Warning: Compiler Warning [0023.63] Compile of Player_Selection successful, but with 2 Warning(s) [in 4 ms] (/Game/UI/Player_Selection.Player_Selection)
[2016.09.20-20.46.43:375][911]LogBlueprint:Warning: Compiler Warning [0023.63] Compile of Player_Selection successful, but with 3 Warning(s) [in 0 ms] (/Game/UI/Player_Selection.Player_Selection)
[2016.09.20-20.46.43:375][911]LogBlueprint:Warning: Compiler Warning [0023.63] Compile of Player_Selection successful, but with 4 Warning(s) [in 0 ms] (/Game/UI/Player_Selection.Player_Selection)
[2016.09.20-20.46.45:085][911]LogBlueprint:Warning: Compiler Warning  Cast to Player Controller  is deprecated; Use standard Cast To node instead.
[2016.09.20-20.46.45:085][911]LogBlueprint:Warning: Compiler Warning  Cast to Player Controller  is deprecated; Use standard Cast To node instead.
[2016.09.20-20.46.45:087][911]LogBlueprint:Warning: Compiler Warning [0025.34] Compile of Player_Selection successful, but with 2 Warning(s) [in 4 ms] (/Game/UI/Player_Selection.Player_Selection)
[2016.09.20-20.46.45:087][911]LogBlueprint:Warning: Compiler Warning [0025.34] Compile of Player_Selection successful, but with 3 Warning(s) [in 0 ms] (/Game/UI/Player_Selection.Player_Selection)
[2016.09.20-20.46.45:088][911]LogBlueprint:Warning: Compiler Warning [0025.34] Compile of Player_Selection successful, but with 4 Warning(s) [in 0 ms] (/Game/UI/Player_Selection.Player_Selection)
[2016.09.20-20.46.46:839][911]LogAIModule: Creating AISystem for world Main_Level_Ray11
[2016.09.20-20.46.47:000][911]Cmd: MAP LOAD FILE="../../../../../../Users/u1002582/Documents/HideVSeekSC/Content/Levels/Ray/Main_Level_Ray11.umap" TEMPLATE=0 SHOWPROGRESS=1 FEATURELEVEL=3
[2016.09.20-20.46.47:000][911]LightingResults: New page: Lighting Build
[2016.09.20-20.46.47:000][911]LoadErrors: New page: Loading map: Main_Level_Ray11.umap
[2016.09.20-20.46.47:001][911]MapCheck: New page: Map Check
[2016.09.20-20.46.47:001][911]LightingResults: New page: Lighting Build
[2016.09.20-20.46.47:034][911]LogEditorServer: Finished looking for orphan Actors (0.000 secs)
[2016.09.20-20.46.47:056][911]Cmd: MAP CHECKDEP NOCLEARLOG
[2016.09.20-20.46.47:129][911]MapCheck: Info Map check complete: 0 Error(s), 0 Warning(s), took 72.855ms to complete.
[2016.09.20-20.46.47:130][911]LogFileHelpers: Loading map 'Main_Level_Ray11' took 0.131
[2016.09.20-20.46.49:010][123]LogBlueprintUserMessages: Early PlayInEditor Detection: Level '/Game/Levels/Ray/Main_Level_Ray11.Main_Level_Ray11:PersistentLevel' has LevelScriptBlueprint '/Game/Levels/Ray/Main_Level_Ray11.Main_Level_Ray11:PersistentLevel.Main_Level_Ray11' with GeneratedClass '/Game/Levels/Ray/Main_Level_Ray11.Main_Level_Ray11_C' with ClassGeneratedBy '/Game/Levels/Ray/Main_Level_Ray11.Main_Level_Ray11:PersistentLevel.Main_Level_Ray11'
[2016.09.20-20.46.49:010][123]LogPlayLevel: PlayLevel: No blueprints needed recompiling
[2016.09.20-20.46.49:010][123]PIE: New page: PIE session: Main_Level_Ray11 (Sep 20, 2016, 7:46:49 AM)
[2016.09.20-20.46.49:011][123]LogPlayLevel: Creating play world package: /Game/Levels/Ray/UEDPIE_0_Main_Level_Ray11
[2016.09.20-20.46.49:020][123]LogPlayLevel: PIE: StaticDuplicateObject took: (0.009206s)
[2016.09.20-20.46.49:020][123]LogAIModule: Creating AISystem for world Main_Level_Ray11
[2016.09.20-20.46.49:020][123]LogPlayLevel: PIE: World Init took: (0.000607s)
[2016.09.20-20.46.49:021][123]LogPlayLevel: PIE: Created PIE world by copying editor world from /Game/Levels/Ray/Main_Level_Ray11.Main_Level_Ray11 to /Game/Levels/Ray/UEDPIE_0_Main_Level_Ray11.Main_Level_Ray11 (0.010159s)
[2016.09.20-20.46.49:049][123]LogInit: XAudio2 using 'DELL UZ2315H-C (3- NVIDIA High Definition Audio)' : 2 channels at 48 kHz using 16 bits per sample (channel mask 0x3)
[2016.09.20-20.46.49:053][123]LogInit: FAudioDevice initialized.
[2016.09.20-20.46.49:112][123]LogWorld: Game class is 'CaptureThePoint_C'
[2016.09.20-20.46.49:123][123]LogWorld: Bringing World /Game/Levels/Ray/UEDPIE_0_Main_Level_Ray11.Main_Level_Ray11 up for play (max tick rate 0) at 2016.09.20-14.46.49
[2016.09.20-20.46.49:123][123]LogWorld: Bringing up level for play took: 0.009830
[2016.09.20-20.46.49:127][123]LogContentBrowser: Native class hierarchy updated for 'MovieSceneCapture' in 0.0004 seconds. Added 11 classes and 0 folders.
[2016.09.20-20.46.49:129][123]PIE: Info Play in editor start time for /Game/Levels/Ray/UEDPIE_0_Main_Level_Ray11 -0.68
[2016.09.20-20.46.49:129][123]LogBlueprintUserMessages: Late PlayInEditor Detection: Level '/Game/Levels/Ray/Main_Level_Ray11.Main_Level_Ray11:PersistentLevel' has LevelScriptBlueprint '/Game/Levels/Ray/Main_Level_Ray11.Main_Level_Ray11:PersistentLevel.Main_Level_Ray11' with GeneratedClass '/Game/Levels/Ray/Main_Level_Ray11.Main_Level_Ray11_C' with ClassGeneratedBy '/Game/Levels/Ray/Main_Level_Ray11.Main_Level_Ray11:PersistentLevel.Main_Level_Ray11'
[2016.09.20-20.48.49:796][594]LogBlueprintUserMessages: Early EndPlayMap Detection: Level '/Game/Levels/Ray/Main_Level_Ray11.Main_Level_Ray11:PersistentLevel' has LevelScriptBlueprint '/Game/Levels/Ray/Main_Level_Ray11.Main_Level_Ray11:PersistentLevel.Main_Level_Ray11' with GeneratedClass '/Game/Levels/Ray/Main_Level_Ray11.Main_Level_Ray11_C' with ClassGeneratedBy '/Game/Levels/Ray/Main_Level_Ray11.Main_Level_Ray11:PersistentLevel.Main_Level_Ray11'
[2016.09.20-20.48.49:827][594]LogBlueprintUserMessages: Late EndPlayMap Detection: Level '/Game/Levels/Ray/Main_Level_Ray11.Main_Level_Ray11:PersistentLevel' has LevelScriptBlueprint '/Game/Levels/Ray/Main_Level_Ray11.Main_Level_Ray11:PersistentLevel.Main_Level_Ray11' with GeneratedClass '/Game/Levels/Ray/Main_Level_Ray11.Main_Level_Ray11_C' with ClassGeneratedBy '/Game/Levels/Ray/Main_Level_Ray11.Main_Level_Ray11:PersistentLevel.Main_Level_Ray11'
[2016.09.20-20.49.03:420][201]LogActorFactory: Actor Factory created Barrel
[2016.09.20-20.49.03:854][252]LogActorFactory: Actor Factory created Barrel
[2016.09.20-20.49.05:546][436]LogRenderer: Reallocating scene render targets to support 1392x924 (Frame:18866).
[2016.09.20-20.53.31:994][ 69]LogSavePackage: Save=123.93ms
[2016.09.20-20.53.31:994][ 69]LogSavePackage: Moving '../../../../../../Users/u1002582/Documents/HideVSeekSC/Saved/Main_Level_Ray11F0A1E47C4D881B8FDB90DEA83D81258A.tmp' to '../../../../../../Users/u1002582/Documents/HideVSeekSC/Content/Levels/Ray/Main_Level_Ray11.umap'
[2016.09.20-20.53.31:999][ 69]LogSavePackage:Display: Finished SavePackage ../../../../../../Users/u1002582/Documents/HideVSeekSC/Content/Levels/Ray/Main_Level_Ray11.umap
[2016.09.20-20.53.32:026][ 69]LogFileHelpers: Saving map 'Main_Level_Ray11' took 0.255
[2016.09.20-20.53.32:063][ 69]Cmd: OBJ SAVEPACKAGE PACKAGE="/Game/Geometry/FinalArt/Barrel/Mat_Barrel" FILE="../../../../../../Users/u1002582/Documents/HideVSeekSC/Content/Geometry/FinalArt/Barrel/Mat_Barrel.uasset" SILENT=true
[2016.09.20-20.53.32:087][ 69]LogSavePackage: Save=12.63ms
[2016.09.20-20.53.32:087][ 69]LogSavePackage: Moving '../../../../../../Users/u1002582/Documents/HideVSeekSC/Saved/Mat_Barrel6FB4428B4965F8447F54B285DC4AE269.tmp' to '../../../../../../Users/u1002582/Documents/HideVSeekSC/Content/Geometry/FinalArt/Barrel/Mat_Barrel.uasset'
[2016.09.20-20.53.32:090][ 69]LogSavePackage:Display: Finished SavePackage ../../../../../../Users/u1002582/Documents/HideVSeekSC/Content/Geometry/FinalArt/Barrel/Mat_Barrel.uasset
[2016.09.20-20.53.39:891][980]LogEditorViewport: Clicking on Actor (LMB): StaticMeshActor (Barrel)
[2016.09.20-20.53.40:298][ 28]Cmd: DELETE
[2016.09.20-20.53.40:298][ 28]Cmd: ACTOR DELETE
[2016.09.20-20.53.40:300][ 28]LogEditorActor: Deleted Actor: StaticMeshActor
[2016.09.20-20.53.40:314][ 28]LogEditorActor: Deleted 1 Actors (0.016 secs)
[2016.09.20-20.53.52:259][453]LogActorFactory: Actor Factory created CoatRack
[2016.09.20-20.53.52:699][505]LogActorFactory: Actor Factory created CoatRack
[2016.09.20-20.54.08:199][235]LogEditorViewport: Clicking on Actor (LMB): StaticMeshActor (CoatRack)
[2016.09.20-20.54.08:667][290]Cmd: DELETE
[2016.09.20-20.54.08:667][290]Cmd: ACTOR DELETE
[2016.09.20-20.54.08:669][290]LogEditorActor: Deleted Actor: StaticMeshActor
[2016.09.20-20.54.08:682][290]LogEditorActor: Deleted 1 Actors (0.015 secs)
[2016.09.20-20.54.16:814][262]LogActorFactory: Actor Factory created Cowboy_boots1
[2016.09.20-20.54.17:522][346]LogActorFactory: Actor Factory created Cowboy_boots1
[2016.09.20-20.54.18:854][503]Cmd: DELETE
[2016.09.20-20.54.18:854][503]Cmd: ACTOR DELETE
[2016.09.20-20.54.18:855][503]LogEditorActor: Deleted Actor: StaticMeshActor
[2016.09.20-20.54.18:867][503]LogEditorActor: Deleted 1 Actors (0.014 secs)
[2016.09.20-20.54.24:603][188]LogActorFactory: Actor Factory created Foyer_Table
[2016.09.20-20.54.24:927][226]LogActorFactory: Actor Factory created Foyer_Table
[2016.09.20-20.55.13:197][403]LogEditorViewport: Clicking on Actor (LMB): StaticMeshActor (Foyer_Table)
[2016.09.20-20.55.16:037][743]Cmd: TRANSACTION UNDO
[2016.09.20-20.55.16:037][743]LogEditorTransaction: Undo Clicking on Actors
[2016.09.20-20.55.16:991][854]Cmd: TRANSACTION UNDO
[2016.09.20-20.55.16:991][854]LogEditorTransaction: Undo Edit Metallic
[2016.09.20-20.55.16:994][854]LogMaterial: 0.00 seconds spent updating 1 materials, 1 interfaces, 0 instances, 0 with static permutations.
[2016.09.20-20.55.18:601][ 45]LogEditorViewport: Clicking on Actor (LMB): StaticMeshActor (Foyer_Table)
[2016.09.20-20.55.19:525][155]Cmd: DELETE
[2016.09.20-20.55.19:525][155]Cmd: ACTOR DELETE
[2016.09.20-20.55.19:526][155]LogEditorActor: Deleted Actor: StaticMeshActor
[2016.09.20-20.55.19:540][155]LogEditorActor: Deleted 1 Actors (0.015 secs)
[2016.09.20-20.56.05:238][526]LogActorFactory: Actor Factory created Prop_Speaker__3_
[2016.09.20-20.56.06:008][616]LogActorFactory: Actor Factory created Prop_Speaker__3_
[2016.09.20-20.56.20:624][246]LogEditorViewport: Clicking on Actor (LMB): StaticMeshActor (HouseBuild002)
[2016.09.20-20.57.23:495][402]Cmd: CAMERA ALIGN ACTIVEVIEWPORTONLY
[2016.09.20-20.57.35:197][729]Cmd: CAMERA ALIGN ACTIVEVIEWPORTONLY
[2016.09.20-20.58.12:843][ 60]LogEditorViewport: Clicking on Actor (LMB): StaticMeshActor (HouseBuild002)
[2016.09.20-20.58.29:052][970]LogEditorViewport: Clicking on Actor (LMB): StaticMeshActor (Prop_Speaker__3_)
[2016.09.20-20.58.39:300][187]Cmd: DELETE
[2016.09.20-20.58.39:300][187]Cmd: ACTOR DELETE
[2016.09.20-20.58.39:301][187]LogEditorActor: Deleted Actor: StaticMeshActor
[2016.09.20-20.58.39:314][187]LogEditorActor: Deleted 1 Actors (0.015 secs)
[2016.09.20-20.58.40:786][334]LogSavePackage: Save=122.35ms
[2016.09.20-20.58.40:786][334]LogSavePackage: Moving '../../../../../../Users/u1002582/Documents/HideVSeekSC/Saved/Main_Level_Ray112CEDD8964A34771CA42E0EA743D67A02.tmp' to '../../../../../../Users/u1002582/Documents/HideVSeekSC/Content/Levels/Ray/Main_Level_Ray11.umap'
[2016.09.20-20.58.40:791][334]LogSavePackage:Display: Finished SavePackage ../../../../../../Users/u1002582/Documents/HideVSeekSC/Content/Levels/Ray/Main_Level_Ray11.umap
[2016.09.20-20.58.40:817][334]LogFileHelpers: Saving map 'Main_Level_Ray11' took 0.254
[2016.09.20-20.58.40:844][334]Cmd: OBJ SAVEPACKAGE PACKAGE="/Game/Geometry/FinalArt/Speaker/Mat_Speaker" FILE="../../../../../../Users/u1002582/Documents/HideVSeekSC/Content/Geometry/FinalArt/Speaker/Mat_Speaker.uasset" SILENT=true
[2016.09.20-20.58.40:869][334]LogSavePackage: Save=12.60ms
[2016.09.20-20.58.40:869][334]LogSavePackage: Moving '../../../../../../Users/u1002582/Documents/HideVSeekSC/Saved/Mat_SpeakerDF895E4B4163DBC8D68F4D88920C3E55.tmp' to '../../../../../../Users/u1002582/Documents/HideVSeekSC/Content/Geometry/FinalArt/Speaker/Mat_Speaker.uasset'
[2016.09.20-20.58.40:871][334]LogSavePackage:Display: Finished SavePackage ../../../../../../Users/u1002582/Documents/HideVSeekSC/Content/Geometry/FinalArt/Speaker/Mat_Speaker.uasset
[2016.09.20-20.58.40:925][334]LogSavePackage: Save=12.75ms
[2016.09.20-20.58.40:925][334]LogSavePackage: Moving '../../../../../../Users/u1002582/Documents/HideVSeekSC/Saved/Mat_CoatRack9D96D9374B84896BE4F8E4BD3EB8799F.tmp' to '../../../../../../Users/u1002582/Documents/HideVSeekSC/Content/Geometry/FinalArt/CoatRack/Mat_CoatRack.uasset'
[2016.09.20-20.58.40:927][334]LogSavePackage:Display: Finished SavePackage ../../../../../../Users/u1002582/Documents/HideVSeekSC/Content/Geometry/FinalArt/CoatRack/Mat_CoatRack.uasset
[2016.09.20-20.58.40:986][334]LogSavePackage: Save=12.76ms
[2016.09.20-20.58.40:986][334]LogSavePackage: Moving '../../../../../../Users/u1002582/Documents/HideVSeekSC/Saved/Mat_FoyerTable7679A2994636F08F13B33E8D8F76CF17.tmp' to '../../../../../../Users/u1002582/Documents/HideVSeekSC/Content/Geometry/FinalArt/FoyerTable/Mat_FoyerTable.uasset'
[2016.09.20-20.58.40:988][334]LogSavePackage:Display: Finished SavePackage ../../../../../../Users/u1002582/Documents/HideVSeekSC/Content/Geometry/FinalArt/FoyerTable/Mat_FoyerTable.uasset
[2016.09.20-20.58.47:576][ 94]LogActorFactory: Actor Factory created Study_Table
[2016.09.20-20.58.47:922][134]LogActorFactory: Actor Factory created Study_Table
[2016.09.20-20.58.48:554][207]LogEditorViewport: Clicking on Actor (LMB): StaticMeshActor (HouseBuild002)
[2016.09.20-20.59.28:960][800]LogSavePackage: Save=126.43ms
[2016.09.20-20.59.28:960][800]LogSavePackage: Moving '../../../../../../Users/u1002582/Documents/HideVSeekSC/Saved/Main_Level_Ray11FB6E66C245B8DBBCD64DE9A4DB9A6A75.tmp' to '../../../../../../Users/u1002582/Documents/HideVSeekSC/Content/Levels/Ray/Main_Level_Ray11.umap'
[2016.09.20-20.59.28:963][800]LogSavePackage:Display: Finished SavePackage ../../../../../../Users/u1002582/Documents/HideVSeekSC/Content/Levels/Ray/Main_Level_Ray11.umap
[2016.09.20-20.59.28:985][800]LogFileHelpers: Saving map 'Main_Level_Ray11' took 0.250
[2016.09.20-20.59.29:042][800]LogSavePackage: Save=12.77ms
[2016.09.20-20.59.29:042][800]LogSavePackage: Moving '../../../../../../Users/u1002582/Documents/HideVSeekSC/Saved/Mat_StudyTableTop4397978043BCFD2224F1A89CDA1D7498.tmp' to '../../../../../../Users/u1002582/Documents/HideVSeekSC/Content/Geometry/FinalArt/StudyTable/Mat_StudyTableTop.uasset'
[2016.09.20-20.59.29:044][800]LogSavePackage:Display: Finished SavePackage ../../../../../../Users/u1002582/Documents/HideVSeekSC/Content/Geometry/FinalArt/StudyTable/Mat_StudyTableTop.uasset
[2016.09.20-21.00.32:718][951]LogSavePackage: Save=14.72ms
[2016.09.20-21.00.32:718][951]LogSavePackage: Moving '../../../../../../Users/u1002582/Documents/HideVSeekSC/Saved/Mat_StudyTableBottom7073864C4E7AD5F5C839BE97B89E5A08.tmp' to '../../../../../../Users/u1002582/Documents/HideVSeekSC/Content/Geometry/FinalArt/StudyTable/Mat_StudyTableBottom.uasset'
[2016.09.20-21.00.32:720][951]LogSavePackage:Display: Finished SavePackage ../../../../../../Users/u1002582/Documents/HideVSeekSC/Content/Geometry/FinalArt/StudyTable/Mat_StudyTableBottom.uasset
[2016.09.20-21.00.55:800][506]LogSavePackage: Save=12.22ms
[2016.09.20-21.00.55:800][506]LogSavePackage: Moving '../../../../../../Users/u1002582/Documents/HideVSeekSC/Saved/Mat_StudyTableBottom0EB7F4AD4C4B0A3D39D1989670E95EF2.tmp' to '../../../../../../Users/u1002582/Documents/HideVSeekSC/Content/Geometry/FinalArt/StudyTable/Mat_StudyTableBottom.uasset'
[2016.09.20-21.00.55:803][506]LogSavePackage:Display: Finished SavePackage ../../../../../../Users/u1002582/Documents/HideVSeekSC/Content/Geometry/FinalArt/StudyTable/Mat_StudyTableBottom.uasset
[2016.09.20-21.00.56:625][603]LogEditorViewport: Clicking on Actor (LMB): StaticMeshActor (Study_Table)
[2016.09.20-21.00.57:293][678]Cmd: DELETE
[2016.09.20-21.00.57:293][678]Cmd: ACTOR DELETE
[2016.09.20-21.00.57:294][678]LogEditorActor: Deleted Actor: StaticMeshActor
[2016.09.20-21.00.57:307][678]LogEditorActor: Deleted 1 Actors (0.014 secs)
[2016.09.20-21.01.08:019][941]LogActorFactory: Actor Factory created vase_med_NOplants_01
[2016.09.20-21.01.08:863][ 39]LogActorFactory: Actor Factory created vase_med_NOplants_01
[2016.09.20-21.01.10:460][227]Cmd: DELETE
[2016.09.20-21.01.10:460][227]Cmd: ACTOR DELETE
[2016.09.20-21.01.10:461][227]LogEditorActor: Deleted Actor: StaticMeshActor
[2016.09.20-21.01.10:474][227]LogEditorActor: Deleted 1 Actors (0.014 secs)
[2016.09.20-21.01.11:129][303]LogActorFactory: Actor Factory created vase_floating_plants_01
[2016.09.20-21.01.11:407][335]LogActorFactory: Actor Factory created vase_floating_plants_01
[2016.09.20-21.01.36:107][983]Cmd: TRANSACTION UNDO
[2016.09.20-21.01.36:107][983]LogEditorTransaction: Undo Edit Metallic
[2016.09.20-21.01.36:109][983]LogMaterial: 0.00 seconds spent updating 1 materials, 1 interfaces, 0 instances, 0 with static permutations.
[2016.09.20-21.01.38:334][248]Cmd: TRANSACTION UNDO
[2016.09.20-21.01.38:334][248]LogEditorTransaction: Undo Edit Metallic
[2016.09.20-21.01.38:336][248]LogMaterial: 0.00 seconds spent updating 1 materials, 1 interfaces, 0 instances, 0 with static permutations.
[2016.09.20-21.01.41:092][575]LogEditorViewport: Clicking on Actor (LMB): StaticMeshActor (vase_floating_plants_01)
[2016.09.20-21.01.42:624][758]Cmd: DELETE
[2016.09.20-21.01.42:624][758]Cmd: ACTOR DELETE
[2016.09.20-21.01.42:625][758]LogEditorActor: Deleted Actor: StaticMeshActor
[2016.09.20-21.01.42:640][758]LogEditorActor: Deleted 1 Actors (0.016 secs)
[2016.09.20-21.01.43:888][879]LogSavePackage: Save=124.42ms
[2016.09.20-21.01.43:888][879]LogSavePackage: Moving '../../../../../../Users/u1002582/Documents/HideVSeekSC/Saved/Main_Level_Ray11E25177DD402B85B47DE636BA4B8D3925.tmp' to '../../../../../../Users/u1002582/Documents/HideVSeekSC/Content/Levels/Ray/Main_Level_Ray11.umap'
[2016.09.20-21.01.43:890][879]LogSavePackage:Display: Finished SavePackage ../../../../../../Users/u1002582/Documents/HideVSeekSC/Content/Levels/Ray/Main_Level_Ray11.umap
[2016.09.20-21.01.43:912][879]LogFileHelpers: Saving map 'Main_Level_Ray11' took 0.243
[2016.09.20-21.01.43:941][879]Cmd: OBJ SAVEPACKAGE PACKAGE="/Game/Geometry/FinalArt/Vases/Mat_Vases" FILE="../../../../../../Users/u1002582/Documents/HideVSeekSC/Content/Geometry/FinalArt/Vases/Mat_Vases.uasset" SILENT=true
[2016.09.20-21.01.43:965][879]LogSavePackage: Save=12.47ms
[2016.09.20-21.01.43:965][879]LogSavePackage: Moving '../../../../../../Users/u1002582/Documents/HideVSeekSC/Saved/Mat_Vases3A07AD9342DB6E2CB42D759BC8C377E1.tmp' to '../../../../../../Users/u1002582/Documents/HideVSeekSC/Content/Geometry/FinalArt/Vases/Mat_Vases.uasset'
[2016.09.20-21.01.43:968][879]LogSavePackage:Display: Finished SavePackage ../../../../../../Users/u1002582/Documents/HideVSeekSC/Content/Geometry/FinalArt/Vases/Mat_Vases.uasset
[2016.09.20-21.02.12:408][263]LogActorFactory: Actor Factory created End_Table_and_Items
[2016.09.20-21.02.12:806][310]LogActorFactory: Actor Factory created End_Table_and_Items
[2016.09.20-21.02.13:628][406]LogEditorViewport: Clicking on Actor (context menu): StaticMeshActor (HouseBuild002)
[2016.09.20-21.02.14:327][483]LogEditorViewport: Clicking on Actor (LMB): StaticMeshActor (HouseBuild002)
[2016.09.20-21.02.57:269][337]LogSavePackage: Save=124.26ms
[2016.09.20-21.02.57:270][337]LogSavePackage: Moving '../../../../../../Users/u1002582/Documents/HideVSeekSC/Saved/Main_Level_Ray112BC03D1F4B1D2DB23CFD4C875C55F462.tmp' to '../../../../../../Users/u1002582/Documents/HideVSeekSC/Content/Levels/Ray/Main_Level_Ray11.umap'
[2016.09.20-21.02.57:274][337]LogSavePackage:Display: Finished SavePackage ../../../../../../Users/u1002582/Documents/HideVSeekSC/Content/Levels/Ray/Main_Level_Ray11.umap
[2016.09.20-21.02.57:301][337]LogFileHelpers: Saving map 'Main_Level_Ray11' took 0.251
[2016.09.20-21.02.57:354][337]LogSavePackage: Save=12.31ms
[2016.09.20-21.02.57:354][337]LogSavePackage: Moving '../../../../../../Users/u1002582/Documents/HideVSeekSC/Saved/Mat_EndTable6ACE3FB245CBB0A1ADAB05825C7CAB88.tmp' to '../../../../../../Users/u1002582/Documents/HideVSeekSC/Content/Geometry/FinalArt/EndTable/Mat_EndTable.uasset'
[2016.09.20-21.02.57:357][337]LogSavePackage:Display: Finished SavePackage ../../../../../../Users/u1002582/Documents/HideVSeekSC/Content/Geometry/FinalArt/EndTable/Mat_EndTable.uasset
[2016.09.20-21.03.13:902][235]LogSavePackage: Save=12.15ms
[2016.09.20-21.03.13:902][235]LogSavePackage: Moving '../../../../../../Users/u1002582/Documents/HideVSeekSC/Saved/Mat_EndTableE46BA38A48E226230B9436AB666EC488.tmp' to '../../../../../../Users/u1002582/Documents/HideVSeekSC/Content/Geometry/FinalArt/EndTable/Mat_EndTable.uasset'
[2016.09.20-21.03.13:905][235]LogSavePackage:Display: Finished SavePackage ../../../../../../Users/u1002582/Documents/HideVSeekSC/Content/Geometry/FinalArt/EndTable/Mat_EndTable.uasset
[2016.09.20-21.03.27:950][908]LogEditorViewport: Clicking on Actor (LMB): StaticMeshActor (End_Table_and_Items)
[2016.09.20-21.03.29:062][ 38]LogEditorViewport: Clicking on Actor (LMB): StaticMeshActor (HouseBuild002)
[2016.09.20-21.04.02:548][ 47]LogContentBrowser: Native class hierarchy updated for 'TextureEditor' in 0.0004 seconds. Added 1 classes and 2 folders.
[2016.09.20-21.04.33:349][627]LogBlueprintUserMessages: Early PlayInEditor Detection: Level '/Game/Levels/Ray/Main_Level_Ray11.Main_Level_Ray11:PersistentLevel' has LevelScriptBlueprint '/Game/Levels/Ray/Main_Level_Ray11.Main_Level_Ray11:PersistentLevel.Main_Level_Ray11' with GeneratedClass '/Game/Levels/Ray/Main_Level_Ray11.Main_Level_Ray11_C' with ClassGeneratedBy '/Game/Levels/Ray/Main_Level_Ray11.Main_Level_Ray11:PersistentLevel.Main_Level_Ray11'
[2016.09.20-21.04.33:349][627]LogPlayLevel: PlayLevel: No blueprints needed recompiling
[2016.09.20-21.04.33:350][627]PIE: New page: PIE session: Main_Level_Ray11 (Sep 20, 2016, 8:04:33 AM)
[2016.09.20-21.04.33:350][627]LogPlayLevel: Creating play world package: /Game/Levels/Ray/UEDPIE_0_Main_Level_Ray11
[2016.09.20-21.04.33:359][627]LogPlayLevel: PIE: StaticDuplicateObject took: (0.008848s)
[2016.09.20-21.04.33:359][627]LogAIModule: Creating AISystem for world Main_Level_Ray11
[2016.09.20-21.04.33:359][627]LogPlayLevel: PIE: World Init took: (0.000661s)
[2016.09.20-21.04.33:359][627]LogPlayLevel: PIE: Created PIE world by copying editor world from /Game/Levels/Ray/Main_Level_Ray11.Main_Level_Ray11 to /Game/Levels/Ray/UEDPIE_0_Main_Level_Ray11.Main_Level_Ray11 (0.009812s)
[2016.09.20-21.04.33:386][627]LogInit: XAudio2 using 'DELL UZ2315H-C (3- NVIDIA High Definition Audio)' : 2 channels at 48 kHz using 16 bits per sample (channel mask 0x3)
[2016.09.20-21.04.33:391][627]LogInit: FAudioDevice initialized.
[2016.09.20-21.04.33:434][627]LogWorld: Game class is 'CaptureThePoint_C'
[2016.09.20-21.04.33:444][627]LogWorld: Bringing World /Game/Levels/Ray/UEDPIE_0_Main_Level_Ray11.Main_Level_Ray11 up for play (max tick rate 0) at 2016.09.20-15.04.33
[2016.09.20-21.04.33:445][627]LogWorld: Bringing up level for play took: 0.010108
[2016.09.20-21.04.33:448][627]PIE: Info Play in editor start time for /Game/Levels/Ray/UEDPIE_0_Main_Level_Ray11 -0.338
[2016.09.20-21.04.33:448][627]LogBlueprintUserMessages: Late PlayInEditor Detection: Level '/Game/Levels/Ray/Main_Level_Ray11.Main_Level_Ray11:PersistentLevel' has LevelScriptBlueprint '/Game/Levels/Ray/Main_Level_Ray11.Main_Level_Ray11:PersistentLevel.Main_Level_Ray11' with GeneratedClass '/Game/Levels/Ray/Main_Level_Ray11.Main_Level_Ray11_C' with ClassGeneratedBy '/Game/Levels/Ray/Main_Level_Ray11.Main_Level_Ray11:PersistentLevel.Main_Level_Ray11'
[2016.09.20-21.05.22:862][542]LogBlueprintUserMessages: Early EndPlayMap Detection: Level '/Game/Levels/Ray/Main_Level_Ray11.Main_Level_Ray11:PersistentLevel' has LevelScriptBlueprint '/Game/Levels/Ray/Main_Level_Ray11.Main_Level_Ray11:PersistentLevel.Main_Level_Ray11' with GeneratedClass '/Game/Levels/Ray/Main_Level_Ray11.Main_Level_Ray11_C' with ClassGeneratedBy '/Game/Levels/Ray/Main_Level_Ray11.Main_Level_Ray11:PersistentLevel.Main_Level_Ray11'
[2016.09.20-21.05.22:906][542]LogBlueprintUserMessages: Late EndPlayMap Detection: Level '/Game/Levels/Ray/Main_Level_Ray11.Main_Level_Ray11:PersistentLevel' has LevelScriptBlueprint '/Game/Levels/Ray/Main_Level_Ray11.Main_Level_Ray11:PersistentLevel.Main_Level_Ray11' with GeneratedClass '/Game/Levels/Ray/Main_Level_Ray11.Main_Level_Ray11_C' with ClassGeneratedBy '/Game/Levels/Ray/Main_Level_Ray11.Main_Level_Ray11:PersistentLevel.Main_Level_Ray11'
[2016.09.20-21.17.58:792][ 84]LogEditorFactories: Performing atomic reimport of [C:/Users/u1002582/Downloads/EndTableandItems_ALBEDO.tga]
[2016.09.20-21.17.58:792][ 84]LogFactory: FactoryCreateFile: Texture2D with ReimportTextureFactory (0 0 C:/Users/u1002582/Downloads/EndTableandItems_ALBEDO.tga)
[2016.09.20-21.17.58:933][ 84]LogTexture:Display: Building textures: EndTableandItems_ALBEDO (BGRA8)
[2016.09.20-21.17.59:485][ 84]LogTexture:Display: Building textures: EndTableandItems_ALBEDO (BGRA8)
[2016.09.20-21.17.59:954][ 84]LogEditorFactories: -- imported successfully
[2016.09.20-21.18.02:909][326]LogEditorFactories: Performing atomic reimport of [C:/Users/u1002582/Downloads/EndTableandItems_ALBEDO.tga]
[2016.09.20-21.18.02:910][326]LogFactory: FactoryCreateFile: Texture2D with ReimportTextureFactory (0 0 C:/Users/u1002582/Downloads/EndTableandItems_ALBEDO.tga)
[2016.09.20-21.18.03:003][326]LogTexture:Display: Building textures: EndTableandItems_ALBEDO (BGRA8)
[2016.09.20-21.18.03:472][326]LogEditorFactories: -- imported successfully
[2016.09.20-21.18.14:066][ 93]LogTexture:Display: Building textures: EndTableandItems_ALBEDO (AutoDXT)
[2016.09.20-21.18.15:395][ 93]LogSavePackage: Save=1336.35ms
[2016.09.20-21.18.15:395][ 93]LogSavePackage: Moving '../../../../../../Users/u1002582/Documents/HideVSeekSC/Saved/EndTableandItems_ALBEDO78C98F6A4D92A9314D363E8C9C4CC522.tmp' to '../../../../../../Users/u1002582/Documents/HideVSeekSC/Content/Geometry/FinalArt/EndTable/EndTableandItems_ALBEDO.uasset'
[2016.09.20-21.18.15:398][ 93]LogSavePackage:Display: Finished SavePackage ../../../../../../Users/u1002582/Documents/HideVSeekSC/Content/Geometry/FinalArt/EndTable/EndTableandItems_ALBEDO.uasset
[2016.09.20-21.18.19:472][530]LogEditorFactories: Performing atomic reimport of [C:/Users/u1002582/Downloads/EndTableandItems_ALBEDO.png]
[2016.09.20-21.18.19:472][530]LogFactory: FactoryCreateFile: Texture2D with ReimportTextureFactory (0 0 C:/Users/u1002582/Downloads/EndTableandItems_ALBEDO.png)
[2016.09.20-21.18.19:685][530]LogTexture:Display: Building textures: EndTableandItems_ALBEDO (AutoDXT)
[2016.09.20-21.18.20:501][530]LogEditorFactories: -- imported successfully
[2016.09.20-21.19.17:361][263]LogFileHelpers: Editor autosave (incl. sublevels) for '/Game/Levels/Ray/Main_Level_Ray11' took 0.013
[2016.09.20-21.19.17:362][263]OBJ SavePackage: Generating thumbnails for [1] asset(s) in package [/Game/Geometry/FinalArt/EndTable/EndTableandItems_ALBEDO] ([1] browsable assets)...
[2016.09.20-21.19.17:370][263]OBJ SavePackage:     Rendered thumbnail for [Texture2D /Game/Geometry/FinalArt/EndTable/EndTableandItems_ALBEDO.EndTableandItems_ALBEDO]
[2016.09.20-21.19.17:370][263]OBJ SavePackage: Finished generating thumbnails for package [/Game/Geometry/FinalArt/EndTable/EndTableandItems_ALBEDO]
[2016.09.20-21.19.17:394][263]LogSavePackage: Save=14.84ms
[2016.09.20-21.19.17:394][263]LogSavePackage: Moving '../../../../../../Users/u1002582/Documents/HideVSeekSC/Saved/EndTableandItems_ALBEDO_Auto1AF3CB51E4F86F8B2A952B38CC2A86672.tmp' to '../../../../../../Users/u1002582/Documents/HideVSeekSC/Saved/Autosaves/Game/Geometry/FinalArt/EndTable/EndTableandItems_ALBEDO_Auto1.uasset'
[2016.09.20-21.19.17:395][263]LogSavePackage:Display: Finished SavePackage ../../../../../../Users/u1002582/Documents/HideVSeekSC/Saved/Autosaves/Game/Geometry/FinalArt/EndTable/EndTableandItems_ALBEDO_Auto1.uasset
[2016.09.20-21.19.17:395][263]LogFileHelpers: Auto-saving content packages took 0.034
[2016.09.20-21.20.52:326][649]LogEditorFactories: Performing atomic reimport of [C:/Users/u1002582/Downloads/EndTableandItems_ALBEDO.png]
[2016.09.20-21.20.52:326][649]LogFactory: FactoryCreateFile: Texture2D with ReimportTextureFactory (0 0 C:/Users/u1002582/Downloads/EndTableandItems_ALBEDO.png)
[2016.09.20-21.20.52:541][649]LogTexture:Display: Building textures: EndTableandItems_ALBEDO (AutoDXT)
[2016.09.20-21.20.53:340][649]LogEditorFactories: -- imported successfully
[2016.09.20-21.22.43:031][510]LogEditorFactories: Performing atomic reimport of [C:/Users/u1002582/Downloads/EndTableandItems_ALBEDO.png]
[2016.09.20-21.22.43:031][510]LogFactory: FactoryCreateFile: Texture2D with ReimportTextureFactory (0 0 C:/Users/u1002582/Downloads/EndTableandItems_ALBEDO.png)
[2016.09.20-21.22.43:248][510]LogTexture:Display: Building textures: EndTableandItems_ALBEDO (AutoDXT)
[2016.09.20-21.22.44:127][510]LogEditorFactories: -- imported successfully
[2016.09.20-21.22.49:482][131]LogEditorViewport: Clicking on Actor (context menu): StaticMeshActor (End_Table_and_Items)
[2016.09.20-21.22.50:576][243]LogEditorViewport: Clicking on Actor (LMB): StaticMeshActor (End_Table_and_Items)
[2016.09.20-21.22.53:885][632]LogEditorViewport: Clicking on Actor (LMB): StaticMeshActor (HouseBuild002)
[2016.09.20-21.23.57:872][232]LogSavePackage: Save=12.49ms
[2016.09.20-21.23.57:873][232]LogSavePackage: Moving '../../../../../../Users/u1002582/Documents/HideVSeekSC/Saved/Mat_EndTableD65A590B4CB2284EF25197B4940F0CA0.tmp' to '../../../../../../Users/u1002582/Documents/HideVSeekSC/Content/Geometry/FinalArt/EndTable/Mat_EndTable.uasset'
[2016.09.20-21.23.57:875][232]LogSavePackage:Display: Finished SavePackage ../../../../../../Users/u1002582/Documents/HideVSeekSC/Content/Geometry/FinalArt/EndTable/Mat_EndTable.uasset
[2016.09.20-21.23.58:323][232]LogSavePackage: Save=423.25ms
[2016.09.20-21.23.58:323][232]LogSavePackage: Moving '../../../../../../Users/u1002582/Documents/HideVSeekSC/Saved/EndTableandItems_ALBEDO7D81CCC549CBF5EF646FFDB2AE32EABC.tmp' to '../../../../../../Users/u1002582/Documents/HideVSeekSC/Content/Geometry/FinalArt/EndTable/EndTableandItems_ALBEDO.uasset'
[2016.09.20-21.23.58:327][232]LogSavePackage:Display: Finished SavePackage ../../../../../../Users/u1002582/Documents/HideVSeekSC/Content/Geometry/FinalArt/EndTable/EndTableandItems_ALBEDO.uasset
[2016.09.20-21.24.49:793][ 99]LogEditorViewport: Clicking on Actor (LMB): StaticMeshActor (End_Table_and_Items)
[2016.09.20-21.24.50:527][175]Cmd: DELETE
[2016.09.20-21.24.50:527][175]Cmd: ACTOR DELETE
[2016.09.20-21.24.50:529][175]LogEditorActor: Deleted Actor: StaticMeshActor
[2016.09.20-21.24.50:542][175]LogEditorActor: Deleted 1 Actors (0.014 secs)
[2016.09.20-21.24.51:670][281]LogSavePackage: Save=122.56ms
[2016.09.20-21.24.51:670][281]LogSavePackage: Moving '../../../../../../Users/u1002582/Documents/HideVSeekSC/Saved/Main_Level_Ray1109E2E35D4B3E75CC26B4DA817A3092EA.tmp' to '../../../../../../Users/u1002582/Documents/HideVSeekSC/Content/Levels/Ray/Main_Level_Ray11.umap'
[2016.09.20-21.24.51:672][281]LogSavePackage:Display: Finished SavePackage ../../../../../../Users/u1002582/Documents/HideVSeekSC/Content/Levels/Ray/Main_Level_Ray11.umap
[2016.09.20-21.24.51:695][281]LogFileHelpers: Saving map 'Main_Level_Ray11' took 0.251
[2016.09.20-21.24.56:933][864]Cmd: QUIT_EDITOR
[2016.09.20-21.24.57:879][864]LogWindowsTextInputMethodSystem:Display: IME system now deactivated.
[2016.09.20-21.24.57:901][864]LogExit: Preparing to exit.
[2016.09.20-21.24.59:119][864]LogExit: Editor shut down
[2016.09.20-21.24.59:119][864]LogExit: Transaction tracking system shut down
[2016.09.20-21.24.59:230][864]LogObj: Freed 0b from 0 cluster array pools.
[2016.09.20-21.24.59:230][864]LogExit: Object subsystem successfully closed.
[2016.09.20-21.24.59:247][864]LogD3D11RHI: Shutdown
[2016.09.20-21.24.59:247][864]LogD3D11RHI: CleanupD3DDevice
[2016.09.20-21.24.59:317][864]LogD3D11RHI: ~FD3D11DynamicRHI
[2016.09.20-21.24.59:327][864]LogModuleManager: Shutting down and abandoning module TextureEditor (218)
[2016.09.20-21.24.59:327][864]LogModuleManager: Shutting down and abandoning module MaterialEditor (217)
[2016.09.20-21.24.59:327][864]LogModuleManager: Shutting down and abandoning module MovieSceneCapture (216)
[2016.09.20-21.24.59:327][864]LogModuleManager: Shutting down and abandoning module HierarchicalLODOutliner (215)
[2016.09.20-21.24.59:327][864]LogModuleManager: Shutting down and abandoning module CrashTracker (214)
[2016.09.20-21.24.59:327][864]LogModuleManager: Shutting down and abandoning module SceneOutliner (213)
[2016.09.20-21.24.59:327][864]LogModuleManager: Shutting down and abandoning module WidgetCarousel (212)
[2016.09.20-21.24.59:327][864]LogModuleManager: Shutting down and abandoning module AddContentDialog (211)
[2016.09.20-21.24.59:328][864]LogModuleManager: Shutting down and abandoning module GameplayTags (210)
[2016.09.20-21.24.59:328][864]LogModuleManager: Shutting down and abandoning module EditorWidgets (209)
[2016.09.20-21.24.59:328][864]LogModuleManager: Shutting down and abandoning module CollectionManager (208)
[2016.09.20-21.24.59:328][864]LogModuleManager: Shutting down and abandoning module StatsViewer (207)
[2016.09.20-21.24.59:328][864]LogModuleManager: Shutting down and abandoning module FoliageEdit (206)
[2016.09.20-21.24.59:328][864]LogModuleManager: Shutting down and abandoning module LandscapeEditor (205)
[2016.09.20-21.24.59:328][864]LogModuleManager: Shutting down and abandoning module SceneDepthPickerMode (204)
[2016.09.20-21.24.59:328][864]LogModuleManager: Shutting down and abandoning module ActorPickerMode (203)
[2016.09.20-21.24.59:328][864]LogModuleManager: Shutting down and abandoning module GeometryMode (202)
[2016.09.20-21.24.59:328][864]LogModuleManager: Shutting down and abandoning module TextureAlignMode (201)
[2016.09.20-21.24.59:328][864]LogModuleManager: Shutting down and abandoning module BspMode (200)
[2016.09.20-21.24.59:328][864]LogModuleManager: Shutting down and abandoning module HardwareSurvey (199)
[2016.09.20-21.24.59:328][864]LogModuleManager: Shutting down and abandoning module SequenceRecorderSections (198)
[2016.09.20-21.24.59:328][864]LogModuleManager: Shutting down and abandoning module SequenceRecorder (197)
[2016.09.20-21.24.59:328][864]LogModuleManager: Shutting down and abandoning module AutomationWorker (196)
[2016.09.20-21.24.59:328][864]LogModuleManager: Shutting down and abandoning module MatineeToLevelSequence (195)
[2016.09.20-21.24.59:328][864]LogModuleManager: Shutting down and abandoning module PlacementMode (194)
[2016.09.20-21.24.59:328][864]LogModuleManager: Shutting down and abandoning module LevelSequenceEditor (193)
[2016.09.20-21.24.59:328][864]LogModuleManager: Shutting down and abandoning module CharacterAI (192)
[2016.09.20-21.24.59:328][864]LogModuleManager: Shutting down and abandoning module SmartSnapping (191)
[2016.09.20-21.24.59:328][864]LogModuleManager: Shutting down and abandoning module SessionServices (190)
[2016.09.20-21.24.59:328][864]LogModuleManager: Shutting down and abandoning module ViewportSnapping (189)
[2016.09.20-21.24.59:328][864]LogModuleManager: Shutting down and abandoning module LogVisualizer (188)
[2016.09.20-21.24.59:328][864]LogModuleManager: Shutting down and abandoning module GameProjectGeneration (187)
[2016.09.20-21.24.59:328][864]LogModuleManager: Shutting down and abandoning module IntroTutorials (186)
[2016.09.20-21.24.59:328][864]LogModuleManager: Shutting down and abandoning module EditorLiveStreaming (185)
[2016.09.20-21.24.59:328][864]LogModuleManager: Shutting down and abandoning module IOSPlatformEditor (184)
[2016.09.20-21.24.59:328][864]LogModuleManager: Shutting down and abandoning module HTML5PlatformEditor (183)
[2016.09.20-21.24.59:328][864]LogModuleManager: Shutting down and abandoning module AndroidDeviceDetection (182)
[2016.09.20-21.24.59:746][864]LogModuleManager: Shutting down and abandoning module AndroidPlatformEditor (181)
[2016.09.20-21.24.59:746][864]LogModuleManager: Shutting down and abandoning module IOSRuntimeSettings (180)
[2016.09.20-21.24.59:746][864]LogModuleManager: Shutting down and abandoning module AndroidRuntimeSettings (179)
[2016.09.20-21.24.59:746][864]LogModuleManager: Shutting down and abandoning module MergeActors (178)
[2016.09.20-21.24.59:746][864]LogModuleManager: Shutting down and abandoning module SizeMap (177)
[2016.09.20-21.24.59:746][864]LogModuleManager: Shutting down and abandoning module TreeMap (176)
[2016.09.20-21.24.59:746][864]LogModuleManager: Shutting down and abandoning module ReferenceViewer (175)
[2016.09.20-21.24.59:746][864]LogModuleManager: Shutting down and abandoning module LocalizationService (174)
[2016.09.20-21.24.59:746][864]LogModuleManager: Shutting down and abandoning module LocalizationDashboard (173)
[2016.09.20-21.24.59:746][864]LogModuleManager: Shutting down and abandoning module HardwareTargeting (172)
[2016.09.20-21.24.59:746][864]LogModuleManager: Shutting down and abandoning module DeviceProfileEditor (171)
[2016.09.20-21.24.59:746][864]LogModuleManager: Shutting down and abandoning module UndoHistory (170)
[2016.09.20-21.24.59:746][864]LogModuleManager: Shutting down and abandoning module UserFeedback (169)
[2016.09.20-21.24.59:746][864]LogModuleManager: Shutting down and abandoning module XmlParser (168)
[2016.09.20-21.24.59:746][864]LogModuleManager: Shutting down and abandoning module Blutility (167)
[2016.09.20-21.24.59:746][864]LogModuleManager: Shutting down and abandoning module ProjectTargetPlatformEditor (166)
[2016.09.20-21.24.59:746][864]LogModuleManager: Shutting down and abandoning module ProjectSettingsViewer (165)
[2016.09.20-21.24.59:746][864]LogModuleManager: Shutting down and abandoning module InputBindingEditor (164)
[2016.09.20-21.24.59:747][864]LogModuleManager: Shutting down and abandoning module EditorSettingsViewer (163)
[2016.09.20-21.24.59:747][864]LogModuleManager: Shutting down and abandoning module SettingsEditor (162)
[2016.09.20-21.24.59:747][864]LogModuleManager: Shutting down and abandoning module ProjectLauncher (161)
[2016.09.20-21.24.59:747][864]LogModuleManager: Shutting down and abandoning module SessionFrontend (160)
[2016.09.20-21.24.59:747][864]LogModuleManager: Shutting down and abandoning module ProfilerClient (159)
[2016.09.20-21.24.59:747][864]LogModuleManager: Shutting down and abandoning module TargetDeviceServices (158)
[2016.09.20-21.24.59:747][864]LogModuleManager: Shutting down and abandoning module DeviceManager (157)
[2016.09.20-21.24.59:801][864]LogModuleManager: Shutting down and abandoning module AutomationController (156)
[2016.09.20-21.24.59:801][864]LogModuleManager: Shutting down and abandoning module AutomationWindow (155)
[2016.09.20-21.24.59:801][864]LogModuleManager: Shutting down and abandoning module Layers (154)
[2016.09.20-21.24.59:801][864]LogModuleManager: Shutting down and abandoning module ComponentVisualizers (153)
[2016.09.20-21.24.59:801][864]LogModuleManager: Shutting down and abandoning module DetailCustomizations (152)
[2016.09.20-21.24.59:801][864]LogModuleManager: Shutting down and abandoning module PackagesDialog (151)
[2016.09.20-21.24.59:801][864]LogModuleManager: Shutting down and abandoning module Persona (150)
[2016.09.20-21.24.59:801][864]LogModuleManager: Shutting down and abandoning module Kismet (149)
[2016.09.20-21.24.59:801][864]LogModuleManager: Shutting down and abandoning module GraphEditor (148)
[2016.09.20-21.24.59:801][864]LogModuleManager: Shutting down and abandoning module ClassViewer (147)
[2016.09.20-21.24.59:801][864]LogModuleManager: Shutting down and abandoning module Toolbox (146)
[2016.09.20-21.24.59:801][864]LogModuleManager: Shutting down and abandoning module ModuleUI (145)
[2016.09.20-21.24.59:801][864]LogModuleManager: Shutting down and abandoning module MovieSceneTools (144)
[2016.09.20-21.24.59:801][864]LogModuleManager: Shutting down and abandoning module OutputLog (143)
[2016.09.20-21.24.59:801][864]LogModuleManager: Shutting down and abandoning module GammaUI (142)
[2016.09.20-21.24.59:801][864]LogModuleManager: Shutting down and abandoning module Documentation (141)
[2016.09.20-21.24.59:801][864]LogModuleManager: Shutting down and abandoning module StreamingPauseRendering (140)
[2016.09.20-21.24.59:801][864]LogModuleManager: Shutting down and abandoning module AnalyticsET (139)
[2016.09.20-21.24.59:801][864]LogModuleManager: Shutting down and abandoning module Analytics (138)
[2016.09.20-21.24.59:801][864]LogModuleManager: Shutting down and abandoning module PortalServices (137)
[2016.09.20-21.24.59:801][864]LogModuleManager: Shutting down and abandoning module PortalRpc (136)
[2016.09.20-21.24.59:801][864]LogModuleManager: Shutting down and abandoning module MessagingRpc (135)
[2016.09.20-21.24.59:801][864]LogModuleManager: Shutting down and abandoning module GameplayDebugger (134)
[2016.09.20-21.24.59:801][864]LogModuleManager: Shutting down and abandoning module AITestSuite (133)
[2016.09.20-21.24.59:801][864]LogModuleManager: Shutting down and abandoning module AIModule (132)
[2016.09.20-21.24.59:801][864]LogModuleManager: Shutting down and abandoning module ProfilerService (131)
[2016.09.20-21.24.59:890][864]LogModuleManager: Shutting down and abandoning module TaskGraph (130)
[2016.09.20-21.24.59:890][864]LogModuleManager: Shutting down and abandoning module SubstanceEditor (129)
[2016.09.20-21.24.59:890][864]LogModuleManager: Shutting down and abandoning module SlateRemote (128)
[2016.09.20-21.24.59:890][864]LogModuleManager: Shutting down and abandoning module SteamVRController (127)
[2016.09.20-21.24.59:890][864]LogModuleManager: Shutting down and abandoning module SteamVR (126)
[2016.09.20-21.24.59:890][864]LogModuleManager: Shutting down and abandoning module ProceduralMeshComponent (125)
[2016.09.20-21.24.59:890][864]LogModuleManager: Shutting down and abandoning module OculusLibrary (124)
[2016.09.20-21.24.59:890][864]LogModuleManager: Shutting down and abandoning module OculusInput (123)
[2016.09.20-21.24.59:890][864]LogModuleManager: Shutting down and abandoning module CustomMeshComponent (122)
[2016.09.20-21.24.59:890][864]LogModuleManager: Shutting down and abandoning module CableComponent (121)
[2016.09.20-21.24.59:890][864]LogModuleManager: Shutting down and abandoning module ArchVisCharacter (120)
[2016.09.20-21.24.59:890][864]LogModuleManager: Shutting down and abandoning module MediaPlayerEditor (119)
[2016.09.20-21.24.59:890][864]LogModuleManager: Shutting down and abandoning module HTML5Networking (118)
[2016.09.20-21.24.59:890][864]LogModuleManager: Shutting down and abandoning module SuperSearch (117)
[2016.09.20-21.24.59:890][864]LogModuleManager: Shutting down and abandoning module SuperSearchEditor (116)
[2016.09.20-21.24.59:890][864]LogModuleManager: Shutting down and abandoning module SpeedTreeImporter (115)
[2016.09.20-21.24.59:890][864]LogModuleManager: Shutting down and abandoning module PluginBrowser (114)
[2016.09.20-21.24.59:890][864]LogModuleManager: Shutting down and abandoning module EpicSurvey (113)
[2016.09.20-21.24.59:890][864]LogModuleManager: Shutting down and abandoning module DesktopPlatform (112)
[2016.09.20-21.24.59:890][864]LogModuleManager: Shutting down and abandoning module VisualStudioSourceCodeAccess (111)
[2016.09.20-21.24.59:890][864]LogModuleManager: Shutting down and abandoning module UObjectPlugin (110)
[2016.09.20-21.24.59:890][864]LogModuleManager: Shutting down and abandoning module SubversionSourceControl (109)
[2016.09.20-21.24.59:890][864]LogModuleManager: Shutting down and abandoning module PerforceSourceControl (108)
[2016.09.20-21.24.59:890][864]LogModuleManager: Shutting down and abandoning module SourceControl (107)
[2016.09.20-21.24.59:890][864]LogModuleManager: Shutting down and abandoning module GitSourceControl (106)
[2016.09.20-21.24.59:890][864]LogModuleManager: Shutting down and abandoning module LightPropagationVolumeEditor (105)
[2016.09.20-21.24.59:890][864]LogModuleManager: Shutting down and abandoning module PaperTiledImporter (104)
[2016.09.20-21.24.59:890][864]LogModuleManager: Shutting down and abandoning module PaperSpriteSheetImporter (103)
[2016.09.20-21.24.59:890][864]LogModuleManager: Shutting down and abandoning module MeshPaint (102)
[2016.09.20-21.24.59:890][864]LogModuleManager: Shutting down and abandoning module PixelInspectorModule (101)
[2016.09.20-21.24.59:890][864]LogModuleManager: Shutting down and abandoning module HotReload (100)
[2016.09.20-21.24.59:891][864]LogModuleManager: Shutting down and abandoning module MainFrame (99)
[2016.09.20-21.24.59:891][864]LogModuleManager: Shutting down and abandoning module LevelEditor (98)
[2016.09.20-21.24.59:891][864]LogModuleManager: Shutting down and abandoning module ContentBrowser (97)
[2016.09.20-21.24.59:892][864]LogModuleManager: Shutting down and abandoning module Paper2DEditor (96)
[2016.09.20-21.24.59:892][864]LogModuleManager: Shutting down and abandoning module UdpMessaging (95)
[2016.09.20-21.24.59:993][864]LogModuleManager: Shutting down and abandoning module SubstanceCore (94)
[2016.09.20-21.24.59:993][864]LogModuleManager: Shutting down and abandoning module LightPropagationVolumeRuntime (93)
[2016.09.20-21.24.59:993][864]LogModuleManager: Shutting down and abandoning module Paper2D (92)
[2016.09.20-21.24.59:993][864]LogModuleManager: Shutting down and abandoning module WindowsMoviePlayer (91)
[2016.09.20-21.24.59:993][864]LogModuleManager: Shutting down and abandoning module Media (90)
[2016.09.20-21.24.59:993][864]LogModuleManager: Shutting down and abandoning module WmfMedia (89)
[2016.09.20-21.24.59:993][864]LogModuleManager: Shutting down and abandoning module MediaAssets (88)
[2016.09.20-21.24.59:993][864]LogModuleManager: Shutting down and abandoning module GameLiveStreaming (87)
[2016.09.20-21.24.59:993][864]LogModuleManager: Shutting down and abandoning module GameplayTagsEditor (86)
[2016.09.20-21.24.59:993][864]LogModuleManager: Shutting down and abandoning module OnlineBlueprintSupport (85)
[2016.09.20-21.24.59:993][864]LogModuleManager: Shutting down and abandoning module VREditor (84)
[2016.09.20-21.24.59:993][864]LogModuleManager: Shutting down and abandoning module GameplayTasksEditor (83)
[2016.09.20-21.24.59:993][864]LogModuleManager: Shutting down and abandoning module PropertyEditor (82)
[2016.09.20-21.24.59:993][864]LogModuleManager: Shutting down and abandoning module BehaviorTreeEditor (81)
[2016.09.20-21.24.59:993][864]LogModuleManager: Shutting down and abandoning module FunctionalTesting (80)
[2016.09.20-21.24.59:993][864]LogModuleManager: Shutting down and abandoning module CollisionAnalyzer (79)
[2016.09.20-21.24.59:993][864]LogModuleManager: Shutting down and abandoning module Sequencer (78)
[2016.09.20-21.24.59:993][864]LogModuleManager: Shutting down and abandoning module WorkspaceMenuStructure (77)
[2016.09.20-21.24.59:993][864]LogModuleManager: Shutting down and abandoning module MessageLog (76)
[2016.09.20-21.24.59:993][864]LogModuleManager: Shutting down and abandoning module AssetTools (75)
[2016.09.20-21.24.59:993][864]LogModuleManager: Shutting down and abandoning module UMGEditor (74)
[2016.09.20-21.24.59:993][864]LogModuleManager: Shutting down and abandoning module UMG (73)
[2016.09.20-21.24.59:993][864]LogModuleManager: Shutting down and abandoning module SlateReflector (72)
[2016.09.20-21.24.59:993][864]LogModuleManager: Shutting down and abandoning module Slate (71)
[2016.09.20-21.24.59:993][864]LogModuleManager: Shutting down and abandoning module EditorStyle (70)
[2016.09.20-21.24.59:995][864]LogModuleManager: Shutting down and abandoning module SourceCodeAccess (69)
[2016.09.20-21.24.59:995][864]LogModuleManager: Shutting down and abandoning module HeadMountedDisplay (68)
[2016.09.20-21.24.59:995][864]LogModuleManager: Shutting down and abandoning module XAudio2 (67)
[2016.09.20-21.24.59:995][864]LogModuleManager: Shutting down and abandoning module Networking (65)
[2016.09.20-21.24.59:995][864]LogModuleManager: Shutting down and abandoning module Core (64)
[2016.09.20-21.24.59:995][864]LogModuleManager: Shutting down and abandoning module DirectoryWatcher (63)
[2016.09.20-21.24.59:996][864]LogModuleManager: Shutting down and abandoning module AssetRegistry (62)
[2016.09.20-21.25.00:132][864]LogModuleManager: Shutting down and abandoning module KismetCompiler (61)
[2016.09.20-21.25.00:132][864]LogModuleManager: Shutting down and abandoning module PhysXFormats (60)
[2016.09.20-21.25.00:132][864]LogModuleManager: Shutting down and abandoning module MeshUtilities (59)
[2016.09.20-21.25.00:132][864]LogModuleManager: Shutting down and abandoning module DerivedDataCache (58)
[2016.09.20-21.25.00:221][864]LogDerivedDataCache: Shutdown
[2016.09.20-21.25.00:221][864]LogModuleManager: Shutting down and abandoning module VulkanShaderFormat (57)
[2016.09.20-21.25.00:221][864]LogModuleManager: Shutting down and abandoning module ShaderFormatOpenGL (56)
[2016.09.20-21.25.00:221][864]LogModuleManager: Shutting down and abandoning module ShaderFormatD3D (55)
[2016.09.20-21.25.00:221][864]LogModuleManager: Shutting down and abandoning module MetalShaderFormat (54)
[2016.09.20-21.25.00:221][864]LogModuleManager: Shutting down and abandoning module TextureFormatUncompressed (53)
[2016.09.20-21.25.00:221][864]LogModuleManager: Shutting down and abandoning module TextureFormatPVR (52)
[2016.09.20-21.25.00:221][864]LogModuleManager: Shutting down and abandoning module TextureFormatIntelISPCTexComp (51)
[2016.09.20-21.25.00:221][864]LogModuleManager: Shutting down and abandoning module TextureFormatDXT (50)
[2016.09.20-21.25.00:221][864]LogModuleManager: Shutting down and abandoning module ImageWrapper (49)
[2016.09.20-21.25.00:221][864]LogModuleManager: Shutting down and abandoning module TextureFormatASTC (48)
[2016.09.20-21.25.00:221][864]LogModuleManager: Shutting down and abandoning module TextureFormatAndroid (47)
[2016.09.20-21.25.00:221][864]LogModuleManager: Shutting down and abandoning module AudioFormatOpus (46)
[2016.09.20-21.25.00:221][864]LogModuleManager: Shutting down and abandoning module AudioFormatOgg (45)
[2016.09.20-21.25.00:221][864]LogModuleManager: Shutting down and abandoning module AudioFormatADPCM (44)
[2016.09.20-21.25.00:221][864]LogModuleManager: Shutting down and abandoning module LinuxTargetPlatform (43)
[2016.09.20-21.25.00:221][864]LogModuleManager: Shutting down and abandoning module LinuxServerTargetPlatform (42)
[2016.09.20-21.25.00:221][864]LogModuleManager: Shutting down and abandoning module LinuxNoEditorTargetPlatform (41)
[2016.09.20-21.25.00:221][864]LogModuleManager: Shutting down and abandoning module TVOSTargetPlatform (40)
[2016.09.20-21.25.00:221][864]LogModuleManager: Shutting down and abandoning module Messaging (39)
[2016.09.20-21.25.00:221][864]LogModuleManager: Shutting down and abandoning module IOSTargetPlatform (38)
[2016.09.20-21.25.00:221][864]LogModuleManager: Shutting down and abandoning module HTML5TargetPlatform (37)
[2016.09.20-21.25.00:221][864]LogModuleManager: Shutting down and abandoning module Android_PVRTCTargetPlatform (36)
[2016.09.20-21.25.00:221][864]LogModuleManager: Shutting down and abandoning module Android_MultiTargetPlatform (35)
[2016.09.20-21.25.00:221][864]LogModuleManager: Shutting down and abandoning module Android_ETC2TargetPlatform (34)
[2016.09.20-21.25.00:221][864]LogModuleManager: Shutting down and abandoning module Android_ETC1TargetPlatform (33)
[2016.09.20-21.25.00:221][864]LogModuleManager: Shutting down and abandoning module Android_DXTTargetPlatform (32)
[2016.09.20-21.25.00:221][864]LogModuleManager: Shutting down and abandoning module Android_ATCTargetPlatform (31)
[2016.09.20-21.25.00:221][864]LogModuleManager: Shutting down and abandoning module Android_ASTCTargetPlatform (30)
[2016.09.20-21.25.00:221][864]LogModuleManager: Shutting down and abandoning module AndroidTargetPlatform (29)
[2016.09.20-21.25.00:222][864]LogModuleManager: Shutting down and abandoning module WindowsTargetPlatform (28)
[2016.09.20-21.25.00:222][864]LogModuleManager: Shutting down and abandoning module WindowsServerTargetPlatform (27)
[2016.09.20-21.25.00:222][864]LogModuleManager: Shutting down and abandoning module WindowsNoEditorTargetPlatform (26)
[2016.09.20-21.25.00:222][864]LogModuleManager: Shutting down and abandoning module WindowsClientTargetPlatform (25)
[2016.09.20-21.25.00:222][864]LogModuleManager: Shutting down and abandoning module AllDesktopTargetPlatform (24)
[2016.09.20-21.25.00:222][864]LogModuleManager: Shutting down and abandoning module TargetPlatform (23)
[2016.09.20-21.25.00:222][864]LogModuleManager: Shutting down and abandoning module InputCore (22)
[2016.09.20-21.25.00:222][864]LogModuleManager: Shutting down and abandoning module Settings (21)
[2016.09.20-21.25.00:222][864]LogModuleManager: Shutting down and abandoning module OnlineSubsystem (19)
[2016.09.20-21.25.00:222][864]LogModuleManager: Shutting down and abandoning module HTTP (18)
[2016.09.20-21.25.04:730][864]LogModuleManager: Shutting down and abandoning module XMPP (17)
[2016.09.20-21.25.04:730][864]LogModuleManager: Shutting down and abandoning module OculusRift (16)
[2016.09.20-21.25.04:730][864]LogModuleManager: Shutting down and abandoning module ExampleDeviceProfileSelector (15)
[2016.09.20-21.25.04:730][864]LogModuleManager: Shutting down and abandoning module TextureCompressor (14)
[2016.09.20-21.25.04:730][864]LogModuleManager: Shutting down and abandoning module ShaderCore (13)
[2016.09.20-21.25.04:730][864]LogModuleManager: Shutting down and abandoning module Landscape (12)
[2016.09.20-21.25.04:730][864]LogModuleManager: Shutting down and abandoning module SlateRHIRenderer (11)
[2016.09.20-21.25.04:731][864]LogModuleManager: Shutting down and abandoning module OpenGLDrv (10)
[2016.09.20-21.25.04:731][864]LogModuleManager: Shutting down and abandoning module D3D11RHI (9)
[2016.09.20-21.25.04:731][864]LogModuleManager: Shutting down and abandoning module AnimGraphRuntime (8)
[2016.09.20-21.25.04:731][864]LogModuleManager: Shutting down and abandoning module Renderer (7)
[2016.09.20-21.25.04:731][864]LogModuleManager: Shutting down and abandoning module Engine (6)
[2016.09.20-21.25.04:731][864]LogModuleManager: Shutting down and abandoning module CoreUObject (5)
[2016.09.20-21.25.04:731][864]LogModuleManager: Shutting down and abandoning module NetworkFile (4)
[2016.09.20-21.25.04:731][864]LogModuleManager: Shutting down and abandoning module StreamingFile (3)
[2016.09.20-21.25.04:731][864]LogModuleManager: Shutting down and abandoning module SandboxFile (2)
[2016.09.20-21.25.04:731][864]LogModuleManager: Shutting down and abandoning module PakFile (1)
[2016.09.20-21.25.04:733][864]LogExit: Exiting.
[2016.09.20-21.25.04:734][864]Log file closed, 09/20/16 15:25:04
