Log file open, 09/15/16 09:51:51
LogInit:Display: Running engine for game: HideVSeekSC
LogPlatformFile: Not using cached read wrapper
LogInit:Display: RandInit(-972359490) SRandInit(-972359483).
LogTaskGraph: Started task graph with 4 named threads and 7 total threads with 1 sets of task threads.
LogStats: Stats thread started at 0.068056
LogInit: Version: 4.12.5-3039270+++UE4+Release-4.12
LogInit: API Version: 2992821
LogInit: Net Version: 3039270
LogDevObjectVersion: Number of dev versions registered: 13
LogDevObjectVersion:   Dev-Blueprints (B0D832E4-1F89-4F0D-ACCF-7EB736FD4AA2): 3
LogDevObjectVersion:   Dev-Build (E1C64328-A22C-4D53-A36C-8E866417BD8C): 0
LogDevObjectVersion:   Dev-Core (375EC13C-06E4-48FB-B500-84F0262A717E): 1
LogDevObjectVersion:   Dev-Editor (E4B068ED-F494-42E9-A231-DA0B2E46BB41): 2
LogDevObjectVersion:   Dev-Framework (CFFC743F-43B0-4480-9391-14DF171D2073): 6
LogDevObjectVersion:   Dev-Mobile (B02B49B5-BB20-44E9-A304-32B752E40360): 0
LogDevObjectVersion:   Dev-Networking (A4E4105C-59A1-49B5-A7C5-40C4547EDFEE): 0
LogDevObjectVersion:   Dev-Online (39C831C9-5AE6-47DC-9A44-9C173E1C8E7C): 0
LogDevObjectVersion:   Dev-Physics (78F01B33-EBEA-4F98-B9B4-84EACCB95AA2): 0
LogDevObjectVersion:   Dev-Platform (6631380F-2D4D-43E0-8009-CF276956A95A): 0
LogDevObjectVersion:   Dev-Rendering (12F88B9F-8875-4AFC-A67C-D90C383ABD29): 2
LogDevObjectVersion:   Dev-Sequencer (7B5AE74C-D270-4C10-A958-57980B212A5A): 0
LogDevObjectVersion:   Dev-VR (D7296918-1DD6-4BDD-9DE2-64A83CC13884): 0
LogInit: Compiled (64-bit): Jul  6 2016 09:09:46
LogInit: Compiled with Visual C++: 19.00.23026.00
LogInit: Build Configuration: Development
LogInit: Branch Name: ++UE4+Release-4.12
LogInit: Command line:  
LogInit: Base directory: C:/Program Files/Epic Games/4.12/Engine/Binaries/Win64/
LogInit: Installed Engine Build: 1
LogInit: Using libcurl 7.41.0
LogInit:  - built for x86_64-pc-win32
LogInit:  - supports SSL with WinSSL
LogInit:  - other features:
LogInit:      CURL_VERSION_SSL
LogInit:      CURL_VERSION_IPV6
LogInit:      CURL_VERSION_ASYNCHDNS
LogInit:      CURL_VERSION_LARGEFILE
LogInit:      CURL_VERSION_IDN
LogInit:  CurlRequestOptions (configurable via config and command line):
LogInit:  - bVerifyPeer = true  - Libcurl will verify peer certificate
LogInit:  - bUseHttpProxy = false  - Libcurl will NOT use HTTP proxy
LogInit:  - bDontReuseConnections = false  - Libcurl will reuse connections
LogInit:  - CertBundlePath = nullptr  - Libcurl will use whatever was configured at build time.
LogInit: Presizing for max 8388607 objects, including 0 objects not considered by GC, pre-allocating 0 bytes for permanent pool.
LogInit: Object subsystem initialized
[2016.09.15-15.51.51:103][  0]LogInit: Selected Device Profile: [Windows]
[2016.09.15-15.51.51:103][  0]LogInit: Applying CVar settings loaded from the selected device profile: [Windows]
[2016.09.15-15.51.51:112][  0]LogInit: Computer: eae-d-041
[2016.09.15-15.51.51:112][  0]LogInit: User: u1002582
[2016.09.15-15.51.51:112][  0]LogInit: CPU Page size=65536, Cores=4
[2016.09.15-15.51.51:112][  0]LogInit: High frequency timer resolution =3.513589 MHz
[2016.09.15-15.51.51:112][  0]LogMemory: Memory total: Physical=31.9GB (32GB approx)
[2016.09.15-15.51.51:112][  0]LogMemory: Platform Memory Stats for Windows
[2016.09.15-15.51.51:112][  0]LogMemory: Process Physical Memory: 190.13 MB used, 190.13 MB peak
[2016.09.15-15.51.51:112][  0]LogMemory: Process Virtual Memory: 195.26 MB used, 195.26 MB peak
[2016.09.15-15.51.51:112][  0]LogMemory: Physical Memory: 7202.33 MB used, 32644.64 MB total
[2016.09.15-15.51.51:112][  0]LogMemory: Virtual Memory: 552.93 MB used, 134217728.00 MB total
[2016.09.15-15.51.51:136][  0]LogTextLocalizationManager: No specific translations for ('en-US') exist, so ('en') translations will be used.
[2016.09.15-15.51.51:456][  0]LogD3D11RHI: D3D11 adapters:
[2016.09.15-15.51.51:489][  0]LogD3D11RHI:    0. 'NVIDIA GeForce GTX 1070' (Feature Level 11_0)
[2016.09.15-15.51.51:489][  0]LogD3D11RHI:       8145/0/16322 MB DedicatedVideo/DedicatedSystem/SharedSystem, Outputs:2, VendorId:0x10de
[2016.09.15-15.51.51:494][  0]LogD3D11RHI:    1. 'Intel(R) HD Graphics 4600' (Feature Level 11_0)
[2016.09.15-15.51.51:494][  0]LogD3D11RHI:       112/0/2048 MB DedicatedVideo/DedicatedSystem/SharedSystem, Outputs:0, VendorId:0x8086
[2016.09.15-15.51.51:495][  0]LogD3D11RHI:    2. 'Microsoft Basic Render Driver' (Feature Level 11_0)
[2016.09.15-15.51.51:495][  0]LogD3D11RHI:       0/0/16322 MB DedicatedVideo/DedicatedSystem/SharedSystem, Outputs:0, VendorId:0x1414
[2016.09.15-15.51.51:495][  0]LogD3D11RHI: Chosen D3D11 Adapter: 0
[2016.09.15-15.51.51:499][  0]LogD3D11RHI: Creating new Direct3DDevice
[2016.09.15-15.51.51:499][  0]LogD3D11RHI:     GPU DeviceId: 0x1b81 (for the marketing name, search the web for "GPU Device Id")
[2016.09.15-15.51.51:499][  0]LogWindows: EnumDisplayDevices:
[2016.09.15-15.51.51:499][  0]LogWindows:    0. 'NVIDIA GeForce GTX 1070' (P:0 D:1)
[2016.09.15-15.51.51:499][  0]LogWindows:    1. 'NVIDIA GeForce GTX 1070' (P:1 D:1)
[2016.09.15-15.51.51:500][  0]LogWindows:    2. 'NVIDIA GeForce GTX 1070' (P:0 D:0)
[2016.09.15-15.51.51:500][  0]LogWindows:    3. 'NVIDIA GeForce GTX 1070' (P:0 D:0)
[2016.09.15-15.51.51:500][  0]LogWindows:    4. 'Intel(R) HD Graphics 4600' (P:0 D:0)
[2016.09.15-15.51.51:500][  0]LogWindows:    5. 'Intel(R) HD Graphics 4600' (P:0 D:0)
[2016.09.15-15.51.51:500][  0]LogWindows:    6. 'Intel(R) HD Graphics 4600' (P:0 D:0)
[2016.09.15-15.51.51:500][  0]LogWindows: DebugString: PrimaryIsNotTheChoosenAdapter PrimaryIsNotTheChoosenAdapter PrimaryIsNotTheChoosenAdapter FoundDriverCount:4 
[2016.09.15-15.51.51:500][  0]LogD3D11RHI:     Adapter Name: NVIDIA GeForce GTX 1070
[2016.09.15-15.51.51:500][  0]LogD3D11RHI:   Driver Version: 368.81 (internal:10.18.13.6881, unified:368.81)
[2016.09.15-15.51.51:500][  0]LogD3D11RHI:      Driver Date: 7-10-2016
[2016.09.15-15.51.51:500][  0]LogRHI: Texture pool is 1361 MB (70% of 1945 MB)
[2016.09.15-15.51.51:515][  0]LogD3D11RHI: Async texture creation enabled
[2016.09.15-15.51.51:524][  0]LogD3D11RHI: GPU Timing Frequency: 1000.000000 (Debug: 2 1)
[2016.09.15-15.51.51:524][  0]LogShaderCompilers: Guid format shader working directory is -6 characters bigger than the processId version (../../../../../../Users/u1002582/Documents/HideVSeekSC/Intermediate/Shaders/WorkingDirectory/13092/).
[2016.09.15-15.51.51:524][  0]LogShaderCompilers: Cleaned the shader compiler working directory 'C:/Users/u1002582/AppData/Local/Temp/UnrealShaderWorkingDir/8218F1C6468B592F69744AADBE56CED8/'.
[2016.09.15-15.51.51:524][  0]LogShaderCompilers:Display: Using Local Shader Compiler.
[2016.09.15-15.51.52:260][  0]LogTemp:Display: Loaded TP AllDesktopTargetPlatform
[2016.09.15-15.51.52:267][  0]LogTemp:Display: Loaded TP WindowsClientTargetPlatform
[2016.09.15-15.51.52:274][  0]LogTemp:Display: Loaded TP WindowsNoEditorTargetPlatform
[2016.09.15-15.51.52:281][  0]LogTemp:Display: Loaded TP WindowsServerTargetPlatform
[2016.09.15-15.51.52:288][  0]LogTemp:Display: Loaded TP WindowsTargetPlatform
[2016.09.15-15.51.52:294][  0]LogTemp:Display: Loaded TP AndroidTargetPlatform
[2016.09.15-15.51.52:300][  0]LogTemp:Display: Loaded TP Android_ASTCTargetPlatform
[2016.09.15-15.51.52:306][  0]LogTemp:Display: Loaded TP Android_ATCTargetPlatform
[2016.09.15-15.51.52:312][  0]LogTemp:Display: Loaded TP Android_DXTTargetPlatform
[2016.09.15-15.51.52:317][  0]LogTemp:Display: Loaded TP Android_ETC1TargetPlatform
[2016.09.15-15.51.52:323][  0]LogTemp:Display: Loaded TP Android_ETC2TargetPlatform
[2016.09.15-15.51.52:335][  0]LogTemp:Display: Loaded TP Android_MultiTargetPlatform
[2016.09.15-15.51.52:335][  0]LogTemp:Display: Loaded TP Android_PVRTCTargetPlatform
[2016.09.15-15.51.52:336][  0]LogTemp:Display: Loaded TP HTML5TargetPlatform
[2016.09.15-15.51.52:354][  0]LogTemp:Display: Loaded TP IOSTargetPlatform
[2016.09.15-15.51.52:359][  0]LogTemp:Display: Loaded TP TVOSTargetPlatform
[2016.09.15-15.51.52:365][  0]LogTemp:Display: Loaded TP LinuxNoEditorTargetPlatform
[2016.09.15-15.51.52:371][  0]LogTemp:Display: Loaded TP LinuxServerTargetPlatform
[2016.09.15-15.51.52:377][  0]LogTemp:Display: Loaded TP LinuxTargetPlatform
[2016.09.15-15.51.52:377][  0]LogTargetPlatformManager:Display: Building Assets For Windows
[2016.09.15-15.51.52:434][  0]LogDerivedDataCache:Display: Max Cache Size: 512 MB
[2016.09.15-15.51.52:473][  0]LogDerivedDataCache: Loaded boot cache 0.04s 48MB C:/Users/u1002582/AppData/Local/UnrealEngine/4.12/DerivedDataCache/Boot.ddc.
[2016.09.15-15.51.52:473][  0]LogDerivedDataCache:Display: Loaded Boot cache: C:/Users/u1002582/AppData/Local/UnrealEngine/4.12/DerivedDataCache/Boot.ddc
[2016.09.15-15.51.52:473][  0]LogDerivedDataCache: FDerivedDataBackendGraph:  Pak pak cache file ../../../../../../Users/u1002582/Documents/HideVSeekSC/DerivedDataCache/DDC.ddp not found, will not use a pak cache.
[2016.09.15-15.51.52:473][  0]LogDerivedDataCache: Unable to find inner node Pak for hierarchical cache Hierarchy.
[2016.09.15-15.51.52:473][  0]LogDerivedDataCache: FDerivedDataBackendGraph:  CompressedPak pak cache file ../../../../../../Users/u1002582/Documents/HideVSeekSC/DerivedDataCache/Compressed.ddp not found, will not use a pak cache.
[2016.09.15-15.51.52:473][  0]LogDerivedDataCache: Unable to find inner node CompressedPak for hierarchical cache Hierarchy.
[2016.09.15-15.51.52:487][  0]LogDerivedDataCache:Display: Pak cache opened for reading ../../../Engine/DerivedDataCache/Compressed.ddp.
[2016.09.15-15.51.52:499][  0]LogDerivedDataCache: Using Local data cache path C:/Users/u1002582/AppData/Local/UnrealEngine/Common/DerivedDataCache: Writable
[2016.09.15-15.51.52:632][  0]LogInit: Selected Device Profile: [Windows]
[2016.09.15-15.51.52:633][  0]LogContentStreaming: Texture pool size is 0.00 MB
[2016.09.15-15.51.52:753][  0]LogMeshUtilities: No automatic mesh reduction module available
[2016.09.15-15.51.52:753][  0]LogMeshUtilities: No automatic mesh merging module available
[2016.09.15-15.51.52:753][  0]LogMeshUtilities: No distributed automatic mesh merging module available
[2016.09.15-15.51.52:948][  0]LogAssetRegistry: FAssetRegistry took 0.0218 seconds to start up
[2016.09.15-15.51.52:973][  0]LogPackageLocalizationCache: Processed 3 localized package path(s) for 2 prioritized culture(s) in 0.022694 seconds
[2016.09.15-15.51.52:977][  0]LogUObjectArray: 28739 objects as part of root set at end of initial load.
[2016.09.15-15.51.52:977][  0]LogUObjectAllocator: 5855632 out of 0 bytes used by permanent object pool.
[2016.09.15-15.51.52:977][  0]LogUObjectArray: CloseDisregardForGC: 0/0 objects in disregard for GC pool
[2016.09.15-15.51.52:982][  0]LogInit: WinSock: version 1.1 (2.2), MaxSocks=32767, MaxUdp=65467
[2016.09.15-15.51.53:111][  0]LogSlate: SlateFontCache - WITH_FREETYPE: 1, WITH_HARFBUZZ: 1
[2016.09.15-15.51.53:111][  0]LogSlate: SlateFontCache - WITH_FREETYPE: 1, WITH_HARFBUZZ: 1
[2016.09.15-15.51.53:597][  0]LogSubstanceCoreModule: Substance CPU Engine Loaded, Max Texture Size 2048
[2016.09.15-15.51.53:604][  0]LogUdpMessaging: Initializing bridge on interface 0.0.0.0:0 to multicast group 230.0.0.1:6666.
[2016.09.15-15.51.53:781][  0]SourceControl: Info Source control is disabled
[2016.09.15-15.51.53:809][  0]SourceControl: Info Source control is disabled
[2016.09.15-15.51.53:816][  0]SourceControl: Info Source control is disabled
[2016.09.15-15.51.53:823][  0]SourceControl: Info Source control is disabled
[2016.09.15-15.51.53:993][  0]LogEngine: Initializing Engine...
[2016.09.15-15.51.53:994][  0]LogHMD: SteamVR failed to initialize.  Err: 110
[2016.09.15-15.51.53:994][  0]LogHMD: SteamVR failed to initialize.  Err: 110
[2016.09.15-15.51.54:100][  0]LogAIModule: Creating AISystem for world NewWorld
[2016.09.15-15.51.54:114][  0]LogInit: XAudio2 using 'DELL UZ2315H-C (3- NVIDIA High Definition Audio)' : 2 channels at 48 kHz using 16 bits per sample (channel mask 0x3)
[2016.09.15-15.51.54:126][  0]LogInit: FAudioDevice initialized.
[2016.09.15-15.51.54:148][  0]LogDerivedDataCache: Saved boot cache 0.02s 48MB C:/Users/u1002582/AppData/Local/UnrealEngine/4.12/DerivedDataCache/Boot.ddc.
[2016.09.15-15.51.54:154][  0]LogInit: Texture streaming: Enabled
[2016.09.15-15.51.54:172][  0]LogInit: Transaction tracking system initialized
[2016.09.15-15.51.54:188][  0]BlueprintLog: New page: Editor Load
[2016.09.15-15.51.54:240][  0]LocalizationService: Info Localization service is disabled
[2016.09.15-15.51.54:287][  0]LogConsoleResponse:Display: 
[2016.09.15-15.51.54:363][  0]LogCook:Display: Max memory allowance for cook 8192mb
[2016.09.15-15.51.54:363][  0]LogCook:Display: Mobile HDR setting 1
[2016.09.15-15.51.54:437][  0]LogFileCache: Scanning file cache for directory 'C:/Users/u1002582/Documents/HideVSeekSC/Content/' took 0.02s
[2016.09.15-15.51.54:437][  0]SourceControl: Info Source control is disabled
[2016.09.15-15.51.54:437][  0]Cmd: MAP LOAD FILE="../../../../../../Users/u1002582/Documents/HideVSeekSC/Content/StarterContent/Maps/Minimal_Default.umap" TEMPLATE=0 SHOWPROGRESS=1 FEATURELEVEL=3
[2016.09.15-15.51.54:438][  0]LightingResults: New page: Lighting Build
[2016.09.15-15.51.54:440][  0]MapCheck: New page: Map Check
[2016.09.15-15.51.54:440][  0]LightingResults: New page: Lighting Build
[2016.09.15-15.51.54:677][  0]LogAIModule: Creating AISystem for world Minimal_Default
[2016.09.15-15.51.54:683][  0]LogEditorServer: Finished looking for orphan Actors (0.000 secs)
[2016.09.15-15.51.54:684][  0]Cmd: MAP CHECKDEP NOCLEARLOG
[2016.09.15-15.51.54:720][  0]MapCheck: Info Map check complete: 0 Error(s), 0 Warning(s), took 35.891ms to complete.
[2016.09.15-15.51.54:720][  0]LogFileHelpers: Loading map 'Minimal_Default' took 0.282
[2016.09.15-15.51.54:843][  0]LogCollectionManager: Loaded 0 collections in 0.001550 seconds
[2016.09.15-15.51.54:884][  0]LogFileCache: Scanning file cache for directory 'C:/Users/u1002582/Documents/HideVSeekSC/Saved/Collections/' took 0.01s
[2016.09.15-15.51.54:884][  0]LogFileCache: Scanning file cache for directory 'C:/Users/u1002582/Documents/HideVSeekSC/Content/Developers/u1002582/Collections/' took 0.01s
[2016.09.15-15.51.54:884][  0]LogFileCache: Scanning file cache for directory 'C:/Users/u1002582/Documents/HideVSeekSC/Content/Collections/' took 0.01s
[2016.09.15-15.51.54:884][  0]LogCollectionManager: Rebuilt the GUID cache for 0 collections in 0.000002 seconds
[2016.09.15-15.51.54:890][  0]LogContentBrowser: Native class hierarchy populated in 0.0064 seconds. Added 2062 classes and 375 folders.
[2016.09.15-15.51.54:893][  0]LogStats: UGameplayTagsManager::ConstructGameplayTagTree: Construct from data asset -  0.000 s
[2016.09.15-15.51.54:893][  0]LogStats: UGameplayTagsManager::ConstructGameplayTagTree: GameplayTagTreeChangedEvent.Broadcast -  0.000 s
[2016.09.15-15.51.54:894][  0]LogContentBrowser: Native class hierarchy updated for 'GameplayTags' in 0.0003 seconds. Added 12 classes and 0 folders.
[2016.09.15-15.51.54:898][  0]LogContentBrowser: Native class hierarchy updated for 'WidgetCarousel' in 0.0003 seconds. Added 0 classes and 0 folders.
[2016.09.15-15.51.54:932][  0]LogContentBrowser: Native class hierarchy updated for 'AddContentDialog' in 0.0004 seconds. Added 0 classes and 0 folders.
[2016.09.15-15.51.54:935][  0]LogContentBrowser: Native class hierarchy updated for 'SceneOutliner' in 0.0003 seconds. Added 1 classes and 2 folders.
[2016.09.15-15.51.54:946][  0]LogCrashTracker: Crashtracker disabled due to settings.
[2016.09.15-15.51.54:951][  0]LogUObjectGlobals:Warning: Failed to find object 'Class None.'
[2016.09.15-15.51.54:976][  0]LogContentBrowser: Native class hierarchy updated for 'HierarchicalLODOutliner' in 0.0003 seconds. Added 1 classes and 2 folders.
[2016.09.15-15.51.54:976][  0]LogLoad: Full Startup: 4.50 seconds (BP compile: 0.02 seconds)
[2016.09.15-15.51.54:976][  0]LogExternalProfiler: Found external profiler: VSPerf
[2016.09.15-15.51.54:976][  0]LogExternalProfiler: Using external profiler: VSPerf
[2016.09.15-15.51.54:985][  0]LogWindowsTextInputMethodSystem:Display: IME system now deactivated.
[2016.09.15-15.51.54:985][  0]LogOcInput: OculusInput pre-init called
[2016.09.15-15.51.55:003][  0]LogContentStreaming: Texture pool size now 1000 MB
[2016.09.15-15.51.55:137][  0]LogRenderer: Reallocating scene render targets to support 1208x576 (Frame:2).
[2016.09.15-15.51.55:206][  1]LogAssetRegistry: Asset discovery search completed in 2.2794 seconds
[2016.09.15-15.51.55:206][  1]LogCollectionManager: Rebuilt the object cache for 0 collections in 0.000001 seconds (found 0 objects)
[2016.09.15-15.51.55:206][  1]LogCollectionManager: Fixed up redirectors for 0 collections in 0.000028 seconds (updated 0 objects)
[2016.09.15-15.52.00:060][474]LogBlueprint:Warning: Compiler Warning  Cast to Player Controller  is deprecated; Use standard Cast To node instead.
[2016.09.15-15.52.00:060][474]LogBlueprint:Warning: Compiler Warning  Cast to Player Controller  is deprecated; Use standard Cast To node instead.
[2016.09.15-15.52.00:061][474]LogBlueprint:Warning: Compiler Warning [0009.58] Compile of Player_Selection successful, but with 2 Warning(s) [in 5 ms] (/Game/UI/Player_Selection.Player_Selection)
[2016.09.15-15.52.00:061][474]LogBlueprint:Warning: Compiler Warning [0009.58] Compile of Player_Selection successful, but with 3 Warning(s) [in 0 ms] (/Game/UI/Player_Selection.Player_Selection)
[2016.09.15-15.52.00:061][474]LogBlueprint:Warning: Compiler Warning [0009.58] Compile of Player_Selection successful, but with 4 Warning(s) [in 0 ms] (/Game/UI/Player_Selection.Player_Selection)
[2016.09.15-15.52.01:721][474]LogBlueprint:Warning: Compiler Warning  Cast to Player Controller  is deprecated; Use standard Cast To node instead.
[2016.09.15-15.52.01:721][474]LogBlueprint:Warning: Compiler Warning  Cast to Player Controller  is deprecated; Use standard Cast To node instead.
[2016.09.15-15.52.01:723][474]LogBlueprint:Warning: Compiler Warning [0011.24] Compile of Player_Selection successful, but with 2 Warning(s) [in 5 ms] (/Game/UI/Player_Selection.Player_Selection)
[2016.09.15-15.52.01:723][474]LogBlueprint:Warning: Compiler Warning [0011.24] Compile of Player_Selection successful, but with 3 Warning(s) [in 0 ms] (/Game/UI/Player_Selection.Player_Selection)
[2016.09.15-15.52.01:723][474]LogBlueprint:Warning: Compiler Warning [0011.24] Compile of Player_Selection successful, but with 4 Warning(s) [in 0 ms] (/Game/UI/Player_Selection.Player_Selection)
[2016.09.15-15.52.02:811][474]LogAIModule: Creating AISystem for world Main_Level
[2016.09.15-15.52.02:967][474]Cmd: MAP LOAD FILE="../../../../../../Users/u1002582/Documents/HideVSeekSC/Content/Levels/Ray/Main_Level.umap" TEMPLATE=0 SHOWPROGRESS=1 FEATURELEVEL=3
[2016.09.15-15.52.02:967][474]LightingResults: New page: Lighting Build
[2016.09.15-15.52.02:967][474]LoadErrors: New page: Loading map: Main_Level.umap
[2016.09.15-15.52.02:968][474]MapCheck: New page: Map Check
[2016.09.15-15.52.02:968][474]LightingResults: New page: Lighting Build
[2016.09.15-15.52.03:002][474]LogEditorServer: Finished looking for orphan Actors (0.000 secs)
[2016.09.15-15.52.03:022][474]Cmd: MAP CHECKDEP NOCLEARLOG
[2016.09.15-15.52.03:086][474]MapCheck: Info Map check complete: 0 Error(s), 0 Warning(s), took 63.421ms to complete.
[2016.09.15-15.52.03:086][474]LogFileHelpers: Loading map 'Main_Level' took 0.121
[2016.09.15-15.52.04:785][653]LogBlueprintUserMessages: Early PlayInEditor Detection: Level '/Game/Levels/Ray/Main_Level.Main_Level:PersistentLevel' has LevelScriptBlueprint '/Game/Levels/Ray/Main_Level.Main_Level:PersistentLevel.Main_Level' with GeneratedClass '/Game/Levels/Ray/Main_Level.Main_Level_C' with ClassGeneratedBy '/Game/Levels/Ray/Main_Level.Main_Level:PersistentLevel.Main_Level'
[2016.09.15-15.52.04:785][653]LogPlayLevel: PlayLevel: No blueprints needed recompiling
[2016.09.15-15.52.04:785][653]PIE: New page: PIE session: Main_Level (Sep 15, 2016, 2:52:04 AM)
[2016.09.15-15.52.04:785][653]LogPlayLevel: Creating play world package: /Game/Levels/Ray/UEDPIE_0_Main_Level
[2016.09.15-15.52.04:795][653]LogPlayLevel: PIE: StaticDuplicateObject took: (0.009569s)
[2016.09.15-15.52.04:795][653]LogAIModule: Creating AISystem for world Main_Level
[2016.09.15-15.52.04:795][653]LogPlayLevel: PIE: World Init took: (0.000603s)
[2016.09.15-15.52.04:796][653]LogPlayLevel: PIE: Created PIE world by copying editor world from /Game/Levels/Ray/Main_Level.Main_Level to /Game/Levels/Ray/UEDPIE_0_Main_Level.Main_Level (0.010536s)
[2016.09.15-15.52.04:822][653]LogInit: XAudio2 using 'DELL UZ2315H-C (3- NVIDIA High Definition Audio)' : 2 channels at 48 kHz using 16 bits per sample (channel mask 0x3)
[2016.09.15-15.52.04:826][653]LogInit: FAudioDevice initialized.
[2016.09.15-15.52.04:885][653]LogWorld: Game class is 'CaptureThePoint_C'
[2016.09.15-15.52.04:895][653]LogWorld: Bringing World /Game/Levels/Ray/UEDPIE_0_Main_Level.Main_Level up for play (max tick rate 0) at 2016.09.15-09.52.04
[2016.09.15-15.52.04:896][653]LogWorld: Bringing up level for play took: 0.009891
[2016.09.15-15.52.04:900][653]LogContentBrowser: Native class hierarchy updated for 'MovieSceneCapture' in 0.0004 seconds. Added 11 classes and 0 folders.
[2016.09.15-15.52.04:902][653]PIE: Info Play in editor start time for /Game/Levels/Ray/UEDPIE_0_Main_Level 0.933
[2016.09.15-15.52.04:902][653]LogBlueprintUserMessages: Late PlayInEditor Detection: Level '/Game/Levels/Ray/Main_Level.Main_Level:PersistentLevel' has LevelScriptBlueprint '/Game/Levels/Ray/Main_Level.Main_Level:PersistentLevel.Main_Level' with GeneratedClass '/Game/Levels/Ray/Main_Level.Main_Level_C' with ClassGeneratedBy '/Game/Levels/Ray/Main_Level.Main_Level:PersistentLevel.Main_Level'
[2016.09.15-15.52.46:046][583]LogBlueprintUserMessages: Early EndPlayMap Detection: Level '/Game/Levels/Ray/Main_Level.Main_Level:PersistentLevel' has LevelScriptBlueprint '/Game/Levels/Ray/Main_Level.Main_Level:PersistentLevel.Main_Level' with GeneratedClass '/Game/Levels/Ray/Main_Level.Main_Level_C' with ClassGeneratedBy '/Game/Levels/Ray/Main_Level.Main_Level:PersistentLevel.Main_Level'
[2016.09.15-15.52.46:080][583]LogBlueprintUserMessages: Late EndPlayMap Detection: Level '/Game/Levels/Ray/Main_Level.Main_Level:PersistentLevel' has LevelScriptBlueprint '/Game/Levels/Ray/Main_Level.Main_Level:PersistentLevel.Main_Level' with GeneratedClass '/Game/Levels/Ray/Main_Level.Main_Level_C' with ClassGeneratedBy '/Game/Levels/Ray/Main_Level.Main_Level:PersistentLevel.Main_Level'
[2016.09.15-15.52.47:396][736]LogBlueprintUserMessages: Early PlayInEditor Detection: Level '/Game/Levels/Ray/Main_Level.Main_Level:PersistentLevel' has LevelScriptBlueprint '/Game/Levels/Ray/Main_Level.Main_Level:PersistentLevel.Main_Level' with GeneratedClass '/Game/Levels/Ray/Main_Level.Main_Level_C' with ClassGeneratedBy '/Game/Levels/Ray/Main_Level.Main_Level:PersistentLevel.Main_Level'
[2016.09.15-15.52.47:396][736]LogPlayLevel: PlayLevel: No blueprints needed recompiling
[2016.09.15-15.52.47:397][736]PIE: New page: PIE session: Main_Level (Sep 15, 2016, 2:52:47 AM)
[2016.09.15-15.52.47:397][736]LogPlayLevel: Creating play world package: /Game/Levels/Ray/UEDPIE_0_Main_Level
[2016.09.15-15.52.47:406][736]LogPlayLevel: PIE: StaticDuplicateObject took: (0.009309s)
[2016.09.15-15.52.47:407][736]LogAIModule: Creating AISystem for world Main_Level
[2016.09.15-15.52.47:407][736]LogPlayLevel: PIE: World Init took: (0.000607s)
[2016.09.15-15.52.47:407][736]LogPlayLevel: PIE: Created PIE world by copying editor world from /Game/Levels/Ray/Main_Level.Main_Level to /Game/Levels/Ray/UEDPIE_0_Main_Level.Main_Level (0.010216s)
[2016.09.15-15.52.47:434][736]LogInit: XAudio2 using 'DELL UZ2315H-C (3- NVIDIA High Definition Audio)' : 2 channels at 48 kHz using 16 bits per sample (channel mask 0x3)
[2016.09.15-15.52.47:437][736]LogInit: FAudioDevice initialized.
[2016.09.15-15.52.47:484][736]LogWorld: Game class is 'CaptureThePoint_C'
[2016.09.15-15.52.47:494][736]LogWorld: Bringing World /Game/Levels/Ray/UEDPIE_0_Main_Level.Main_Level up for play (max tick rate 0) at 2016.09.15-09.52.47
[2016.09.15-15.52.47:495][736]LogWorld: Bringing up level for play took: 0.009896
[2016.09.15-15.52.47:498][736]PIE: Info Play in