Log file open, 09/15/16 09:14:57
LogInit:Display: Running engine for game: HideVSeekSC
LogPlatformFile: Not using cached read wrapper
LogInit:Display: RandInit(-163791830) SRandInit(-163791829).
LogTaskGraph: Started task graph with 4 named threads and 7 total threads with 1 sets of task threads.
LogStats: Stats thread started at 0.102887
LogInit: Version: 4.12.5-3039270+++UE4+Release-4.12
LogInit: API Version: 2992821
LogInit: Net Version: 3039270
LogDevObjectVersion: Number of dev versions registered: 13
LogDevObjectVersion:   Dev-Blueprints (B0D832E4-1F89-4F0D-ACCF-7EB736FD4AA2): 3
LogDevObjectVersion:   Dev-Build (E1C64328-A22C-4D53-A36C-8E866417BD8C): 0
LogDevObjectVersion:   Dev-Core (375EC13C-06E4-48FB-B500-84F0262A717E): 1
LogDevObjectVersion:   Dev-Editor (E4B068ED-F494-42E9-A231-DA0B2E46BB41): 2
LogDevObjectVersion:   Dev-Framework (CFFC743F-43B0-4480-9391-14DF171D2073): 6
LogDevObjectVersion:   Dev-Mobile (B02B49B5-BB20-44E9-A304-32B752E40360): 0
LogDevObjectVersion:   Dev-Networking (A4E4105C-59A1-49B5-A7C5-40C4547EDFEE): 0
LogDevObjectVersion:   Dev-Online (39C831C9-5AE6-47DC-9A44-9C173E1C8E7C): 0
LogDevObjectVersion:   Dev-Physics (78F01B33-EBEA-4F98-B9B4-84EACCB95AA2): 0
LogDevObjectVersion:   Dev-Platform (6631380F-2D4D-43E0-8009-CF276956A95A): 0
LogDevObjectVersion:   Dev-Rendering (12F88B9F-8875-4AFC-A67C-D90C383ABD29): 2
LogDevObjectVersion:   Dev-Sequencer (7B5AE74C-D270-4C10-A958-57980B212A5A): 0
LogDevObjectVersion:   Dev-VR (D7296918-1DD6-4BDD-9DE2-64A83CC13884): 0
LogInit: Compiled (64-bit): Jul  6 2016 09:09:46
LogInit: Compiled with Visual C++: 19.00.23026.00
LogInit: Build Configuration: Development
LogInit: Branch Name: ++UE4+Release-4.12
LogInit: Command line:  
LogInit: Base directory: C:/Program Files/Epic Games/4.12/Engine/Binaries/Win64/
LogInit: Installed Engine Build: 1
LogInit: Using libcurl 7.41.0
LogInit:  - built for x86_64-pc-win32
LogInit:  - supports SSL with WinSSL
LogInit:  - other features:
LogInit:      CURL_VERSION_SSL
LogInit:      CURL_VERSION_IPV6
LogInit:      CURL_VERSION_ASYNCHDNS
LogInit:      CURL_VERSION_LARGEFILE
LogInit:      CURL_VERSION_IDN
LogInit:  CurlRequestOptions (configurable via config and command line):
LogInit:  - bVerifyPeer = true  - Libcurl will verify peer certificate
LogInit:  - bUseHttpProxy = false  - Libcurl will NOT use HTTP proxy
LogInit:  - bDontReuseConnections = false  - Libcurl will reuse connections
LogInit:  - CertBundlePath = nullptr  - Libcurl will use whatever was configured at build time.
LogInit: Presizing for max 8388607 objects, including 0 objects not considered by GC, pre-allocating 0 bytes for permanent pool.
LogInit: Object subsystem initialized
[2016.09.15-15.14.57:214][  0]LogInit: Selected Device Profile: [Windows]
[2016.09.15-15.14.57:214][  0]LogInit: Applying CVar settings loaded from the selected device profile: [Windows]
[2016.09.15-15.14.57:240][  0]LogInit: Computer: eae-d-041
[2016.09.15-15.14.57:240][  0]LogInit: User: u1002582
[2016.09.15-15.14.57:240][  0]LogInit: CPU Page size=65536, Cores=4
[2016.09.15-15.14.57:240][  0]LogInit: High frequency timer resolution =3.513589 MHz
[2016.09.15-15.14.57:240][  0]LogMemory: Memory total: Physical=31.9GB (32GB approx)
[2016.09.15-15.14.57:240][  0]LogMemory: Platform Memory Stats for Windows
[2016.09.15-15.14.57:240][  0]LogMemory: Process Physical Memory: 190.10 MB used, 190.10 MB peak
[2016.09.15-15.14.57:240][  0]LogMemory: Process Virtual Memory: 195.18 MB used, 195.18 MB peak
[2016.09.15-15.14.57:240][  0]LogMemory: Physical Memory: 6579.39 MB used, 32644.64 MB total
[2016.09.15-15.14.57:240][  0]LogMemory: Virtual Memory: 552.93 MB used, 134217728.00 MB total
[2016.09.15-15.14.57:400][  0]LogTextLocalizationManager: No specific translations for ('en-US') exist, so ('en') translations will be used.
[2016.09.15-15.14.57:756][  0]LogD3D11RHI: D3D11 adapters:
[2016.09.15-15.14.57:786][  0]LogD3D11RHI:    0. 'NVIDIA GeForce GTX 1070' (Feature Level 11_0)
[2016.09.15-15.14.57:786][  0]LogD3D11RHI:       8145/0/16322 MB DedicatedVideo/DedicatedSystem/SharedSystem, Outputs:2, VendorId:0x10de
[2016.09.15-15.14.57:791][  0]LogD3D11RHI:    1. 'Intel(R) HD Graphics 4600' (Feature Level 11_0)
[2016.09.15-15.14.57:791][  0]LogD3D11RHI:       112/0/2048 MB DedicatedVideo/DedicatedSystem/SharedSystem, Outputs:0, VendorId:0x8086
[2016.09.15-15.14.57:792][  0]LogD3D11RHI:    2. 'Microsoft Basic Render Driver' (Feature Level 11_0)
[2016.09.15-15.14.57:792][  0]LogD3D11RHI:       0/0/16322 MB DedicatedVideo/DedicatedSystem/SharedSystem, Outputs:0, VendorId:0x1414
[2016.09.15-15.14.57:792][  0]LogD3D11RHI: Chosen D3D11 Adapter: 0
[2016.09.15-15.14.57:796][  0]LogD3D11RHI: Creating new Direct3DDevice
[2016.09.15-15.14.57:797][  0]LogD3D11RHI:     GPU DeviceId: 0x1b81 (for the marketing name, search the web for "GPU Device Id")
[2016.09.15-15.14.57:797][  0]LogWindows: EnumDisplayDevices:
[2016.09.15-15.14.57:797][  0]LogWindows:    0. 'NVIDIA GeForce GTX 1070' (P:0 D:1)
[2016.09.15-15.14.57:797][  0]LogWindows:    1. 'NVIDIA GeForce GTX 1070' (P:1 D:1)
[2016.09.15-15.14.57:797][  0]LogWindows:    2. 'NVIDIA GeForce GTX 1070' (P:0 D:0)
[2016.09.15-15.14.57:797][  0]LogWindows:    3. 'NVIDIA GeForce GTX 1070' (P:0 D:0)
[2016.09.15-15.14.57:797][  0]LogWindows:    4. 'Intel(R) HD Graphics 4600' (P:0 D:0)
[2016.09.15-15.14.57:797][  0]LogWindows:    5. 'Intel(R) HD Graphics 4600' (P:0 D:0)
[2016.09.15-15.14.57:798][  0]LogWindows:    6. 'Intel(R) HD Graphics 4600' (P:0 D:0)
[2016.09.15-15.14.57:798][  0]LogWindows: DebugString: PrimaryIsNotTheChoosenAdapter PrimaryIsNotTheChoosenAdapter PrimaryIsNotTheChoosenAdapter FoundDriverCount:4 
[2016.09.15-15.14.57:798][  0]LogD3D11RHI:     Adapter Name: NVIDIA GeForce GTX 1070
[2016.09.15-15.14.57:798][  0]LogD3D11RHI:   Driver Version: 368.81 (internal:10.18.13.6881, unified:368.81)
[2016.09.15-15.14.57:798][  0]LogD3D11RHI:      Driver Date: 7-10-2016
[2016.09.15-15.14.57:798][  0]LogRHI: Texture pool is 1361 MB (70% of 1945 MB)
[2016.09.15-15.14.57:812][  0]LogD3D11RHI: Async texture creation enabled
[2016.09.15-15.14.57:821][  0]LogD3D11RHI: GPU Timing Frequency: 1000.000000 (Debug: 2 1)
[2016.09.15-15.14.57:821][  0]LogShaderCompilers: Guid format shader working directory is -6 characters bigger than the processId version (../../../../../../Users/u1002582/Documents/HideVSeekSC/Intermediate/Shaders/WorkingDirectory/16016/).
[2016.09.15-15.14.57:821][  0]LogShaderCompilers: Cleaned the shader compiler working directory 'C:/Users/u1002582/AppData/Local/Temp/UnrealShaderWorkingDir/A40A767940E0DCE6C8B901B42FF338A0/'.
[2016.09.15-15.14.57:821][  0]LogShaderCompilers:Display: Using Local Shader Compiler.
[2016.09.15-15.14.59:348][  0]LogTemp:Display: Loaded TP AllDesktopTargetPlatform
[2016.09.15-15.14.59:355][  0]LogTemp:Display: Loaded TP WindowsClientTargetPlatform
[2016.09.15-15.14.59:362][  0]LogTemp:Display: Loaded TP WindowsNoEditorTargetPlatform
[2016.09.15-15.14.59:369][  0]LogTemp:Display: Loaded TP WindowsServerTargetPlatform
[2016.09.15-15.14.59:376][  0]LogTemp:Display: Loaded TP WindowsTargetPlatform
[2016.09.15-15.14.59:385][  0]LogTemp:Display: Loaded TP AndroidTargetPlatform
[2016.09.15-15.14.59:392][  0]LogTemp:Display: Loaded TP Android_ASTCTargetPlatform
[2016.09.15-15.14.59:398][  0]LogTemp:Display: Loaded TP Android_ATCTargetPlatform
[2016.09.15-15.14.59:403][  0]LogTemp:Display: Loaded TP Android_DXTTargetPlatform
[2016.09.15-15.14.59:410][  0]LogTemp:Display: Loaded TP Android_ETC1TargetPlatform
[2016.09.15-15.14.59:416][  0]LogTemp:Display: Loaded TP Android_ETC2TargetPlatform
[2016.09.15-15.14.59:429][  0]LogTemp:Display: Loaded TP Android_MultiTargetPlatform
[2016.09.15-15.14.59:429][  0]LogTemp:Display: Loaded TP Android_PVRTCTargetPlatform
[2016.09.15-15.14.59:430][  0]LogTemp:Display: Loaded TP HTML5TargetPlatform
[2016.09.15-15.14.59:469][  0]LogTemp:Display: Loaded TP IOSTargetPlatform
[2016.09.15-15.14.59:475][  0]LogTemp:Display: Loaded TP TVOSTargetPlatform
[2016.09.15-15.14.59:481][  0]LogTemp:Display: Loaded TP LinuxNoEditorTargetPlatform
[2016.09.15-15.14.59:487][  0]LogTemp:Display: Loaded TP LinuxServerTargetPlatform
[2016.09.15-15.14.59:497][  0]LogTemp:Display: Loaded TP LinuxTargetPlatform
[2016.09.15-15.14.59:497][  0]LogTargetPlatformManager:Display: Building Assets For Windows
[2016.09.15-15.14.59:735][  0]LogDerivedDataCache:Display: Max Cache Size: 512 MB
[2016.09.15-15.14.59:907][  0]LogDerivedDataCache: Loaded boot cache 0.17s 48MB C:/Users/u1002582/AppData/Local/UnrealEngine/4.12/DerivedDataCache/Boot.ddc.
[2016.09.15-15.14.59:908][  0]LogDerivedDataCache:Display: Loaded Boot cache: C:/Users/u1002582/AppData/Local/UnrealEngine/4.12/DerivedDataCache/Boot.ddc
[2016.09.15-15.14.59:908][  0]LogDerivedDataCache: FDerivedDataBackendGraph:  Pak pak cache file ../../../../../../Users/u1002582/Documents/HideVSeekSC/DerivedDataCache/DDC.ddp not found, will not use a pak cache.
[2016.09.15-15.14.59:908][  0]LogDerivedDataCache: Unable to find inner node Pak for hierarchical cache Hierarchy.
[2016.09.15-15.14.59:908][  0]LogDerivedDataCache: FDerivedDataBackendGraph:  CompressedPak pak cache file ../../../../../../Users/u1002582/Documents/HideVSeekSC/DerivedDataCache/Compressed.ddp not found, will not use a pak cache.
[2016.09.15-15.14.59:908][  0]LogDerivedDataCache: Unable to find inner node CompressedPak for hierarchical cache Hierarchy.
[2016.09.15-15.14.59:928][  0]LogDerivedDataCache:Display: Pak cache opened for reading ../../../Engine/DerivedDataCache/Compressed.ddp.
[2016.09.15-15.14.59:941][  0]LogDerivedDataCache: Using Local data cache path C:/Users/u1002582/AppData/Local/UnrealEngine/Common/DerivedDataCache: Writable
[2016.09.15-15.15.01:716][  0]LogInit: Selected Device Profile: [Windows]
[2016.09.15-15.15.01:720][  0]LogContentStreaming: Texture pool size is 0.00 MB
[2016.09.15-15.15.02:023][  0]LogMeshUtilities: No automatic mesh reduction module available
[2016.09.15-15.15.02:023][  0]LogMeshUtilities: No automatic mesh merging module available
[2016.09.15-15.15.02:023][  0]LogMeshUtilities: No distributed automatic mesh merging module available
[2016.09.15-15.15.02:546][  0]LogAssetRegistry: FAssetRegistry took 0.0241 seconds to start up
[2016.09.15-15.15.02:579][  0]LogPackageLocalizationCache: Processed 3 localized package path(s) for 2 prioritized culture(s) in 0.027492 seconds
[2016.09.15-15.15.02:584][  0]LogUObjectArray: 28739 objects as part of root set at end of initial load.
[2016.09.15-15.15.02:584][  0]LogUObjectAllocator: 5855632 out of 0 bytes used by permanent object pool.
[2016.09.15-15.15.02:584][  0]LogUObjectArray: CloseDisregardForGC: 0/0 objects in disregard for GC pool
[2016.09.15-15.15.02:592][  0]LogInit: WinSock: version 1.1 (2.2), MaxSocks=32767, MaxUdp=65467
[2016.09.15-15.15.02:993][  0]LogSlate: SlateFontCache - WITH_FREETYPE: 1, WITH_HARFBUZZ: 1
[2016.09.15-15.15.02:993][  0]LogSlate: SlateFontCache - WITH_FREETYPE: 1, WITH_HARFBUZZ: 1
[2016.09.15-15.15.04:449][  0]LogSubstanceCoreModule: Substance CPU Engine Loaded, Max Texture Size 2048
[2016.09.15-15.15.04:461][  0]LogUdpMessaging: Initializing bridge on interface 0.0.0.0:0 to multicast group 230.0.0.1:6666.
[2016.09.15-15.15.04:799][  0]SourceControl: Info Source control is disabled
[2016.09.15-15.15.04:879][  0]SourceControl: Info Source control is disabled
[2016.09.15-15.15.04:891][  0]SourceControl: Info Source control is disabled
[2016.09.15-15.15.04:900][  0]SourceControl: Info Source control is disabled
[2016.09.15-15.15.05:161][  0]LogEngine: Initializing Engine...
[2016.09.15-15.15.05:182][  0]LogHMD: SteamVR failed to initialize.  Err: 110
[2016.09.15-15.15.05:183][  0]LogHMD: SteamVR failed to initialize.  Err: 110
[2016.09.15-15.15.05:393][  0]LogAIModule: Creating AISystem for world NewWorld
[2016.09.15-15.15.05:416][  0]LogInit: XAudio2 using 'DELL UZ2315H-C (3- NVIDIA High Definition Audio)' : 2 channels at 48 kHz using 16 bits per sample (channel mask 0x3)
[2016.09.15-15.15.05:430][  0]LogInit: FAudioDevice initialized.
[2016.09.15-15.15.05:452][  0]LogDerivedDataCache: Saved boot cache 0.02s 48MB C:/Users/u1002582/AppData/Local/UnrealEngine/4.12/DerivedDataCache/Boot.ddc.
[2016.09.15-15.15.05:458][  0]LogInit: Texture streaming: Enabled
[2016.09.15-15.15.05:483][  0]LogWindowsTextInputMethodSystem:Display: IME system now deactivated.
[2016.09.15-15.15.05:526][  0]LogInit: Transaction tracking system initialized
[2016.09.15-15.15.05:614][  0]BlueprintLog: New page: Editor Load
[2016.09.15-15.15.05:735][  0]LocalizationService: Info Localization service is disabled
[2016.09.15-15.15.05:823][  0]LogConsoleResponse:Display: 
[2016.09.15-15.15.06:129][  0]LogCook:Display: Max memory allowance for cook 8192mb
[2016.09.15-15.15.06:129][  0]LogCook:Display: Mobile HDR setting 1
[2016.09.15-15.15.06:296][  0]LogFileCache: Scanning file cache for directory 'C:/Users/u1002582/Documents/HideVSeekSC/Content/' took 0.02s
[2016.09.15-15.15.06:296][  0]SourceControl: Info Source control is disabled
[2016.09.15-15.15.06:297][  0]Cmd: MAP LOAD FILE="../../../../../../Users/u1002582/Documents/HideVSeekSC/Content/StarterContent/Maps/Minimal_Default.umap" TEMPLATE=0 SHOWPROGRESS=1 FEATURELEVEL=3
[2016.09.15-15.15.06:302][  0]LightingResults: New page: Lighting Build
[2016.09.15-15.15.06:312][  0]MapCheck: New page: Map Check
[2016.09.15-15.15.06:312][  0]LightingResults: New page: Lighting Build
[2016.09.15-15.15.06:770][  0]LogAIModule: Creating AISystem for world Minimal_Default
[2016.09.15-15.15.06:898][  0]LogEditorServer: Finished looking for orphan Actors (0.000 secs)
[2016.09.15-15.15.06:900][  0]Cmd: MAP CHECKDEP NOCLEARLOG
[2016.09.15-15.15.06:932][  0]MapCheck: Info Map check complete: 0 Error(s), 0 Warning(s), took 31.925ms to complete.
[2016.09.15-15.15.06:932][  0]LogFileHelpers: Loading map 'Minimal_Default' took 0.635
[2016.09.15-15.15.07:125][  0]LogCollectionManager: Loaded 0 collections in 0.001900 seconds
[2016.09.15-15.15.07:180][  0]LogFileCache: Scanning file cache for directory 'C:/Users/u1002582/Documents/HideVSeekSC/Saved/Collections/' took 0.01s
[2016.09.15-15.15.07:180][  0]LogFileCache: Scanning file cache for directory 'C:/Users/u1002582/Documents/HideVSeekSC/Content/Developers/u1002582/Collections/' took 0.01s
[2016.09.15-15.15.07:180][  0]LogFileCache: Scanning file cache for directory 'C:/Users/u1002582/Documents/HideVSeekSC/Content/Collections/' took 0.01s
[2016.09.15-15.15.07:180][  0]LogCollectionManager: Rebuilt the GUID cache for 0 collections in 0.000002 seconds
[2016.09.15-15.15.07:189][  0]LogContentBrowser: Native class hierarchy populated in 0.0071 seconds. Added 2062 classes and 375 folders.
[2016.09.15-15.15.07:195][  0]LogStats: UGameplayTagsManager::ConstructGameplayTagTree: Construct from data asset -  0.000 s
[2016.09.15-15.15.07:195][  0]LogStats: UGameplayTagsManager::ConstructGameplayTagTree: GameplayTagTreeChangedEvent.Broadcast -  0.000 s
[2016.09.15-15.15.07:196][  0]LogContentBrowser: Native class hierarchy updated for 'GameplayTags' in 0.0004 seconds. Added 12 classes and 0 folders.
[2016.09.15-15.15.07:202][  0]LogContentBrowser: Native class hierarchy updated for 'WidgetCarousel' in 0.0003 seconds. Added 0 classes and 0 folders.
[2016.09.15-15.15.07:428][  0]LogContentBrowser: Native class hierarchy updated for 'AddContentDialog' in 0.0003 seconds. Added 0 classes and 0 folders.
[2016.09.15-15.15.07:436][  0]LogContentBrowser: Native class hierarchy updated for 'SceneOutliner' in 0.0003 seconds. Added 1 classes and 2 folders.
[2016.09.15-15.15.07:477][  0]LogCrashTracker: Crashtracker disabled due to settings.
[2016.09.15-15.15.07:488][  0]LogUObjectGlobals:Warning: Failed to find object 'Class None.'
[2016.09.15-15.15.07:517][  0]LogContentBrowser: Native class hierarchy updated for 'HierarchicalLODOutliner' in 0.0003 seconds. Added 1 classes and 2 folders.
[2016.09.15-15.15.07:518][  0]LogLoad: Full Startup: 11.66 seconds (BP compile: 0.06 seconds)
[2016.09.15-15.15.07:518][  0]LogExternalProfiler: Found external profiler: VSPerf
[2016.09.15-15.15.07:518][  0]LogExternalProfiler: Using external profiler: VSPerf
[2016.09.15-15.15.07:528][  0]LogOcInput: OculusInput pre-init called
[2016.09.15-15.15.07:552][  0]LogContentStreaming: Texture pool size now 1000 MB
[2016.09.15-15.15.07:743][  0]LogRenderer: Reallocating scene render targets to support 1208x576 (Frame:2).
[2016.09.15-15.15.07:817][  1]LogAssetRegistry: Asset discovery search completed in 5.2937 seconds
[2016.09.15-15.15.07:817][  1]LogCollectionManager: Rebuilt the object cache for 0 collections in 0.000001 seconds (found 0 objects)
[2016.09.15-15.15.07:817][  1]LogCollectionManager: Fixed up redirectors for 0 collections in 0.000019 seconds (updated 0 objects)
[2016.09.15-15.15.20:863][367]LogBlueprint:Warning: Compiler Warning  Cast to Player Controller  is deprecated; Use standard Cast To node instead.
[2016.09.15-15.15.20:863][367]LogBlueprint:Warning: Compiler Warning  Cast to Player Controller  is deprecated; Use standard Cast To node instead.
[2016.09.15-15.15.20:864][367]LogBlueprint:Warning: Compiler Warning [0025.00] Compile of Player_Selection successful, but with 2 Warning(s) [in 5 ms] (/Game/UI/Player_Selection.Player_Selection)
[2016.09.15-15.15.20:864][367]LogBlueprint:Warning: Compiler Warning [0025.00] Compile of Player_Selection successful, but with 3 Warning(s) [in 0 ms] (/Game/UI/Player_Selection.Player_Selection)
[2016.09.15-15.15.20:864][367]LogBlueprint:Warning: Compiler Warning [0025.00] Compile of Player_Selection successful, but with 4 Warning(s) [in 0 ms] (/Game/UI/Player_Selection.Player_Selection)
[2016.09.15-15.15.22:996][367]LogBlueprint:Warning: Compiler Warning  Cast to Player Controller  is deprecated; Use standard Cast To node instead.
[2016.09.15-15.15.22:996][367]LogBlueprint:Warning: Compiler Warning  Cast to Player Controller  is deprecated; Use standard Cast To node instead.
[2016.09.15-15.15.22:997][367]LogBlueprint:Warning: Compiler Warning [0027.14] Compile of Player_Selection successful, but with 2 Warning(s) [in 4 ms] (/Game/UI/Player_Selection.Player_Selection)
[2016.09.15-15.15.22:998][367]LogBlueprint:Warning: Compiler Warning [0027.14] Compile of Player_Selection successful, but with 3 Warning(s) [in 0 ms] (/Game/UI/Player_Selection.Player_Selection)
[2016.09.15-15.15.22:998][367]LogBlueprint:Warning: Compiler Warning [0027.14] Compile of Player_Selection successful, but with 4 Warning(s) [in 0 ms] (/Game/UI/Player_Selection.Player_Selection)
[2016.09.15-15.15.24:997][367]LogAIModule: Creating AISystem for world Main_Level
[2016.09.15-15.15.25:166][367]Cmd: MAP LOAD FILE="../../../../../../Users/u1002582/Documents/HideVSeekSC/Content/Levels/Ray/Main_Level.umap" TEMPLATE=0 SHOWPROGRESS=1 FEATURELEVEL=3
[2016.09.15-15.15.25:166][367]LightingResults: New page: Lighting Build
[2016.09.15-15.15.25:167][367]LoadErrors: New page: Loading map: Main_Level.umap
[2016.09.15-15.15.25:168][367]MapCheck: New page: Map Check
[2016.09.15-15.15.25:168][367]LightingResults: New page: Lighting Build
[2016.09.15-15.15.25:202][367]LogEditorServer: Finished looking for orphan Actors (0.000 secs)
[2016.09.15-15.15.25:222][367]Cmd: MAP CHECKDEP NOCLEARLOG
[2016.09.15-15.15.25:284][367]MapCheck: Info Map check complete: 0 Error(s), 0 Warning(s), took 62.254ms to complete.
[2016.09.15-15.15.25:285][367]LogFileHelpers: Loading map 'Main_Level' took 0.120
[2016.09.15-15.18.05:572][579]LogEditorViewport: Clicking on Actor (LMB): Room_Manager_C (Room_Manager)
[2016.09.15-15.18.32:349][762]LogEditorViewport: Clicking on Actor (LMB): ReplaceableMeshActor_C (ReplaceableMeshActor2)
[2016.09.15-15.18.52:135][132]LogEditorViewport: Clicking on Actor (LMB): PlayerStart (HiderStart1)
[2016.09.15-15.18.54:040][358]LogEditorViewport: Clicking on Actor (LMB): ReplaceableMeshActor_C (ReplaceableMeshActor3)
[2016.09.15-15.19.04:444][603]LogEditorViewport: Clicking on Actor (LMB): ReplaceableMeshActor_C (ReplaceableMeshActor4)
[2016.09.15-15.19.20:675][548]LogEditorViewport: Clicking on Actor (LMB): StaticMeshActor (HouseBuild002)
[2016.09.15-15.19.21:186][603]LogEditorViewport: Clicking on Actor (LMB): ReplaceableMeshActor_C (ReplaceableMeshActor32)
[2016.09.15-15.19.31:739][866]LogEditorViewport: Clicking on Actor (LMB): ReplaceableMeshActor_C (ReplaceableMeshActor34)
[2016.09.15-15.19.41:728][ 62]LogEditorViewport: Clicking on Actor (LMB): ReplaceableMeshActor_C (ReplaceableMeshActor5)
[2016.09.15-15.19.53:025][413]LogEditorViewport: Clicking on Actor (LMB): ReplaceableMeshActor_C (ReplaceableMeshActor)
[2016.09.15-15.20.04:015][729]LogEditorViewport: Clicking on Actor (LMB): ReplaceableMeshActor_C (ReplaceableMeshActor33)
[2016.09.15-15.20.17:103][294]LogEditorViewport: Clicking on Actor (LMB): ScoreManager_C (ScoreManager)
[2016.09.15-15.20.20:011][640]LogEditorViewport: Clicking on Actor (LMB): Room_Manager_C (Foyer_Manager)
[2016.09.15-15.20.31:244][985]Cmd: EDIT COPY
[2016.09.15-15.20.31:585][ 25]Cmd: EDIT PASTE
[2016.09.15-15.21.04:534][960]Cmd: OBJ SAVEPACKAGE PACKAGE="/Game/Levels/Ray/Main_Level" FILE="../../../../../../Users/u1002582/Documents/HideVSeekSC/Content/Levels/Ray/Main_Level.umap" SILENT=true AUTOSAVING=false KEEPDIRTY=false
[2016.09.15-15.21.04:677][960]LogSavePackage: Save=121.65ms
[2016.09.15-15.21.04:677][960]LogSavePackage: Moving '../../../../../../Users/u1002582/Documents/HideVSeekSC/Saved/Main_Level5254398842DAEFA114FC44B63E3C9A82.tmp' to '../../../../../../Users/u1002582/Documents/HideVSeekSC/Content/Levels/Ray/Main_Level.umap'
[2016.09.15-15.21.04:681][960]LogSavePackage:Display: Finished SavePackage ../../../../../../Users/u1002582/Documents/HideVSeekSC/Content/Levels/Ray/Main_Level.umap
[2016.09.15-15.21.04:708][960]LogFileHelpers: Saving map 'Main_Level' took 0.239
[2016.09.15-15.21.15:452][216]Cmd: OBJ SAVEPACKAGE PACKAGE="/Game/Levels/Ray/Main_Level" FILE="../../../../../../Users/u1002582/Documents/HideVSeekSC/Content/Levels/Ray/Main_Level.umap" SILENT=true AUTOSAVING=false KEEPDIRTY=false
[2016.09.15-15.21.15:587][216]LogSavePackage: Save=119.23ms
[2016.09.15-15.21.15:587][216]LogSavePackage: Moving '../../../../../../Users/u1002582/Documents/HideVSeekSC/Saved/Main_LevelFE99732C47A19E174C7838867351189E.tmp' to '../../../../../../Users/u1002582/Documents/HideVSeekSC/Content/Levels/Ray/Main_Level.umap'
[2016.09.15-15.21.15:591][216]LogSavePackage:Display: Finished SavePackage ../../../../../../Users/u1002582/Documents/HideVSeekSC/Content/Levels/Ray/Main_Level.umap
[2016.09.15-15.21.15:611][216]LogFileHelpers: Saving map 'Main_Level' took 0.222
[2016.09.15-15.21.21:738][937]LogEditorViewport: Clicking on Actor (LMB): Room_Manager_C (Foyer_Manager2)
[2016.09.15-15.22.18:861][789]LogEditorViewport: Clicking on Actor (LMB): StaticMeshActor (HouseBuild002)
[2016.09.15-15.22.19:456][856]LogEditorViewport: Clicking on Actor (LMB): ReplaceableMeshActor_C (FoyerObj4)
[2016.09.15-15.22.21:055][ 45]LogEditorViewport: Clicking on Actor (LMB): ReplaceableMeshActor_C (FoyerObj7)
[2016.09.15-15.22.27:350][798]LogEditorViewport: Clicking on Actor (LMB): ReplaceableMeshActor_C (FoyerObj6)
[2016.09.15-15.22.31:760][325]LogEditorViewport: Clicking on Actor (LMB): Room_Manager_C (Foyer_Manager2)
[2016.09.15-15.23.45:206][ 32]Cmd: OBJ SAVEPACKAGE PACKAGE="/Game/Levels/Ray/Main_Level" FILE="../../../../../../Users/u1002582/Documents/HideVSeekSC/Content/Levels/Ray/Main_Level.umap" SILENT=true AUTOSAVING=false KEEPDIRTY=false
[2016.09.15-15.23.45:344][ 32]LogSavePackage: Save=122.52ms
[2016.09.15-15.23.45:345][ 32]LogSavePackage: Moving '../../../../../../Users/u1002582/Documents/HideVSeekSC/Saved/Main_Level779C86F64411E3BDA2D02CA7D3DB9AB2.tmp' to '../../../../../../Users/u1002582/Documents/HideVSeekSC/Content/Levels/Ray/Main_Level.umap'
[2016.09.15-15.23.45:347][ 32]LogSavePackage:Display: Finished SavePackage ../../../../../../Users/u1002582/Documents/HideVSeekSC/Content/Levels/Ray/Main_Level.umap
[2016.09.15-15.23.45:373][ 32]LogFileHelpers: Saving map 'Main_Level' took 0.232
[2016.09.15-15.25.06:450][707]Cmd: OBJ SAVEPACKAGE PACKAGE="/Game/Levels/Ray/Main_Level" FILE="../../../../../../Users/u1002582/Documents/HideVSeekSC/Content/Levels/Ray/Main_Level.umap" SILENT=true AUTOSAVING=false KEEPDIRTY=false
[2016.09.15-15.25.06:585][707]LogSavePackage: Save=117.53ms
[2016.09.15-15.25.06:585][707]LogSavePackage: Moving '../../../../../../Users/u1002582/Documents/HideVSeekSC/Saved/Main_LevelE492E5124F716D13EB0BF59CEC9B211A.tmp' to '../../../../../../Users/u1002582/Documents/HideVSeekSC/Content/Levels/Ray/Main_Level.umap'
[2016.09.15-15.25.06:589][707]LogSavePackage:Display: Finished SavePackage ../../../../../../Users/u1002582/Documents/HideVSeekSC/Content/Levels/Ray/Main_Level.umap
[2016.09.15-15.25.06:609][707]LogFileHelpers: Saving map 'Main_Level' took 0.222
[2016.09.15-15.26.02:245][358]LogEditorViewport: Clicking on Actor (LMB): ReplaceableMeshActor_C (FoyerObj5)
[2016.09.15-15.26.18:607][319]LogEditorViewport: Clicking on Actor (LMB): ReplaceableMeshActor_C (FoyerObj2)
[2016.09.15-15.26.20:649][562]Cmd: EDIT COPY
[2016.09.15-15.26.21:703][688]Cmd: EDIT PASTE
[2016.09.15-15.26.53:996][557]LogEditorViewport: Clicking on Actor (LMB): ReplaceableMeshActor_C (FoyerObj8)
[2016.09.15-15.26.57:591][986]LogEditorViewport: Clicking on Actor (LMB): ReplaceableMeshActor_C (FoyerObj9)
[2016.09.15-15.28.16:816][453]Cmd: OBJ SAVEPACKAGE PACKAGE="/Game/Levels/Ray/Main_Level" FILE="../../../../../../Users/u1002582/Documents/HideVSeekSC/Content/Levels/Ray/Main_Level.umap" SILENT=true AUTOSAVING=false KEEPDIRTY=false
[2016.09.15-15.28.16:959][453]LogSavePackage: Save=120.73ms
[2016.09.15-15.28.16:959][453]LogSavePackage: Moving '../../../../../../Users/u1002582/Documents/HideVSeekSC/Saved/Main_Level295FED3F4FEE7A23A417FD94CF116F94.tmp' to '../../../../../../Users/u1002582/Documents/HideVSeekSC/Content/Levels/Ray/Main_Level.umap'
[2016.09.15-15.28.16:962][453]LogSavePackage:Display: Finished SavePackage ../../../../../../Users/u1002582/Documents/HideVSeekSC/Content/Levels/Ray/Main_Level.umap
[2016.09.15-15.28.16:986][453]LogFileHelpers: Saving map 'Main_Level' took 0.235
[2016.09.15-15.28.17:942][559]LogBlueprintUserMessages: Early PlayInEditor Detection: Level '/Game/Levels/Ray/Main_Level.Main_Level:PersistentLevel' has LevelScriptBlueprint '/Game/Levels/Ray/Main_Level.Main_Level:PersistentLevel.Main_Level' with GeneratedClass '/Game/Levels/Ray/Main_Level.Main_Level_C' with ClassGeneratedBy '/Game/Levels/Ray/Main_Level.Main_Level:PersistentLevel.Main_Level'
[2016.09.15-15.28.17:945][559]LogPlayLevel: PlayLevel: No blueprints needed recompiling
[2016.09.15-15.28.17:945][559]PIE: New page: PIE session: Main_Level (Sep 15, 2016, 2:28:17 AM)
[2016.09.15-15.28.17:945][559]LogPlayLevel: Creating play world package: /Game/Levels/Ray/UEDPIE_0_Main_Level
[2016.09.15-15.28.17:955][559]LogPlayLevel: PIE: StaticDuplicateObject took: (0.009632s)
[2016.09.15-15.28.17:956][559]LogAIModule: Creating AISystem for world Main_Level
[2016.09.15-15.28.17:956][559]LogPlayLevel: PIE: World Init took: (0.000903s)
[2016.09.15-15.28.17:956][559]LogPlayLevel: PIE: Created PIE world by copying editor world from /Game/Levels/Ray/Main_Level.Main_Level to /Game/Levels/Ray/UEDPIE_0_Main_Level.Main_Level (0.011015s)
[2016.09.15-15.28.17:983][559]LogInit: XAudio2 using 'DELL UZ2315H-C (3- NVIDIA High Definition Audio)' : 2 channels at 48 kHz using 16 bits per sample (channel mask 0x3)
[2016.09.15-15.28.17:987][559]LogInit: FAudioDevice initialized.
[2016.09.15-15.28.18:059][559]LogWorld: Game class is 'CaptureThePoint_C'
[2016.09.15-15.28.18:071][559]LogWorld: Bringing World /Game/Levels/Ray/UEDPIE_0_Main_Level.Main_Level up for play (max tick rate 0) at 2016.09.15-09.28.18
[2016.09.15-15.28.18:072][559]LogWorld: Bringing up level for play took: 0.010723
[2016.09.15-15.28.18:076][559]LogContentBrowser: Native class hierarchy updated for 'MovieSceneCapture' in 0.0004 seconds. Added 11 classes and 0 folders.
[2016.09.15-15.28.18:078][559]PIE: Info Play in editor start time for /Game/Levels/Ray/UEDPIE_0_Main_Level 0.077
[2016.09.15-15.28.18:078][559]LogBlueprintUserMessages: Late PlayInEditor Detection: Level '/Game/Levels/Ray/Main_Level.Main_Level:PersistentLevel' has LevelScriptBlueprint '/Game/Levels/Ray/Main_Level.Main_Level:PersistentLevel.Main_Level' with GeneratedClass '/Game/Levels/Ray/Main_Level.Main_Level_C' with ClassGeneratedBy '/Game/Levels/Ray/Main_Level.Main_Level:PersistentLevel.Main_Level'
[2016.09.15-15.28.46:511][967]LogBlueprintUserMessages: Early EndPlayMap Detection: Level '/Game/Levels/Ray/Main_Level.Main_Level:PersistentLevel' has LevelScriptBlueprint '/Game/Levels/Ray/Main_Level.Main_Level:PersistentLevel.Main_Level' with GeneratedClass '/Game/Levels/Ray/Main_Level.Main_Level_C' with ClassGeneratedBy '/Game/Levels/Ray/Main_Level.Main_Level:PersistentLevel.Main_Level'
[2016.09.15-15.28.46:558][967]LogBlueprintUserMessages: Late EndPlayMap Detection: Level '/Game/Levels/Ray/Main_Level.Main_Level:PersistentLevel' has LevelScriptBlueprint '/Game/Levels/Ray/Main_Level.Main_Level:PersistentLevel.Main_Level' with GeneratedClass '/Game/Levels/Ray/Main_Level.Main_Level_C' with ClassGeneratedBy '/Game/Levels/Ray/Main_Level.Main_Level:PersistentLevel.Main_Level'
[2016.09.15-15.29.15:899][440]Cmd: OBJ SAVEPACKAGE PACKAGE="/Game/Levels/Ray/Main_Level" FILE="../../../../../../Users/u1002582/Documents/HideVSeekSC/Content/Levels/Ray/Main_Level.umap" SILENT=true AUTOSAVING=false KEEPDIRTY=false
[2016.09.15-15.29.16:037][440]LogSavePackage: Save=121.85ms
[2016.09.15-15.29.16:037][440]LogSavePackage: Moving '../../../../../../Users/u1002582/Documents/HideVSeekSC/Saved/Main_Level544365864EE15473C61C6FBFEA7737C7.tmp' to '../../../../../../Users/u1002582/Documents/HideVSeekSC/Content/Levels/Ray/Main_Level.umap'
[2016.09.15-15.29.16:040][440]LogSavePackage:Display: Finished SavePackage ../../../../../../Users/u1002582/Documents/HideVSeekSC/Content/Levels/Ray/Main_Level.umap
[2016.09.15-15.29.16:068][440]LogFileHelpers: Saving map 'Main_Level' took 0.234
[2016.09.15-15.29.17:320][577]LogBlueprintUserMessages: Early PlayInEditor Detection: Level '/Game/Levels/Ray/Main_Level.Main_Level:PersistentLevel' has LevelScriptBlueprint '/Game/Levels/Ray/Main_Level.Main_Level:PersistentLevel.Main_Level' with GeneratedClass '/Game/Levels/Ray/Main_Level.Main_Level_C' with ClassGeneratedBy '/Game/Levels/Ray/Main_Level.Main_Level:PersistentLevel.Main_Level'
[2016.09.15-15.29.17:320][577]LogPlayLevel: PlayLevel: No blueprints needed recompiling
[2016.09.15-15.29.17:320][577]PIE: New page: PIE session: Main_Level (Sep 15, 2016, 2:29:17 AM)
[2016.09.15-15.29.17:320][577]LogPlayLevel: Creating play world package: /Game/Levels/Ray/UEDPIE_0_Main_Level
[2016.09.15-15.29.17:330][577]LogPlayLevel: PIE: StaticDuplicateObject took: (0.009325s)
[2016.09.15-15.29.17:331][577]LogAIModule: Creating AISystem for world Main_Level
[2016.09.15-15.29.17:331][577]LogPlayLevel: PIE: World Init took: (0.000855s)
[2016.09.15-15.29.17:331][577]LogPlayLevel: PIE: Created PIE world by copying editor world from /Game/Levels/Ray/Main_Level.Main_Level to /Game/Levels/Ray/UEDPIE_0_Main_Level.Main_Level (0.010505s)
[2016.09.15-15.29.17:360][577]LogInit: XAudio2 using 'DELL UZ2315H-C (3- NVIDIA High Definition Audio)' : 2 channels at 48 kHz using 16 bits per sample (channel mask 0x3)
[2016.09.15-15.29.17:364][577]LogInit: FAudioDevice initialized.
[2016.09.15-15.29.17:407][577]LogWorld: Game class is 'CaptureThePoint_C'
[2016.09.15-15.29.17:417][577]LogWorld: Bringing World /Game/Levels/Ray/UEDPIE_0_Main_Level.Main_Level up for play (max tick rate 0) at 2016.09.15-09.29.17
[2016.09.15-15.29.17:418][577]LogWorld: Bringing up level for play took: 0.009814
[2016.09.15-15.29.17:421][577]PIE: Info Play in editor start time for /Game/Levels/Ray/UEDPIE_0_Main_Level -0.579
[2016.09.15-15.29.17:421][577]LogBlueprintUserMessages: Late PlayInEditor Detection: Level '/Game/Levels/Ray/Main_Level.Main_Level:PersistentLevel' has LevelScriptBlueprint '/Game/Levels/Ray/Main_Level.Main_Level:PersistentLevel.Main_Level' with GeneratedClass '/Game/Levels/Ray/Main_Level.Main_Level_C' with ClassGeneratedBy '/Game/Levels/Ray/Main_Level.Main_Level:PersistentLevel.Main_Level'
[2016.09.15-15.29.56:328][244]LogBlueprintUserMessages: Early EndPlayMap Detection: Level '/Game/Levels/Ray/Main_Level.Main_Level:PersistentLevel' has LevelScriptBlueprint '/Game/Levels/Ray/Main_Level.Main_Level:PersistentLevel.Main_Level' with GeneratedClass '/Game/Levels/Ray/Main_Level.Main_Level_C' with ClassGeneratedBy '/Game/Levels/Ray/Main_Level.Main_Level:PersistentLevel.Main_Level'
[2016.09.15-15.29.56:333][244]LogBlueprintUserMessages: [Seeker_C_0] Seeker Died
[2016.09.15-15.29.56:365][244]LogBlueprintUserMessages: Late EndPlayMap Detection: Level '/Game/Levels/Ray/Main_Level.Main_Level:PersistentLevel' has LevelScriptBlueprint '/Game/Levels/Ray/Main_Level.Main_Level:PersistentLevel.Main_Level' with GeneratedClass '/Game/Levels/Ray/Main_Level.Main_Level_C' with ClassGeneratedBy '/Game/Levels/Ray/Main_Level.Main_Level:PersistentLevel.Main_Level'
[2016.09.15-15.30.22:812][388]LogEditorViewport: Clicking on Actor (LMB): StaticMeshActor (TableKnife)
[2016.09.15-15.30.29:958][238]LogEditorViewport: Clicking on Actor (LMB): StaticMeshActor (Study_Table)
[2016.09.15-15.30.33:813][696]LogEditorViewport: Clicking on Actor (LMB): StaticMeshActor (HouseBuild002)
[2016.09.15-15.30.34:847][816]LogEditorViewport: Clicking on Actor (LMB): StaticMeshActor (HouseBuild002)
[2016.09.15-15.30.35:555][900]LogEditorViewport: Clicking on Actor (LMB): StaticMeshActor (TableKnife)
[2016.09.15-15.30.40:236][455]LogEditorViewport: Clicking on Actor (LMB): StaticMeshActor (Study_Table)
[2016.09.15-15.30.42:341][703]LogEditorViewport: Clicking on Actor (LMB): StaticMeshActor (End_Table_and_Items)
[2016.09.15-15.30.46:928][247]LogEditorViewport: Clicking on Actor (LMB): StaticMeshActor (vase_tall_plants_01)
[2016.09.15-15.30.51:072][740]LogEditorViewport: Clicking on Actor (LMB): StaticMeshActor (Barrel)
[2016.09.15-15.30.54:131][103]LogEditorViewport: Clicking on Actor (LMB): StaticMeshActor (TableKnife)
[2016.09.15-15.30.55:982][321]Cmd: DELETE
[2016.09.15-15.30.55:982][321]Cmd: ACTOR DELETE
[2016.09.15-15.30.55:984][321]LogEditorActor: Deleted Actor: StaticMeshActor
[2016.09.15-15.30.55:996][321]LogEditorActor: Deleted 1 Actors (0.014 secs)
[2016.09.15-15.30.56:427][373]LogEditorViewport: Clicking on Actor (LMB): StaticMeshActor (Study_Table)
[2016.09.15-15.30.56:800][414]Cmd: DELETE
[2016.09.15-15.30.56:800][414]Cmd: ACTOR DELETE
[2016.09.15-15.30.56:802][414]LogEditorActor: Deleted Actor: StaticMeshActor
[2016.09.15-15.30.56:816][414]LogEditorActor: Deleted 1 Actors (0.015 secs)
[2016.09.15-15.30.57:357][479]LogEditorViewport: Clicking on Actor (LMB): StaticMeshActor (End_Table_and_Items)
[2016.09.15-15.30.57:641][509]Cmd: DELETE
[2016.09.15-15.30.57:641][509]Cmd: ACTOR DELETE
[2016.09.15-15.30.57:643][509]LogEditorActor: Deleted Actor: StaticMeshActor
[2016.09.15-15.30.57:655][509]LogEditorActor: Deleted 1 Actors (0.014 secs)
[2016.09.15-15.30.58:180][572]LogEditorViewport: Clicking on Actor (LMB): StaticMeshActor (CoatRack)
[2016.09.15-15.30.58:502][607]Cmd: DELETE
[2016.09.15-15.30.58:502][607]Cmd: ACTOR DELETE
[2016.09.15-15.30.58:504][607]LogEditorActor: Deleted Actor: StaticMeshActor
[2016.09.15-15.30.58:516][607]LogEditorActor: Deleted 1 Actors (0.014 secs)
[2016.09.15-15.30.59:322][704]LogEditorViewport: Clicking on Actor (LMB): StaticMeshActor (vase_floating_plants_01)
[2016.09.15-15.30.59:624][736]Cmd: DELETE
[2016.09.15-15.30.59:624][736]Cmd: ACTOR DELETE
[2016.09.15-15.30.59:625][736]LogEditorActor: Deleted Actor: StaticMeshActor
[2016.09.15-15.30.59:637][736]LogEditorActor: Deleted 1 Actors (0.014 secs)
[2016.09.15-15.31.00:060][787]LogEditorViewport: Clicking on Actor (LMB): StaticMeshActor (vase_tall_plants_01)
[2016.09.15-15.31.00:226][803]Cmd: DELETE
[2016.09.15-15.31.00:226][803]Cmd: ACTOR DELETE
[2016.09.15-15.31.00:227][803]LogEditorActor: Deleted Actor: StaticMeshActor
[2016.09.15-15.31.00:240][803]LogEditorActor: Deleted 1 Actors (0.014 secs)
[2016.09.15-15.31.00:788][869]LogEditorViewport: Clicking on Actor (LMB): StaticMeshActor (vase_med_plants_01)
[2016.09.15-15.31.00:995][890]Cmd: DELETE
[2016.09.15-15.31.00:995][890]Cmd: ACTOR DELETE
[2016.09.15-15.31.00:996][890]LogEditorActor: Deleted Actor: StaticMeshActor
[2016.09.15-15.31.01:009][890]LogEditorActor: Deleted 1 Actors (0.014 secs)
[2016.09.15-15.31.01:366][933]LogEditorViewport: Clicking on Actor (LMB): StaticMeshActor (LogHolder)
[2016.09.15-15.31.01:667][965]Cmd: DELETE
[2016.09.15-15.31.01:667][965]Cmd: ACTOR DELETE
[2016.09.15-15.31.01:668][965]LogEditorActor: Deleted Actor: StaticMeshActor
[2016.09.15-15.31.01:681][965]LogEditorActor: Deleted 1 Actors (0.014 secs)
[2016.09.15-15.31.01:996][  3]LogEditorViewport: Clicking on Actor (LMB): StaticMeshActor (Barrel)
[2016.09.15-15.31.02:203][ 24]Cmd: DELETE
[2016.09.15-15.31.02:203][ 24]Cmd: ACTOR DELETE
[2016.09.15-15.31.02:204][ 24]LogEditorActor: Deleted Actor: StaticMeshActor
[2016.09.15-15.31.02:217][ 24]LogEditorActor: Deleted 1 Actors (0.014 secs)
[2016.09.15-15.31.03:407][167]LogEditorViewport: Clicking on Actor (LMB): StaticMeshActor (HouseBuild002)
[2016.09.15-15.31.03:902][222]LogEditorViewport: Clicking on Actor (LMB): StaticMeshActor (Pillows)
[2016.09.15-15.31.37:442][243]Cmd: DELETE
[2016.09.15-15.31.37:442][243]Cmd: ACTOR DELETE
[2016.09.15-15.31.37:443][243]LogEditorActor: Deleted Actor: StaticMeshActor
[2016.09.15-15.31.37:457][243]LogEditorActor: Deleted 1 Actors (0.015 secs)
[2016.09.15-15.31.40:751][638]LogEditorViewport: Clicking on Actor (LMB): StaticMeshActor (vase_small_NOplants_01)
[2016.09.15-15.31.41:386][710]Cmd: DELETE
[2016.09.15-15.31.41:386][710]Cmd: ACTOR DELETE
[2016.09.15-15.31.41:387][710]LogEditorActor: Deleted Actor: StaticMeshActor
[2016.09.15-15.31.41:400][710]LogEditorActor: Deleted 1 Actors (0.014 secs)
[2016.09.15-15.32.19:364][256]LogEditorViewport: Clicking on Actor (LMB): ReplaceableMeshActor_C (FoyerObj8)
[2016.09.15-15.32.20:964][445]Cmd: EDIT COPY
[2016.09.15-15.32.21:235][477]Cmd: EDIT PASTE
[2016.09.15-15.32.30:834][624]Cmd: EDIT COPY
[2016.09.15-15.32.31:347][685]Cmd: EDIT PASTE
[2016.09.15-15.32.49:447][848]LogEditorViewport: Clicking on Actor (LMB): ReplaceableMeshActor_C (FoyerObj9)
[2016.09.15-15.32.55:082][522]Cmd: EDIT COPY
[2016.09.15-15.32.55:437][564]Cmd: EDIT PASTE
[2016.09.15-15.35.00:059][632]Cmd: OBJ SAVEPACKAGE PACKAGE="/Game/Levels/Ray/Main_Level" FILE="../../../../../../Users/u1002582/Documents/HideVSeekSC/Content/Levels/Ray/Main_Level.umap" SILENT=true AUTOSAVING=false KEEPDIRTY=false
[2016.09.15-15.35.00:200][632]LogSavePackage: Save=119.75ms
[2016.09.15-15.35.00:200][632]LogSavePackage: Moving '../../../../../../Users/u1002582/Documents/HideVSeekSC/Saved/Main_Level1E03B6C84A98FD768FD805885B305E0B.tmp' to '../../../../../../Users/u1002582/Documents/HideVSeekSC/Content/Levels/Ray/Main_Level.umap'
[2016.09.15-15.35.00:202][632]LogSavePackage:Display: Finished SavePackage ../../../../../../Users/u1002582/Documents/HideVSeekSC/Content/Levels/Ray/Main_Level.umap
[2016.09.15-15.35.00:227][632]LogFileHelpers: Saving map 'Main_Level' took 0.236
[2016.09.15-15.36.11:237][  9]LogEditorViewport: Clicking on Actor (LMB): ReplaceableMeshActor_C (FoyerObj4)
[2016.09.15-15.36.12:758][189]Cmd: EDIT COPY
[2016.09.15-15.36.13:054][224]Cmd: EDIT PASTE
[2016.09.15-15.36.40:666][502]Cmd: OBJ SAVEPACKAGE PACKAGE="/Game/Levels/Ray/Main_Level" FILE="../../../../../../Users/u1002582/Documents/HideVSeekSC/Content/Levels/Ray/Main_Level.umap" SILENT=true AUTOSAVING=false KEEPDIRTY=false
[2016.09.15-15.36.40:801][502]LogSavePackage: Save=118.14ms
[2016.09.15-15.36.40:802][502]LogSavePackage: Moving '../../../../../../Users/u1002582/Documents/HideVSeekSC/Saved/Main_LevelCF8D1A1444D901ACBEC16ABBC2C8BAD1.tmp' to '../../../../../../Users/u1002582/Documents/HideVSeekSC/Content/Levels/Ray/Main_Level.umap'
[2016.09.15-15.36.40:805][502]LogSavePackage:Display: Finished SavePackage ../../../../../../Users/u1002582/Documents/HideVSeekSC/Content/Levels/Ray/Main_Level.umap
[2016.09.15-15.36.40:826][502]LogFileHelpers: Saving map 'Main_Level' took 0.224
[2016.09.15-15.36.41:780][595]LogBlueprintUserMessages: Early PlayInEditor Detection: Level '/Game/Levels/Ray/Main_Level.Main_Level:PersistentLevel' has LevelScriptBlueprint '/Game/Levels/Ray/Main_Level.Main_Level:PersistentLevel.Main_Level' with GeneratedClass '/Game/Levels/Ray/Main_Level.Main_Level_C' with ClassGeneratedBy '/Game/Levels/Ray/Main_Level.Main_Level:PersistentLevel.Main_Level'
[2016.09.15-15.36.41:780][595]LogPlayLevel: PlayLevel: No blueprints needed recompiling
[2016.09.15-15.36.41:780][595]PIE: New page: PIE session: Main_Level (Sep 15, 2016, 2:36:41 AM)
[2016.09.15-15.36.41:780][595]LogPlayLevel: Creating play world package: /Game/Levels/Ray/UEDPIE_0_Main_Level
[2016.09.15-15.36.41:789][595]LogPlayLevel: PIE: StaticDuplicateObject took: (0.009334s)
[2016.09.15-15.36.41:790][595]LogAIModule: Creating AISystem for world Main_Level
[2016.09.15-15.36.41:790][595]LogPlayLevel: PIE: World Init took: (0.000592s)
[2016.09.15-15.36.41:790][595]LogPlayLevel: PIE: Created PIE world by copying editor world from /Game/Levels/Ray/Main_Level.Main_Level to /Game/Levels/Ray/UEDPIE_0_Main_Level.Main_Level (0.010214s)
[2016.09.15-15.36.41:818][595]LogInit: XAudio2 using 'DELL UZ2315H-C (3- NVIDIA High Definition Audio)' : 2 channels at 48 kHz using 16 bits per sample (channel mask 0x3)
[2016.09.15-15.36.41:822][595]LogInit: FAudioDevice initialized.
[2016.09.15-15.36.41:874][595]LogWorld: Game class is 'CaptureThePoint_C'
[2016.09.15-15.36.41:885][595]LogWorld: Bringing World /Game/Levels/Ray/UEDPIE_0_Main_Level.Main_Level up for play (max tick rate 0) at 2016.09.15-09.36.41
[2016.09.15-15.36.41:885][595]LogWorld: Bringing up level for play took: 0.009478
[2016.09.15-15.36.41:888][595]PIE: Info Play in editor start time for /Game/Levels/Ray/UEDPIE_0_Main_Level -0.102
[2016.09.15-15.36.41:888][595]LogBlueprintUserMessages: Late PlayInEditor Detection: Level '/Game/Levels/Ray/Main_Level.Main_Level:PersistentLevel' has LevelScriptBlueprint '/Game/Levels/Ray/Main_Level.Main_Level:PersistentLevel.Main_Level' with GeneratedClass '/Game/Levels/Ray/Main_Level.Main_Level_C' with ClassGeneratedBy '/Game/Levels/Ray/Main_Level.Main_Level:PersistentLevel.Main_Level'
[2016.09.15-15.37.28:928][238]LogBlueprintUserMessages: Early EndPlayMap Detection: Level '/Game/Levels/Ray/Main_Level.Main_Level:PersistentLevel' has LevelScriptBlueprint '/Game/Levels/Ray/Main_Level.Main_Level:PersistentLevel.Main_Level' with GeneratedClass '/Game/Levels/Ray/Main_Level.Main_Level_C' with ClassGeneratedBy '/Game/Levels/Ray/Main_Level.Main_Level:PersistentLevel.Main_Level'
[2016.09.15-15.37.28:966][238]LogBlueprintUserMessages: Late EndPlayMap Detection: Level '/Game/Levels/Ray/Main_Level.Main_Level:PersistentLevel' has LevelScriptBlueprint '/Game/Levels/Ray/Main_Level.Main_Level:PersistentLevel.Main_Level' with GeneratedClass '/Game/Levels/Ray/Main_Level.Main_Level_C' with ClassGeneratedBy '/Game/Levels/Ray/Main_Level.Main_Level:PersistentLevel.Main_Level'
[2016.09.15-15.37.37:025][198]Cmd: CAMERA ALIGN ACTIVEVIEWPORTONLY
[2016.09.15-15.37.40:171][574]LogEditorViewport: Clicking on Actor (LMB): ReplaceableMeshActor_C (FoyerObj5)
[2016.09.15-15.37.41:825][770]LogEditorViewport: Clicking on Actor (LMB): ReplaceableMeshActor_C (FoyerObj6)
[2016.09.15-15.37.50:061][756]LogEditorViewport: Clicking on Actor (LMB): ReplaceableMeshActor_C (FoyerObj5)
[2016.09.15-15.37.58:121][721]LogEditorViewport: Clicking on Actor (LMB): ReplaceableMeshActor_C (FoyerObj6)
[2016.09.15-15.38.22:565][645]LogEditorViewport: Clicking on Actor (LMB): ReplaceableMeshActor_C (FoyerObj6)
[2016.09.15-15.38.26:060][ 62]LogEditorViewport: Clicking on Actor (LMB): ReplaceableMeshActor_C (FoyerObj5)
[2016.09.15-15.38.28:587][363]LogEditorViewport: Clicking on Actor (LMB): ReplaceableMeshActor_C (FoyerObj6)
[2016.09.15-15.38.29:990][529]LogEditorViewport: Clicking on Actor (LMB): StaticMeshActor (HouseBuild002)
[2016.09.15-15.38.30:749][616]LogEditorViewport: Clicking on Actor (LMB): ReplaceableMeshActor_C (FoyerObj4)
[2016.09.15-15.38.33:772][976]LogEditorViewport: Clicking on Actor (LMB): ReplaceableMeshActor_C (FoyerObj6)
[2016.09.15-15.39.01:853][293]Cmd: OBJ SAVEPACKAGE PACKAGE="/Game/Levels/Ray/Main_Level" FILE="../../../../../../Users/u1002582/Documents/HideVSeekSC/Content/Levels/Ray/Main_Level.umap" SILENT=true AUTOSAVING=false KEEPDIRTY=false
[2016.09.15-15.39.01:987][293]LogSavePackage: Save=118.63ms
[2016.09.15-15.39.01:988][293]LogSavePackage: Moving '../../../../../../Users/u1002582/Documents/HideVSeekSC/Saved/Main_LevelEDAA982B42B9F712C5A2ADA72B11B5ED.tmp' to '../../../../../../Users/u1002582/Documents/HideVSeekSC/Content/Levels/Ray/Main_Level.umap'
[2016.09.15-15.39.01:991][293]LogSavePackage:Display: Finished SavePackage ../../../../../../Users/u1002582/Documents/HideVSeekSC/Content/Levels/Ray/Main_Level.umap
[2016.09.15-15.39.02:016][293]LogFileHelpers: Saving map 'Main_Level' took 0.228
[2016.09.15-15.39.03:524][456]LogBlueprintUserMessages: Early PlayInEditor Detection: Level '/Game/Levels/Ray/Main_Level.Main_Level:PersistentLevel' has LevelScriptBlueprint '/Game/Levels/Ray/Main_Level.Main_Level:PersistentLevel.Main_Level' with GeneratedClass '/Game/Levels/Ray/Main_Level.Main_Level_C' with ClassGeneratedBy '/Game/Levels/Ray/Main_Level.Main_Level:PersistentLevel.Main_Level'
[2016.09.15-15.39.03:524][456]LogPlayLevel: PlayLevel: No blueprints needed recompiling
[2016.09.15-15.39.03:524][456]PIE: New page: PIE session: Main_Level (Sep 15, 2016, 2:39:03 AM)
[2016.09.15-15.39.03:524][456]LogPlayLevel: Creating play world package: /Game/Levels/Ray/UEDPIE_0_Main_Level
[2016.09.15-15.39.03:533][456]LogPlayLevel: PIE: StaticDuplicateObject took: (0.009047s)
[2016.09.15-15.39.03:534][456]LogAIModule: Creating AISystem for world Main_Level
[2016.09.15-15.39.03:534][456]LogPlayLevel: PIE: World Init took: (0.001011s)
[2016.09.15-15.39.03:534][456]LogPlayLevel: PIE: Created PIE world by copying editor world from /Game/Levels/Ray/Main_Level.Main_Level to /Game/Levels/Ray/UEDPIE_0_Main_Level.Main_Level (0.010501s)
[2016.09.15-15.39.03:560][456]LogInit: XAudio2 using 'DELL UZ2315H-C (3- NVIDIA High Definition Audio)' : 2 channels at 48 kHz using 16 bits per sample (channel mask 0x3)
[2016.09.15-15.39.03:564][456]LogInit: FAudioDevice initialized.
[2016.09.15-15.39.03:609][456]LogWorld: Game class is 'CaptureThePoint_C'
[2016.09.15-15.39.03:619][456]LogWorld: Bringing World /Game/Levels/Ray/UEDPIE_0_Main_Level.Main_Level up for play (max tick rate 0) at 2016.09.15-09.39.03
[2016.09.15-15.39.03:620][456]LogWorld: Bringing up level for play took: 0.009352
[2016.09.15-15.39.03:622][456]PIE: Info Play in editor start time for /Game/Levels/Ray/UEDPIE_0_Main_Level -0.365
[2016.09.15-15.39.03:622][456]LogBlueprintUserMessages: Late PlayInEditor Detection: Level '/Game/Levels/Ray/Main_Level.Main_Level:PersistentLevel' has LevelScriptBlueprint '/Game/Levels/Ray/Main_Level.Main_Level:PersistentLevel.Main_Level' with GeneratedClass '/Game/Levels/Ray/Main_Level.Main_Level_C' with ClassGeneratedBy '/Game/Levels/Ray/Main_Level.Main_Level:PersistentLevel.Main_Level'
[2016.09.15-15.39.44:620][374]LogBlueprintUserMessages: Early EndPlayMap Detection: Level '/Game/Levels/Ray/Main_Level.Main_Level:PersistentLevel' has LevelScriptBlueprint '/Game/Levels/Ray/Main_Level.Main_Level:PersistentLevel.Main_Level' with GeneratedClass '/Game/Levels/Ray/Main_Level.Main_Level_C' with ClassGeneratedBy '/Game/Levels/Ray/Main_Level.Main_Level:PersistentLevel.Main_Level'
[2016.09.15-15.39.44:658][374]LogBlueprintUserMessages: Late EndPlayMap Detection: Level '/Game/Levels/Ray/Main_Level.Main_Level:PersistentLevel' has LevelScriptBlueprint '/Game/Levels/Ray/Main_Level.Main_Level:PersistentLevel.Main_Level' with GeneratedClass '/Game/Levels/Ray/Main_Level.Main_Level_C' with ClassGeneratedBy '/Game/Levels/Ray/Main_Level.Main_Level:PersistentLevel.Main_Level'
[2016.09.15-15.39.52:982][331]Cmd: OBJ SAVEPACKAGE PACKAGE="/Game/Levels/Ray/Main_Level" FILE="../../../../../../Users/u1002582/Documents/HideVSeekSC/Content/Levels/Ray/Main_Level.umap" SILENT=true AUTOSAVING=false KEEPDIRTY=false
[2016.09.15-15.39.53:115][331]LogSavePackage: Save=117.73ms
[2016.09.15-15.39.53:115][331]LogSavePackage: Moving '../../../../../../Users/u1002582/Documents/HideVSeekSC/Saved/Main_Level4836E07B4505AE184399069AFE91C0C3.tmp' to '../../../../../../Users/u1002582/Documents/HideVSeekSC/Content/Levels/Ray/Main_Level.umap'
[2016.09.15-15.39.53:118][331]LogSavePackage:Display: Finished SavePackage ../../../../../../Users/u1002582/Documents/HideVSeekSC/Content/Levels/Ray/Main_Level.umap
[2016.09.15-15.39.53:143][331]LogFileHelpers: Saving map 'Main_Level' took 0.227
[2016.09.15-15.39.53:991][416]LogBlueprintUserMessages: Early PlayInEditor Detection: Level '/Game/Levels/Ray/Main_Level.Main_Level:PersistentLevel' has LevelScriptBlueprint '/Game/Levels/Ray/Main_Level.Main_Level:PersistentLevel.Main_Level' with GeneratedClass '/Game/Levels/Ray/Main_Level.Main_Level_C' with ClassGeneratedBy '/Game/Levels/Ray/Main_Level.Main_Level:PersistentLevel.Main_Level'
[2016.09.15-15.39.53:991][416]LogPlayLevel: PlayLevel: No blueprints needed recompiling
[2016.09.15-15.39.53:991][416]PIE: New page: PIE session: Main_Level (Sep 15, 2016, 2:39:53 AM)
[2016.09.15-15.39.53:992][416]LogPlayLevel: Creating play world package: /Game/Levels/Ray/UEDPIE_0_Main_Level
[2016.09.15-15.39.54:001][416]LogPlayLevel: PIE: StaticDuplicateObject took: (0.009275s)
[2016.09.15-15.39.54:002][416]LogAIModule: Creating AISystem for world Main_Level
[2016.09.15-15.39.54:002][416]LogPlayLevel: PIE: World Init took: (0.000816s)
[2016.09.15-15.39.54:002][416]LogPlayLevel: PIE: Created PIE world by copying editor world from /Game/Levels/Ray/Main_Level.Main_Level to /Game/Levels/Ray/UEDPIE_0_Main_Level.Main_Level (0.010436s)
[2016.09.15-15.39.54:029][416]LogInit: XAudio2 using 'DELL UZ2315H-C (3- NVIDIA High Definition Audio)' : 2 channels at 48 kHz using 16 bits per sample (channel mask 0x3)
[2016.09.15-15.39.54:032][416]LogInit: FAudioDevice initialized.
[2016.09.15-15.39.54:083][416]LogWorld: Game class is 'CaptureThePoint_C'
[2016.09.15-15.39.54:093][416]LogWorld: Bringing World /Game/Levels/Ray/UEDPIE_0_Main_Level.Main_Level up for play (max tick rate 0) at 2016.09.15-09.39.54
[2016.09.15-15.39.54:093][416]LogWorld: Bringing up level for play took: 0.009144
[2016.09.15-15.39.54:096][416]PIE: Info Play in editor start time for /Game/Levels/Ray/UEDPIE_0_Main_Level 0.111
[2016.09.15-15.39.54:096][416]LogBlueprintUserMessages: Late PlayInEditor Detection: Level '/Game/Levels/Ray/Main_Level.Main_Level:PersistentLevel' has LevelScriptBlueprint '/Game/Levels/Ray/Main_Level.Main_Level:PersistentLevel.Main_Level' with GeneratedClass '/Game/Levels/Ray/Main_Level.Main_Level_C' with ClassGeneratedBy '/Game/Levels/Ray/Main_Level.Main_Level:PersistentLevel.Main_Level'
[2016.09.15-15.40.27:262][394]LogBlueprintUserMessages: Early EndPlayMap Detection: Level '/Game/Levels/Ray/Main_Level.Main_Level:PersistentLevel' has LevelScriptBlueprint '/Game/Levels/Ray/Main_Level.Main_Level:PersistentLevel.Main_Level' with GeneratedClass '/Game/Levels/Ray/Main_Level.Main_Level_C' with ClassGeneratedBy '/Game/Levels/Ray/Main_Level.Main_Level:PersistentLevel.Main_Level'
[2016.09.15-15.40.27:300][394]LogBlueprintUserMessages: Late EndPlayMap Detection: Level '/Game/Levels/Ray/Main_Level.Main_Level:PersistentLevel' has LevelScriptBlueprint '/Game/Levels/Ray/Main_Level.Main_Level:PersistentLevel.Main_Level' with GeneratedClass '/Game/Levels/Ray/Main_Level.Main_Level_C' with ClassGeneratedBy '/Game/Levels/Ray/Main_Level.Main_Level:PersistentLevel.Main_Level'
[2016.09.15-15.40.58:770][131]Cmd: QUIT_EDITOR
[2016.09.15-15.40.59:222][131]LogWindowsTextInputMethodSystem:Display: IME system now deactivated.
[2016.09.15-15.40.59:245][131]LogExit: Preparing to exit.
[2016.09.15-15.40.59:874][131]LogExit: Editor shut down
[2016.09.15-15.40.59:874][131]LogExit: Transaction tracking system shut down
[2016.09.15-15.40.59:990][131]LogObj: Freed 0b from 0 cluster array pools.
[2016.09.15-15.40.59:990][131]LogExit: Object subsystem successfully closed.
[2016.09.15-15.41.00:009][131]LogD3D11RHI: Shutdown
[2016.09.15-15.41.00:009][131]LogD3D11RHI: CleanupD3DDevice
[2016.09.15-15.41.00:074][131]LogD3D11RHI: ~FD3D11DynamicRHI
[2016.09.15-15.41.00:084][131]LogModuleManager: Shutting down and abandoning module MovieSceneCapture (216)
[2016.09.15-15.41.00:084][131]LogModuleManager: Shutting down and abandoning module HierarchicalLODOutliner (215)
[2016.09.15-15.41.00:084][131]LogModuleManager: Shutting down and abandoning module CrashTracker (214)
[2016.09.15-15.41.00:084][131]LogModuleManager: Shutting down and abandoning module SceneOutliner (213)
[2016.09.15-15.41.00:084][131]LogModuleManager: Shutting down and abandoning module WidgetCarousel (212)
[2016.09.15-15.41.00:084][131]LogModuleManager: Shutting down and abandoning module AddContentDialog (211)
[2016.09.15-15.41.00:084][131]LogModuleManager: Shutting down and abandoning module GameplayTags (210)
[2016.09.15-15.41.00:084][131]LogModuleManager: Shutting down and abandoning module EditorWidgets (209)
[2016.09.15-15.41.00:084][131]LogModuleManager: Shutting down and abandoning module CollectionManager (208)
[2016.09.15-15.41.00:085][131]LogModuleManager: Shutting down and abandoning module StatsViewer (207)
[2016.09.15-15.41.00:085][131]LogModuleManager: Shutting down and abandoning module FoliageEdit (206)
[2016.09.15-15.41.00:085][131]LogModuleManager: Shutting down and abandoning module LandscapeEditor (205)
[2016.09.15-15.41.00:085][131]LogModuleManager: Shutting down and abandoning module SceneDepthPickerMode (204)
[2016.09.15-15.41.00:085][131]LogModuleManager: Shutting down and abandoning module ActorPickerMode (203)
[2016.09.15-15.41.00:085][131]LogModuleManager: Shutting down and abandoning module GeometryMode (202)
[2016.09.15-15.41.00:085][131]LogModuleManager: Shutting down and abandoning module TextureAlignMode (201)
[2016.09.15-15.41.00:085][131]LogModuleManager: Shutting down and abandoning module BspMode (200)
[2016.09.15-15.41.00:085][131]LogModuleManager: Shutting down and abandoning module HardwareSurvey (199)
[2016.09.15-15.41.00:085][131]LogModuleManager: Shutting down and abandoning module SequenceRecorderSections (198)
[2016.09.15-15.41.00:085][131]LogModuleManager: Shutting down and abandoning module SequenceRecorder (197)
[2016.09.15-15.41.00:085][131]LogModuleManager: Shutting down and abandoning module AutomationWorker (196)
[2016.09.15-15.41.00:085][131]LogModuleManager: Shutting down and abandoning module MatineeToLevelSequence (195)
[2016.09.15-15.41.00:085][131]LogModuleManager: Shutting down and abandoning module PlacementMode (194)
[2016.09.15-15.41.00:085][131]LogModuleManager: Shutting down and abandoning module LevelSequenceEditor (193)
[2016.09.15-15.41.00:085][131]LogModuleManager: Shutting down and abandoning module CharacterAI (192)
[2016.09.15-15.41.00:085][131]LogModuleManager: Shutting down and abandoning module SmartSnapping (191)
[2016.09.15-15.41.00:085][131]LogModuleManager: Shutting down and abandoning module SessionServices (190)
[2016.09.15-15.41.00:085][131]LogModuleManager: Shutting down and abandoning module ViewportSnapping (189)
[2016.09.15-15.41.00:085][131]LogModuleManager: Shutting down and abandoning module LogVisualizer (188)
[2016.09.15-15.41.00:085][131]LogModuleManager: Shutting down and abandoning module GameProjectGeneration (187)
[2016.09.15-15.41.00:085][131]LogModuleManager: Shutting down and abandoning module IntroTutorials (186)
[2016.09.15-15.41.00:085][131]LogModuleManager: Shutting down and abandoning module EditorLiveStreaming (185)
[2016.09.15-15.41.00:085][131]LogModuleManager: Shutting down and abandoning module IOSPlatformEditor (184)
[2016.09.15-15.41.00:085][131]LogModuleManager: Shutting down and abandoning module HTML5PlatformEditor (183)
[2016.09.15-15.41.00:085][131]LogModuleManager: Shutting down and abandoning module AndroidDeviceDetection (182)
[2016.09.15-15.41.01:073][131]LogModuleManager: Shutting down and abandoning module AndroidPlatformEditor (181)
[2016.09.15-15.41.01:073][131]LogModuleManager: Shutting down and abandoning module IOSRuntimeSettings (180)
[2016.09.15-15.41.01:073][131]LogModuleManager: Shutting down and abandoning module AndroidRuntimeSettings (179)
[2016.09.15-15.41.01:073][131]LogModuleManager: Shutting down and abandoning module MergeActors (178)
[2016.09.15-15.41.01:073][131]LogModuleManager: Shutting down and abandoning module SizeMap (177)
[2016.09.15-15.41.01:073][131]LogModuleManager: Shutting down and abandoning module TreeMap (176)
[2016.09.15-15.41.01:073][131]LogModuleManager: Shutting down and abandoning module ReferenceViewer (175)
[2016.09.15-15.41.01:073][131]LogModuleManager: Shutting down and abandoning module LocalizationService (174)
[2016.09.15-15.41.01:073][131]LogModuleManager: Shutting down and abandoning module LocalizationDashboard (173)
[2016.09.15-15.41.01:073][131]LogModuleManager: Shutting down and abandoning module HardwareTargeting (172)
[2016.09.15-15.41.01:073][131]LogModuleManager: Shutting down and abandoning module DeviceProfileEditor (171)
[2016.09.15-15.41.01:073][131]LogModuleManager: Shutting down and abandoning module UndoHistory (170)
[2016.09.15-15.41.01:073][131]LogModuleManager: Shutting down and abandoning module UserFeedback (169)
[2016.09.15-15.41.01:073][131]LogModuleManager: Shutting down and abandoning module XmlParser (168)
[2016.09.15-15.41.01:073][131]LogModuleManager: Shutting down and abandoning module Blutility (167)
[2016.09.15-15.41.01:073][131]LogModuleManager: Shutting down and abandoning module ProjectTargetPlatformEditor (166)
[2016.09.15-15.41.01:073][131]LogModuleManager: Shutting down and abandoning module ProjectSettingsViewer (165)
[2016.09.15-15.41.01:073][131]LogModuleManager: Shutting down and abandoning module InputBindingEditor (164)
[2016.09.15-15.41.01:073][131]LogModuleManager: Shutting down and abandoning module EditorSettingsViewer (163)
[2016.09.15-15.41.01:074][131]LogModuleManager: Shutting down and abandoning module SettingsEditor (162)
[2016.09.15-15.41.01:074][131]LogModuleManager: Shutting down and abandoning module ProjectLauncher (161)
[2016.09.15-15.41.01:074][131]LogModuleManager: Shutting down and abandoning module SessionFrontend (160)
[2016.09.15-15.41.01:074][131]LogModuleManager: Shutting down and abandoning module ProfilerClient (159)
[2016.09.15-15.41.01:074][131]LogModuleManager: Shutting down and abandoning module TargetDeviceServices (158)
[2016.09.15-15.41.01:074][131]LogModuleManager: Shutting down and abandoning module DeviceManager (157)
[2016.09.15-15.41.01:127][131]LogModuleManager: Shutting down and abandoning module AutomationController (156)
[2016.09.15-15.41.01:127][131]LogModuleManager: Shutting down and abandoning module AutomationWindow (155)
[2016.09.15-15.41.01:127][131]LogModuleManager: Shutting down and abandoning module Layers (154)
[2016.09.15-15.41.01:127][131]LogModuleManager: Shutting down and abandoning module ComponentVisualizers (153)
[2016.09.15-15.41.01:127][131]LogModuleManager: Shutting down and abandoning module DetailCustomizations (152)
[2016.09.15-15.41.01:127][131]LogModuleManager: Shutting down and abandoning module PackagesDialog (151)
[2016.09.15-15.41.01:127][131]LogModuleManager: Shutting down and abandoning module Persona (150)
[2016.09.15-15.41.01:127][131]LogModuleManager: Shutting down and abandoning module Kismet (149)
[2016.09.15-15.41.01:127][131]LogModuleManager: Shutting down and abandoning module GraphEditor (148)
[2016.09.15-15.41.01:127][131]LogModuleManager: Shutting down and abandoning module ClassViewer (147)
[2016.09.15-15.41.01:127][131]LogModuleManager: Shutting down and abandoning module Toolbox (146)
[2016.09.15-15.41.01:127][131]LogModuleManager: Shutting down and abandoning module ModuleUI (145)
[2016.09.15-15.41.01:127][131]LogModuleManager: Shutting down and abandoning module MovieSceneTools (144)
[2016.09.15-15.41.01:127][131]LogModuleManager: Shutting down and abandoning module OutputLog (143)
[2016.09.15-15.41.01:127][131]LogModuleManager: Shutting down and abandoning module GammaUI (142)
[2016.09.15-15.41.01:127][131]LogModuleManager: Shutting down and abandoning module Documentation (141)
[2016.09.15-15.41.01:127][131]LogModuleManager: Shutting down and abandoning module StreamingPauseRendering (140)
[2016.09.15-15.41.01:127][131]LogModuleManager: Shutting down and abandoning module AnalyticsET (139)
[2016.09.15-15.41.01:127][131]LogModuleManager: Shutting down and abandoning module Analytics (138)
[2016.09.15-15.41.01:127][131]LogModuleManager: Shutting down and abandoning module PortalServices (137)
[2016.09.15-15.41.01:127][131]LogModuleManager: Shutting down and abandoning module PortalRpc (136)
[2016.09.15-15.41.01:127][131]LogModuleManager: Shutting down and abandoning module MessagingRpc (135)
[2016.09.15-15.41.01:127][131]LogModuleManager: Shutting down and abandoning module GameplayDebugger (134)
[2016.09.15-15.41.01:127][131]LogModuleManager: Shutting down and abandoning module AITestSuite (133)
[2016.09.15-15.41.01:127][131]LogModuleManager: Shutting down and abandoning module AIModule (132)
[2016.09.15-15.41.01:127][131]LogModuleManager: Shutting down and abandoning module ProfilerService (131)
[2016.09.15-15.41.01:307][131]LogModuleManager: Shutting down and abandoning module TaskGraph (130)
[2016.09.15-15.41.01:307][131]LogModuleManager: Shutting down and abandoning module SubstanceEditor (129)
[2016.09.15-15.41.01:307][131]LogModuleManager: Shutting down and abandoning module SlateRemote (128)
[2016.09.15-15.41.01:307][131]LogModuleManager: Shutting down and abandoning module SteamVRController (127)
[2016.09.15-15.41.01:307][131]LogModuleManager: Shutting down and abandoning module SteamVR (126)
[2016.09.15-15.41.01:307][131]LogModuleManager: Shutting down and abandoning module ProceduralMeshComponent (125)
[2016.09.15-15.41.01:307][131]LogModuleManager: Shutting down and abandoning module OculusLibrary (124)
[2016.09.15-15.41.01:307][131]LogModuleManager: Shutting down and abandoning module OculusInput (123)
[2016.09.15-15.41.01:307][131]LogModuleManager: Shutting down and abandoning module CustomMeshComponent (122)
[2016.09.15-15.41.01:307][131]LogModuleManager: Shutting down and abandoning module CableComponent (121)
[2016.09.15-15.41.01:307][131]LogModuleManager: Shutting down and abandoning module ArchVisCharacter (120)
[2016.09.15-15.41.01:307][131]LogModuleManager: Shutting down and abandoning module MediaPlayerEditor (119)
[2016.09.15-15.41.01:307][131]LogModuleManager: Shutting down and abandoning module HTML5Networking (118)
[2016.09.15-15.41.01:307][131]LogModuleManager: Shutting down and abandoning module SuperSearch (117)
[2016.09.15-15.41.01:307][131]LogModuleManager: Shutting down and abandoning module SuperSearchEditor (116)
[2016.09.15-15.41.01:307][131]LogModuleManager: Shutting down and abandoning module SpeedTreeImporter (115)
[2016.09.15-15.41.01:307][131]LogModuleManager: Shutting down and abandoning module PluginBrowser (114)
[2016.09.15-15.41.01:307][131]LogModuleManager: Shutting down and abandoning module EpicSurvey (113)
[2016.09.15-15.41.01:307][131]LogModuleManager: Shutting down and abandoning module DesktopPlatform (112)
[2016.09.15-15.41.01:307][131]LogModuleManager: Shutting down and abandoning module VisualStudioSourceCodeAccess (111)
[2016.09.15-15.41.01:307][131]LogModuleManager: Shutting down and abandoning module UObjectPlugin (110)
[2016.09.15-15.41.01:307][131]LogModuleManager: Shutting down and abandoning module SubversionSourceControl (109)
[2016.09.15-15.41.01:307][131]LogModuleManager: Shutting down and abandoning module PerforceSourceControl (108)
[2016.09.15-15.41.01:307][131]LogModuleManager: Shutting down and abandoning module SourceControl (107)
[2016.09.15-15.41.01:307][131]LogModuleManager: Shutting down and abandoning module GitSourceControl (106)
[2016.09.15-15.41.01:307][131]LogModuleManager: Shutting down and abandoning module LightPropagationVolumeEditor (105)
[2016.09.15-15.41.01:307][131]LogModuleManager: Shutting down and abandoning module PaperTiledImporter (104)
[2016.09.15-15.41.01:307][131]LogModuleManager: Shutting down and abandoning module PaperSpriteSheetImporter (103)
[2016.09.15-15.41.01:307][131]LogModuleManager: Shutting down and abandoning module MeshPaint (102)
[2016.09.15-15.41.01:308][131]LogModuleManager: Shutting down and abandoning module PixelInspectorModule (101)
[2016.09.15-15.41.01:308][131]LogModuleManager: Shutting down and abandoning module HotReload (100)
[2016.09.15-15.41.01:308][131]LogModuleManager: Shutting down and abandoning module MainFrame (99)
[2016.09.15-15.41.01:308][131]LogModuleManager: Shutting down and abandoning module LevelEditor (98)
[2016.09.15-15.41.01:308][131]LogModuleManager: Shutting down and abandoning module ContentBrowser (97)
[2016.09.15-15.41.01:309][131]LogModuleManager: Shutting down and abandoning module Paper2DEditor (96)
[2016.09.15-15.41.01:309][131]LogModuleManager: Shutting down and abandoning module UdpMessaging (95)
[2016.09.15-15.41.01:409][131]LogModuleManager: Shutting down and abandoning module SubstanceCore (94)
[2016.09.15-15.41.01:410][131]LogModuleManager: Shutting down and abandoning module LightPropagationVolumeRuntime (93)
[2016.09.15-15.41.01:410][131]LogModuleManager: Shutting down and abandoning module Paper2D (92)
[2016.09.15-15.41.01:410][131]LogModuleManager: Shutting down and abandoning module WindowsMoviePlayer (91)
[2016.09.15-15.41.01:410][131]LogModuleManager: Shutting down and abandoning module Media (90)
[2016.09.15-15.41.01:411][131]LogModuleManager: Shutting down and abandoning module WmfMedia (89)
[2016.09.15-15.41.01:411][131]LogModuleManager: Shutting down and abandoning module MediaAssets (88)
[2016.09.15-15.41.01:411][131]LogModuleManager: Shutting down and abandoning module GameLiveStreaming (87)
[2016.09.15-15.41.01:411][131]LogModuleManager: Shutting down and abandoning module GameplayTagsEditor (86)
[2016.09.15-15.41.01:411][131]LogModuleManager: Shutting down and abandoning module OnlineBlueprintSupport (85)
[2016.09.15-15.41.01:411][131]LogModuleManager: Shutting down and abandoning module VREditor (84)
[2016.09.15-15.41.01:411][131]LogModuleManager: Shutting down and abandoning module GameplayTasksEditor (83)
[2016.09.15-15.41.01:411][131]LogModuleManager: Shutting down and abandoning module PropertyEditor (82)
[2016.09.15-15.41.01:411][131]LogModuleManager: Shutting down and abandoning module BehaviorTreeEditor (81)
[2016.09.15-15.41.01:411][131]LogModuleManager: Shutting down and abandoning module FunctionalTesting (80)
[2016.09.15-15.41.01:411][131]LogModuleManager: Shutting down and abandoning module CollisionAnalyzer (79)
[2016.09.15-15.41.01:411][131]LogModuleManager: Shutting down and abandoning module Sequencer (78)
[2016.09.15-15.41.01:411][131]LogModuleManager: Shutting down and abandoning module WorkspaceMenuStructure (77)
[2016.09.15-15.41.01:411][131]LogModuleManager: Shutting down and abandoning module MessageLog (76)
[2016.09.15-15.41.01:411][131]LogModuleManager: Shutting down and abandoning module AssetTools (75)
[2016.09.15-15.41.01:411][131]LogModuleManager: Shutting down and abandoning module UMGEditor (74)
[2016.09.15-15.41.01:411][131]LogModuleManager: Shutting down and abandoning module UMG (73)
[2016.09.15-15.41.01:411][131]LogModuleManager: Shutting down and abandoning module SlateReflector (72)
[2016.09.15-15.41.01:411][131]LogModuleManager: Shutting down and abandoning module Slate (71)
[2016.09.15-15.41.01:411][131]LogModuleManager: Shutting down and abandoning module EditorStyle (70)
[2016.09.15-15.41.01:413][131]LogModuleManager: Shutting down and abandoning module SourceCodeAccess (69)
[2016.09.15-15.41.01:413][131]LogModuleManager: Shutting down and abandoning module HeadMountedDisplay (68)
[2016.09.15-15.41.01:413][131]LogModuleManager: Shutting down and abandoning module XAudio2 (67)
[2016.09.15-15.41.01:413][131]LogModuleManager: Shutting down and abandoning module Networking (65)
[2016.09.15-15.41.01:413][131]LogModuleManager: Shutting down and abandoning module Core (64)
[2016.09.15-15.41.01:413][131]LogModuleManager: Shutting down and abandoning module DirectoryWatcher (63)
[2016.09.15-15.41.01:414][131]LogModuleManager: Shutting down and abandoning module AssetRegistry (62)
[2016.09.15-15.41.01:591][131]LogModuleManager: Shutting down and abandoning module KismetCompiler (61)
[2016.09.15-15.41.01:591][131]LogModuleManager: Shutting down and abandoning module PhysXFormats (60)
[2016.09.15-15.41.01:591][131]LogModuleManager: Shutting down and abandoning module MeshUtilities (59)
[2016.09.15-15.41.01:591][131]LogModuleManager: Shutting down and abandoning module DerivedDataCache (58)
[2016.09.15-15.41.01:606][131]LogDerivedDataCache: Shutdown
[2016.09.15-15.41.01:606][131]LogModuleManager: Shutting down and abandoning module VulkanShaderFormat (57)
[2016.09.15-15.41.01:606][131]LogModuleManager: Shutting down and abandoning module ShaderFormatOpenGL (56)
[2016.09.15-15.41.01:606][131]LogModuleManager: Shutting down and abandoning module ShaderFormatD3D (55)
[2016.09.15-15.41.01:606][131]LogModuleManager: Shutting down and abandoning module MetalShaderFormat (54)
[2016.09.15-15.41.01:606][131]LogModuleManager: Shutting down and abandoning module TextureFormatUncompressed (53)
[2016.09.15-15.41.01:606][131]LogModuleManager: Shutting down and abandoning module TextureFormatPVR (52)
[2016.09.15-15.41.01:606][131]LogModuleManager: Shutting down and abandoning module TextureFormatIntelISPCTexComp (51)
[2016.09.15-15.41.01:606][131]LogModuleManager: Shutting down and abandoning module TextureFormatDXT (50)
[2016.09.15-15.41.01:606][131]LogModuleManager: Shutting down and abandoning module ImageWrapper (49)
[2016.09.15-15.41.01:606][131]LogModuleManager: Shutting down and abandoning module TextureFormatASTC (48)
[2016.09.15-15.41.01:606][131]LogModuleManager: Shutting down and abandoning module TextureFormatAndroid (47)
[2016.09.15-15.41.01:606][131]LogModuleManager: Shutting down and abandoning module AudioFormatOpus (46)
[2016.09.15-15.41.01:606][131]LogModuleManager: Shutting down and abandoning module AudioFormatOgg (45)
[2016.09.15-15.41.01:606][131]LogModuleManager: Shutting down and abandoning module AudioFormatADPCM (44)
[2016.09.15-15.41.01:606][131]LogModuleManager: Shutting down and abandoning module LinuxTargetPlatform (43)
[2016.09.15-15.41.01:606][131]LogModuleManager: Shutting down and abandoning module LinuxServerTargetPlatform (42)
[2016.09.15-15.41.01:606][131]LogModuleManager: Shutting down and abandoning module LinuxNoEditorTargetPlatform (41)
[2016.09.15-15.41.01:606][131]LogModuleManager: Shutting down and abandoning module TVOSTargetPlatform (40)
[2016.09.15-15.41.01:606][131]LogModuleManager: Shutting down and abandoning module Messaging (39)
[2016.09.15-15.41.01:606][131]LogModuleManager: Shutting down and abandoning module IOSTargetPlatform (38)
[2016.09.15-15.41.01:606][131]LogModuleManager: Shutting down and abandoning module HTML5TargetPlatform (37)
[2016.09.15-15.41.01:606][131]LogModuleManager: Shutting down and abandoning module Android_PVRTCTargetPlatform (36)
[2016.09.15-15.41.01:606][131]LogModuleManager: Shutting down and abandoning module Android_MultiTargetPlatform (35)
[2016.09.15-15.41.01:606][131]LogModuleManager: Shutting down and abandoning module Android_ETC2TargetPlatform (34)
[2016.09.15-15.41.01:606][131]LogModuleManager: Shutting down and abandoning module Android_ETC1TargetPlatform (33)
[2016.09.15-15.41.01:606][131]LogModuleManager: Shutting down and abandoning module Android_DXTTargetPlatform (32)
[2016.09.15-15.41.01:606][131]LogModuleManager: Shutting down and abandoning module Android_ATCTargetPlatform (31)
[2016.09.15-15.41.01:606][131]LogModuleManager: Shutting down and abandoning module Android_ASTCTargetPlatform (30)
[2016.09.15-15.41.01:606][131]LogModuleManager: Shutting down and abandoning module AndroidTargetPlatform (29)
[2016.09.15-15.41.01:606][131]LogModuleManager: Shutting down and abandoning module WindowsTargetPlatform (28)
[2016.09.15-15.41.01:606][131]LogModuleManager: Shutting down and abandoning module WindowsServerTargetPlatform (27)
[2016.09.15-15.41.01:606][131]LogModuleManager: Shutting down and abandoning module WindowsNoEditorTargetPlatform (26)
[2016.09.15-15.41.01:606][131]LogModuleManager: Shutting down and abandoning module WindowsClientTargetPlatform (25)
[2016.09.15-15.41.01:606][131]LogModuleManager: Shutting down and abandoning module AllDesktopTargetPlatform (24)
[2016.09.15-15.41.01:607][131]LogModuleManager: Shutting down and abandoning module TargetPlatform (23)
[2016.09.15-15.41.01:607][131]LogModuleManager: Shutting down and abandoning module InputCore (22)
[2016.09.15-15.41.01:607][131]LogModuleManager: Shutting down and abandoning module Settings (21)
[2016.09.15-15.41.01:607][131]LogModuleManager: Shutting down and abandoning module OnlineSubsystem (19)
[2016.09.15-15.41.01:607][131]LogModuleManager: Shutting down and abandoning module HTTP (18)
[2016.09.15-15.41.03:108][131]LogModuleManager: Shutting down and abandoning module XMPP (17)
[2016.09.15-15.41.03:108][131]LogModuleManager: Shutting down and abandoning module OculusRift (16)
[2016.09.15-15.41.03:108][131]LogModuleManager: Shutting down and abandoning module ExampleDeviceProfileSelector (15)
[2016.09.15-15.41.03:108][131]LogModuleManager: Shutting down and abandoning module TextureCompressor (14)
[2016.09.15-15.41.03:108][131]LogModuleManager: Shutting down and abandoning module ShaderCore (13)
[2016.09.15-15.41.03:108][131]LogModuleManager: Shutting down and abandoning module Landscape (12)
[2016.09.15-15.41.03:108][131]LogModuleManager: Shutting down and abandoning module SlateRHIRenderer (11)
[2016.09.15-15.41.03:109][131]LogModuleManager: Shutting down and abandoning module OpenGLDrv (10)
[2016.09.15-15.41.03:109][131]LogModuleManager: Shutting down and abandoning module D3D11RHI (9)
[2016.09.15-15.41.03:109][131]LogModuleManager: Shutting down and abandoning module AnimGraphRuntime (8)
[2016.09.15-15.41.03:109][131]LogModuleManager: Shutting down and abandoning module Renderer (7)
[2016.09.15-15.41.03:109][131]LogModuleManager: Shutting down and abandoning module Engine (6)
[2016.09.15-15.41.03:109][131]LogModuleManager: Shutting down and abandoning module CoreUObject (5)
[2016.09.15-15.41.03:109][131]LogModuleManager: Shutting down and abandoning module NetworkFile (4)
[2016.09.15-15.41.03:109][131]LogModuleManager: Shutting down and abandoning module StreamingFile (3)
[2016.09.15-15.41.03:109][131]LogModuleManager: Shutting down and abandoning module SandboxFile (2)
[2016.09.15-15.41.03:109][131]LogModuleManager: Shutting down and abandoning module PakFile (1)
[2016.09.15-15.41.03:111][131]LogExit: Exiting.
[2016.09.15-15.41.03:112][131]Log file closed, 09/15/16 09:41:03
